<?xml version="1.0" encoding="UTF-8"?>
<coverage generated="1689535724612" clover="3.2.0">
  <project timestamp="1689535724612" name="All files">
    <metrics statements="1105" coveredstatements="1062" conditionals="183" coveredconditionals="168" methods="92" coveredmethods="89" elements="1380" coveredelements="1319" complexity="0" loc="1105" ncloc="1105" packages="1" files="7" classes="7"/>
    <file name="b.ts" path="C:\repos\node-postgres\packages\pg-protocol\src\b.ts">
      <metrics statements="25" coveredstatements="0" conditionals="1" coveredconditionals="0" methods="1" coveredmethods="0"/>
      <line num="1" count="0" type="cond" truecount="0" falsecount="1"/>
      <line num="2" count="0" type="stmt"/>
      <line num="3" count="0" type="stmt"/>
      <line num="4" count="0" type="stmt"/>
      <line num="5" count="0" type="stmt"/>
      <line num="6" count="0" type="stmt"/>
      <line num="7" count="0" type="stmt"/>
      <line num="8" count="0" type="stmt"/>
      <line num="9" count="0" type="stmt"/>
      <line num="10" count="0" type="stmt"/>
      <line num="11" count="0" type="stmt"/>
      <line num="12" count="0" type="stmt"/>
      <line num="13" count="0" type="stmt"/>
      <line num="14" count="0" type="stmt"/>
      <line num="15" count="0" type="stmt"/>
      <line num="16" count="0" type="stmt"/>
      <line num="17" count="0" type="stmt"/>
      <line num="18" count="0" type="stmt"/>
      <line num="19" count="0" type="stmt"/>
      <line num="20" count="0" type="stmt"/>
      <line num="21" count="0" type="stmt"/>
      <line num="22" count="0" type="stmt"/>
      <line num="23" count="0" type="stmt"/>
      <line num="24" count="0" type="stmt"/>
      <line num="25" count="0" type="stmt"/>
    </file>
    <file name="buffer-reader.ts" path="C:\repos\node-postgres\packages\pg-protocol\src\buffer-reader.ts">
      <metrics statements="56" coveredstatements="56" conditionals="10" coveredconditionals="10" methods="9" coveredmethods="9"/>
      <line num="1" count="1" type="stmt"/>
      <line num="2" count="1" type="stmt"/>
      <line num="3" count="51" type="cond" truecount="1" falsecount="0"/>
      <line num="4" count="51" type="stmt"/>
      <line num="5" count="51" type="stmt"/>
      <line num="6" count="51" type="stmt"/>
      <line num="7" count="51" type="stmt"/>
      <line num="8" count="51" type="stmt"/>
      <line num="9" count="51" type="cond" truecount="1" falsecount="0"/>
      <line num="10" count="51" type="stmt"/>
      <line num="11" count="51" type="cond" truecount="1" falsecount="0"/>
      <line num="12" count="48" type="stmt"/>
      <line num="13" count="48" type="stmt"/>
      <line num="14" count="48" type="stmt"/>
      <line num="15" count="51" type="stmt"/>
      <line num="16" count="51" type="cond" truecount="1" falsecount="0"/>
      <line num="17" count="39" type="stmt"/>
      <line num="18" count="39" type="stmt"/>
      <line num="19" count="39" type="stmt"/>
      <line num="20" count="39" type="stmt"/>
      <line num="21" count="51" type="stmt"/>
      <line num="22" count="51" type="cond" truecount="1" falsecount="0"/>
      <line num="23" count="4" type="stmt"/>
      <line num="24" count="4" type="stmt"/>
      <line num="25" count="4" type="stmt"/>
      <line num="26" count="4" type="stmt"/>
      <line num="27" count="51" type="stmt"/>
      <line num="28" count="51" type="cond" truecount="1" falsecount="0"/>
      <line num="29" count="61" type="stmt"/>
      <line num="30" count="61" type="stmt"/>
      <line num="31" count="61" type="stmt"/>
      <line num="32" count="61" type="stmt"/>
      <line num="33" count="51" type="stmt"/>
      <line num="34" count="51" type="cond" truecount="1" falsecount="0"/>
      <line num="35" count="55" type="stmt"/>
      <line num="36" count="55" type="stmt"/>
      <line num="37" count="55" type="stmt"/>
      <line num="38" count="55" type="stmt"/>
      <line num="39" count="55" type="stmt"/>
      <line num="40" count="55" type="stmt"/>
      <line num="41" count="51" type="stmt"/>
      <line num="42" count="51" type="cond" truecount="1" falsecount="0"/>
      <line num="43" count="24" type="stmt"/>
      <line num="44" count="24" type="stmt"/>
      <line num="45" count="24" type="cond" truecount="1" falsecount="0"/>
      <line num="46" count="24" type="stmt"/>
      <line num="47" count="24" type="stmt"/>
      <line num="48" count="24" type="stmt"/>
      <line num="49" count="24" type="stmt"/>
      <line num="50" count="51" type="stmt"/>
      <line num="51" count="51" type="cond" truecount="1" falsecount="0"/>
      <line num="52" count="1" type="stmt"/>
      <line num="53" count="1" type="stmt"/>
      <line num="54" count="1" type="stmt"/>
      <line num="55" count="1" type="stmt"/>
      <line num="56" count="51" type="stmt"/>
    </file>
    <file name="buffer-writer.ts" path="C:\repos\node-postgres\packages\pg-protocol\src\buffer-writer.ts">
      <metrics statements="85" coveredstatements="78" conditionals="16" coveredconditionals="15" methods="10" coveredmethods="10"/>
      <line num="1" count="1" type="stmt"/>
      <line num="2" count="1" type="stmt"/>
      <line num="3" count="5" type="cond" truecount="1" falsecount="0"/>
      <line num="4" count="5" type="stmt"/>
      <line num="5" count="5" type="stmt"/>
      <line num="6" count="5" type="stmt"/>
      <line num="7" count="5" type="cond" truecount="1" falsecount="0"/>
      <line num="8" count="5" type="stmt"/>
      <line num="9" count="5" type="stmt"/>
      <line num="10" count="5" type="stmt"/>
      <line num="11" count="5" type="cond" truecount="1" falsecount="0"/>
      <line num="12" count="89" type="stmt"/>
      <line num="13" count="89" type="cond" truecount="0" falsecount="1"/>
      <line num="14" count="0" type="stmt"/>
      <line num="15" count="0" type="stmt"/>
      <line num="16" count="0" type="stmt"/>
      <line num="17" count="0" type="stmt"/>
      <line num="18" count="0" type="stmt"/>
      <line num="19" count="0" type="stmt"/>
      <line num="20" count="0" type="stmt"/>
      <line num="21" count="89" type="stmt"/>
      <line num="22" count="5" type="stmt"/>
      <line num="23" count="5" type="cond" truecount="1" falsecount="0"/>
      <line num="24" count="18" type="stmt"/>
      <line num="25" count="18" type="stmt"/>
      <line num="26" count="18" type="stmt"/>
      <line num="27" count="18" type="stmt"/>
      <line num="28" count="18" type="stmt"/>
      <line num="29" count="18" type="stmt"/>
      <line num="30" count="18" type="stmt"/>
      <line num="31" count="5" type="stmt"/>
      <line num="32" count="5" type="cond" truecount="1" falsecount="0"/>
      <line num="33" count="29" type="stmt"/>
      <line num="34" count="29" type="stmt"/>
      <line num="35" count="29" type="stmt"/>
      <line num="36" count="29" type="stmt"/>
      <line num="37" count="29" type="stmt"/>
      <line num="38" count="5" type="stmt"/>
      <line num="39" count="5" type="cond" truecount="1" falsecount="0"/>
      <line num="40" count="28" type="cond" truecount="1" falsecount="0"/>
      <line num="41" count="4" type="stmt"/>
      <line num="42" count="28" type="cond" truecount="1" falsecount="0"/>
      <line num="43" count="24" type="stmt"/>
      <line num="44" count="24" type="stmt"/>
      <line num="45" count="24" type="stmt"/>
      <line num="46" count="24" type="stmt"/>
      <line num="47" count="24" type="stmt"/>
      <line num="48" count="28" type="stmt"/>
      <line num="49" count="28" type="stmt"/>
      <line num="50" count="28" type="stmt"/>
      <line num="51" count="28" type="stmt"/>
      <line num="52" count="5" type="stmt"/>
      <line num="53" count="5" type="cond" truecount="1" falsecount="0"/>
      <line num="54" count="7" type="stmt"/>
      <line num="55" count="7" type="stmt"/>
      <line num="56" count="7" type="stmt"/>
      <line num="57" count="7" type="stmt"/>
      <line num="58" count="7" type="stmt"/>
      <line num="59" count="7" type="stmt"/>
      <line num="60" count="5" type="stmt"/>
      <line num="61" count="5" type="cond" truecount="1" falsecount="0"/>
      <line num="62" count="7" type="stmt"/>
      <line num="63" count="7" type="stmt"/>
      <line num="64" count="7" type="stmt"/>
      <line num="65" count="7" type="stmt"/>
      <line num="66" count="7" type="stmt"/>
      <line num="67" count="5" type="stmt"/>
      <line num="68" count="5" type="cond" truecount="1" falsecount="0"/>
      <line num="69" count="22" type="cond" truecount="1" falsecount="0"/>
      <line num="70" count="16" type="stmt"/>
      <line num="71" count="16" type="stmt"/>
      <line num="72" count="16" type="stmt"/>
      <line num="73" count="16" type="stmt"/>
      <line num="74" count="16" type="stmt"/>
      <line num="75" count="22" type="cond" truecount="2" falsecount="0"/>
      <line num="76" count="22" type="stmt"/>
      <line num="77" count="5" type="stmt"/>
      <line num="78" count="5" type="cond" truecount="1" falsecount="0"/>
      <line num="79" count="22" type="stmt"/>
      <line num="80" count="22" type="stmt"/>
      <line num="81" count="22" type="stmt"/>
      <line num="82" count="22" type="stmt"/>
      <line num="83" count="22" type="stmt"/>
      <line num="84" count="22" type="stmt"/>
      <line num="85" count="5" type="stmt"/>
    </file>
    <file name="index.ts" path="C:\repos\node-postgres\packages\pg-protocol\src\index.ts">
      <metrics statements="13" coveredstatements="13" conditionals="4" coveredconditionals="4" methods="3" coveredmethods="1"/>
      <line num="1" count="1" type="stmt"/>
      <line num="2" count="1" type="stmt"/>
      <line num="3" count="1" type="stmt"/>
      <line num="4" count="1" type="stmt"/>
      <line num="5" count="51" type="cond" truecount="1" falsecount="0"/>
      <line num="6" count="51" type="stmt"/>
      <line num="7" count="51" type="cond" truecount="1" falsecount="0"/>
      <line num="8" count="51" type="stmt"/>
      <line num="9" count="51" type="stmt"/>
      <line num="10" count="51" type="cond" truecount="2" falsecount="0"/>
      <line num="11" count="51" type="stmt"/>
      <line num="12" count="1" type="stmt"/>
      <line num="13" count="1" type="stmt"/>
    </file>
    <file name="messages.ts" path="C:\repos\node-postgres\packages\pg-protocol\src\messages.ts">
      <metrics statements="262" coveredstatements="262" conditionals="28" coveredconditionals="28" methods="28" coveredmethods="28"/>
      <line num="1" count="1" type="stmt"/>
      <line num="2" count="1" type="stmt"/>
      <line num="3" count="1" type="stmt"/>
      <line num="4" count="1" type="stmt"/>
      <line num="5" count="1" type="stmt"/>
      <line num="6" count="1" type="stmt"/>
      <line num="7" count="1" type="stmt"/>
      <line num="8" count="1" type="stmt"/>
      <line num="9" count="1" type="stmt"/>
      <line num="10" count="1" type="stmt"/>
      <line num="11" count="1" type="stmt"/>
      <line num="12" count="1" type="stmt"/>
      <line num="13" count="1" type="stmt"/>
      <line num="14" count="1" type="stmt"/>
      <line num="15" count="1" type="stmt"/>
      <line num="16" count="1" type="stmt"/>
      <line num="17" count="1" type="stmt"/>
      <line num="18" count="1" type="stmt"/>
      <line num="19" count="1" type="stmt"/>
      <line num="20" count="1" type="stmt"/>
      <line num="21" count="1" type="stmt"/>
      <line num="22" count="1" type="stmt"/>
      <line num="23" count="1" type="stmt"/>
      <line num="24" count="1" type="stmt"/>
      <line num="25" count="1" type="stmt"/>
      <line num="26" count="1" type="stmt"/>
      <line num="27" count="1" type="stmt"/>
      <line num="28" count="1" type="stmt"/>
      <line num="29" count="1" type="stmt"/>
      <line num="30" count="1" type="stmt"/>
      <line num="31" count="1" type="stmt"/>
      <line num="32" count="1" type="stmt"/>
      <line num="33" count="1" type="stmt"/>
      <line num="34" count="1" type="stmt"/>
      <line num="35" count="1" type="stmt"/>
      <line num="36" count="1" type="stmt"/>
      <line num="37" count="1" type="stmt"/>
      <line num="38" count="1" type="stmt"/>
      <line num="39" count="1" type="stmt"/>
      <line num="40" count="1" type="stmt"/>
      <line num="41" count="1" type="stmt"/>
      <line num="42" count="1" type="stmt"/>
      <line num="43" count="1" type="stmt"/>
      <line num="44" count="1" type="stmt"/>
      <line num="45" count="1" type="stmt"/>
      <line num="46" count="1" type="stmt"/>
      <line num="47" count="1" type="stmt"/>
      <line num="48" count="1" type="stmt"/>
      <line num="49" count="1" type="stmt"/>
      <line num="50" count="1" type="stmt"/>
      <line num="51" count="1" type="stmt"/>
      <line num="52" count="1" type="stmt"/>
      <line num="53" count="1" type="stmt"/>
      <line num="54" count="1" type="stmt"/>
      <line num="55" count="1" type="stmt"/>
      <line num="56" count="1" type="stmt"/>
      <line num="57" count="1" type="stmt"/>
      <line num="58" count="1" type="stmt"/>
      <line num="59" count="1" type="stmt"/>
      <line num="60" count="1" type="stmt"/>
      <line num="61" count="1" type="stmt"/>
      <line num="62" count="1" type="stmt"/>
      <line num="63" count="1" type="stmt"/>
      <line num="64" count="1" type="stmt"/>
      <line num="65" count="1" type="stmt"/>
      <line num="66" count="1" type="stmt"/>
      <line num="67" count="1" type="stmt"/>
      <line num="68" count="1" type="stmt"/>
      <line num="69" count="1" type="stmt"/>
      <line num="70" count="1" type="stmt"/>
      <line num="71" count="1" type="stmt"/>
      <line num="72" count="1" type="stmt"/>
      <line num="73" count="1" type="stmt"/>
      <line num="74" count="1" type="stmt"/>
      <line num="75" count="1" type="stmt"/>
      <line num="76" count="1" type="stmt"/>
      <line num="77" count="1" type="stmt"/>
      <line num="78" count="1" type="stmt"/>
      <line num="79" count="1" type="stmt"/>
      <line num="80" count="1" type="stmt"/>
      <line num="81" count="1" type="stmt"/>
      <line num="82" count="1" type="stmt"/>
      <line num="83" count="1" type="stmt"/>
      <line num="84" count="1" type="stmt"/>
      <line num="85" count="1" type="stmt"/>
      <line num="86" count="1" type="stmt"/>
      <line num="87" count="1" type="stmt"/>
      <line num="88" count="1" type="stmt"/>
      <line num="89" count="1" type="stmt"/>
      <line num="90" count="1" type="stmt"/>
      <line num="91" count="1" type="stmt"/>
      <line num="92" count="1" type="stmt"/>
      <line num="93" count="1" type="stmt"/>
      <line num="94" count="1" type="stmt"/>
      <line num="95" count="1" type="stmt"/>
      <line num="96" count="1" type="stmt"/>
      <line num="97" count="2" type="cond" truecount="1" falsecount="0"/>
      <line num="98" count="2" type="stmt"/>
      <line num="99" count="2" type="stmt"/>
      <line num="100" count="2" type="stmt"/>
      <line num="101" count="2" type="stmt"/>
      <line num="102" count="2" type="stmt"/>
      <line num="103" count="2" type="stmt"/>
      <line num="104" count="2" type="stmt"/>
      <line num="105" count="2" type="stmt"/>
      <line num="106" count="2" type="stmt"/>
      <line num="107" count="2" type="stmt"/>
      <line num="108" count="2" type="stmt"/>
      <line num="109" count="2" type="stmt"/>
      <line num="110" count="2" type="stmt"/>
      <line num="111" count="2" type="stmt"/>
      <line num="112" count="2" type="stmt"/>
      <line num="113" count="2" type="stmt"/>
      <line num="114" count="2" type="cond" truecount="1" falsecount="0"/>
      <line num="115" count="2" type="stmt"/>
      <line num="116" count="2" type="stmt"/>
      <line num="117" count="2" type="stmt"/>
      <line num="118" count="2" type="stmt"/>
      <line num="119" count="2" type="stmt"/>
      <line num="120" count="2" type="stmt"/>
      <line num="121" count="2" type="stmt"/>
      <line num="122" count="1" type="stmt"/>
      <line num="123" count="1" type="cond" truecount="1" falsecount="0"/>
      <line num="124" count="1" type="stmt"/>
      <line num="125" count="1" type="cond" truecount="1" falsecount="0"/>
      <line num="126" count="1" type="stmt"/>
      <line num="127" count="1" type="stmt"/>
      <line num="128" count="1" type="stmt"/>
      <line num="129" count="1" type="stmt"/>
      <line num="130" count="1" type="stmt"/>
      <line num="131" count="4" type="cond" truecount="1" falsecount="0"/>
      <line num="132" count="4" type="stmt"/>
      <line num="133" count="4" type="cond" truecount="1" falsecount="0"/>
      <line num="134" count="4" type="stmt"/>
      <line num="135" count="4" type="stmt"/>
      <line num="136" count="4" type="stmt"/>
      <line num="137" count="4" type="stmt"/>
      <line num="138" count="4" type="stmt"/>
      <line num="139" count="4" type="stmt"/>
      <line num="140" count="4" type="stmt"/>
      <line num="141" count="4" type="stmt"/>
      <line num="142" count="1" type="stmt"/>
      <line num="143" count="3" type="cond" truecount="1" falsecount="0"/>
      <line num="144" count="3" type="cond" truecount="1" falsecount="0"/>
      <line num="145" count="3" type="stmt"/>
      <line num="146" count="3" type="stmt"/>
      <line num="147" count="3" type="stmt"/>
      <line num="148" count="3" type="stmt"/>
      <line num="149" count="3" type="stmt"/>
      <line num="150" count="3" type="stmt"/>
      <line num="151" count="3" type="stmt"/>
      <line num="152" count="3" type="stmt"/>
      <line num="153" count="3" type="stmt"/>
      <line num="154" count="1" type="stmt"/>
      <line num="155" count="3" type="cond" truecount="1" falsecount="0"/>
      <line num="156" count="3" type="stmt"/>
      <line num="157" count="3" type="stmt"/>
      <line num="158" count="3" type="cond" truecount="1" falsecount="0"/>
      <line num="159" count="3" type="stmt"/>
      <line num="160" count="3" type="stmt"/>
      <line num="161" count="3" type="stmt"/>
      <line num="162" count="3" type="stmt"/>
      <line num="163" count="3" type="stmt"/>
      <line num="164" count="3" type="stmt"/>
      <line num="165" count="1" type="stmt"/>
      <line num="166" count="3" type="cond" truecount="1" falsecount="0"/>
      <line num="167" count="3" type="stmt"/>
      <line num="168" count="3" type="stmt"/>
      <line num="169" count="3" type="cond" truecount="1" falsecount="0"/>
      <line num="170" count="3" type="stmt"/>
      <line num="171" count="3" type="stmt"/>
      <line num="172" count="3" type="stmt"/>
      <line num="173" count="3" type="stmt"/>
      <line num="174" count="3" type="stmt"/>
      <line num="175" count="3" type="stmt"/>
      <line num="176" count="1" type="stmt"/>
      <line num="177" count="1" type="cond" truecount="1" falsecount="0"/>
      <line num="178" count="1" type="stmt"/>
      <line num="179" count="1" type="cond" truecount="1" falsecount="0"/>
      <line num="180" count="1" type="stmt"/>
      <line num="181" count="1" type="stmt"/>
      <line num="182" count="1" type="stmt"/>
      <line num="183" count="1" type="stmt"/>
      <line num="184" count="1" type="stmt"/>
      <line num="185" count="1" type="stmt"/>
      <line num="186" count="1" type="cond" truecount="1" falsecount="0"/>
      <line num="187" count="1" type="stmt"/>
      <line num="188" count="1" type="cond" truecount="1" falsecount="0"/>
      <line num="189" count="1" type="stmt"/>
      <line num="190" count="1" type="stmt"/>
      <line num="191" count="1" type="stmt"/>
      <line num="192" count="1" type="stmt"/>
      <line num="193" count="1" type="stmt"/>
      <line num="194" count="1" type="cond" truecount="1" falsecount="0"/>
      <line num="195" count="1" type="stmt"/>
      <line num="196" count="1" type="cond" truecount="1" falsecount="0"/>
      <line num="197" count="1" type="stmt"/>
      <line num="198" count="1" type="stmt"/>
      <line num="199" count="1" type="stmt"/>
      <line num="200" count="1" type="stmt"/>
      <line num="201" count="1" type="stmt"/>
      <line num="202" count="1" type="stmt"/>
      <line num="203" count="1" type="cond" truecount="1" falsecount="0"/>
      <line num="204" count="1" type="stmt"/>
      <line num="205" count="1" type="cond" truecount="1" falsecount="0"/>
      <line num="206" count="1" type="stmt"/>
      <line num="207" count="1" type="stmt"/>
      <line num="208" count="1" type="stmt"/>
      <line num="209" count="1" type="stmt"/>
      <line num="210" count="1" type="stmt"/>
      <line num="211" count="1" type="stmt"/>
      <line num="212" count="1" type="stmt"/>
      <line num="213" count="8" type="cond" truecount="1" falsecount="0"/>
      <line num="214" count="8" type="stmt"/>
      <line num="215" count="8" type="cond" truecount="1" falsecount="0"/>
      <line num="216" count="8" type="stmt"/>
      <line num="217" count="8" type="stmt"/>
      <line num="218" count="8" type="stmt"/>
      <line num="219" count="8" type="stmt"/>
      <line num="220" count="1" type="stmt"/>
      <line num="221" count="1" type="cond" truecount="1" falsecount="0"/>
      <line num="222" count="1" type="stmt"/>
      <line num="223" count="1" type="cond" truecount="1" falsecount="0"/>
      <line num="224" count="1" type="stmt"/>
      <line num="225" count="1" type="stmt"/>
      <line num="226" count="1" type="stmt"/>
      <line num="227" count="1" type="stmt"/>
      <line num="228" count="1" type="stmt"/>
      <line num="229" count="15" type="cond" truecount="1" falsecount="0"/>
      <line num="230" count="15" type="stmt"/>
      <line num="231" count="15" type="stmt"/>
      <line num="232" count="15" type="cond" truecount="1" falsecount="0"/>
      <line num="233" count="15" type="stmt"/>
      <line num="234" count="15" type="stmt"/>
      <line num="235" count="15" type="stmt"/>
      <line num="236" count="15" type="stmt"/>
      <line num="237" count="15" type="stmt"/>
      <line num="238" count="15" type="stmt"/>
      <line num="239" count="1" type="stmt"/>
      <line num="240" count="1" type="cond" truecount="1" falsecount="0"/>
      <line num="241" count="1" type="cond" truecount="1" falsecount="0"/>
      <line num="242" count="1" type="stmt"/>
      <line num="243" count="1" type="stmt"/>
      <line num="244" count="1" type="stmt"/>
      <line num="245" count="1" type="stmt"/>
      <line num="246" count="1" type="stmt"/>
      <line num="247" count="1" type="stmt"/>
      <line num="248" count="1" type="stmt"/>
      <line num="249" count="1" type="stmt"/>
      <line num="250" count="1" type="stmt"/>
      <line num="251" count="1" type="stmt"/>
      <line num="252" count="1" type="stmt"/>
      <line num="253" count="1" type="stmt"/>
      <line num="254" count="1" type="stmt"/>
      <line num="255" count="1" type="stmt"/>
      <line num="256" count="1" type="stmt"/>
      <line num="257" count="1" type="stmt"/>
      <line num="258" count="1" type="stmt"/>
      <line num="259" count="1" type="stmt"/>
      <line num="260" count="1" type="stmt"/>
      <line num="261" count="1" type="stmt"/>
      <line num="262" count="1" type="stmt"/>
    </file>
    <file name="parser.ts" path="C:\repos\node-postgres\packages\pg-protocol\src\parser.ts">
      <metrics statements="390" coveredstatements="385" conditionals="76" coveredconditionals="70" methods="20" coveredmethods="20"/>
      <line num="1" count="1" type="stmt"/>
      <line num="2" count="1" type="stmt"/>
      <line num="3" count="1" type="stmt"/>
      <line num="4" count="1" type="stmt"/>
      <line num="5" count="1" type="stmt"/>
      <line num="6" count="1" type="stmt"/>
      <line num="7" count="1" type="stmt"/>
      <line num="8" count="1" type="stmt"/>
      <line num="9" count="1" type="stmt"/>
      <line num="10" count="1" type="stmt"/>
      <line num="11" count="1" type="stmt"/>
      <line num="12" count="1" type="stmt"/>
      <line num="13" count="1" type="stmt"/>
      <line num="14" count="1" type="stmt"/>
      <line num="15" count="1" type="stmt"/>
      <line num="16" count="1" type="stmt"/>
      <line num="17" count="1" type="stmt"/>
      <line num="18" count="1" type="stmt"/>
      <line num="19" count="1" type="stmt"/>
      <line num="20" count="1" type="stmt"/>
      <line num="21" count="1" type="stmt"/>
      <line num="22" count="1" type="stmt"/>
      <line num="23" count="1" type="stmt"/>
      <line num="24" count="1" type="stmt"/>
      <line num="25" count="1" type="stmt"/>
      <line num="26" count="1" type="stmt"/>
      <line num="27" count="1" type="stmt"/>
      <line num="28" count="1" type="stmt"/>
      <line num="29" count="1" type="stmt"/>
      <line num="30" count="1" type="stmt"/>
      <line num="31" count="1" type="stmt"/>
      <line num="32" count="1" type="stmt"/>
      <line num="33" count="1" type="stmt"/>
      <line num="34" count="1" type="stmt"/>
      <line num="35" count="1" type="stmt"/>
      <line num="36" count="1" type="stmt"/>
      <line num="37" count="1" type="stmt"/>
      <line num="38" count="1" type="stmt"/>
      <line num="39" count="1" type="stmt"/>
      <line num="40" count="1" type="stmt"/>
      <line num="41" count="1" type="stmt"/>
      <line num="42" count="1" type="stmt"/>
      <line num="43" count="1" type="stmt"/>
      <line num="44" count="1" type="stmt"/>
      <line num="45" count="1" type="stmt"/>
      <line num="46" count="1" type="stmt"/>
      <line num="47" count="1" type="stmt"/>
      <line num="48" count="1" type="stmt"/>
      <line num="49" count="1" type="stmt"/>
      <line num="50" count="1" type="stmt"/>
      <line num="51" count="1" type="cond" truecount="1" falsecount="0"/>
      <line num="52" count="1" type="stmt"/>
      <line num="53" count="1" type="stmt"/>
      <line num="54" count="1" type="stmt"/>
      <line num="55" count="1" type="stmt"/>
      <line num="56" count="1" type="stmt"/>
      <line num="57" count="1" type="stmt"/>
      <line num="58" count="1" type="stmt"/>
      <line num="59" count="1" type="stmt"/>
      <line num="60" count="1" type="stmt"/>
      <line num="61" count="1" type="stmt"/>
      <line num="62" count="1" type="stmt"/>
      <line num="63" count="1" type="stmt"/>
      <line num="64" count="1" type="stmt"/>
      <line num="65" count="1" type="stmt"/>
      <line num="66" count="1" type="stmt"/>
      <line num="67" count="1" type="stmt"/>
      <line num="68" count="1" type="stmt"/>
      <line num="69" count="1" type="stmt"/>
      <line num="70" count="1" type="stmt"/>
      <line num="71" count="1" type="stmt"/>
      <line num="72" count="1" type="stmt"/>
      <line num="73" count="1" type="stmt"/>
      <line num="74" count="1" type="stmt"/>
      <line num="75" count="1" type="stmt"/>
      <line num="76" count="1" type="stmt"/>
      <line num="77" count="1" type="stmt"/>
      <line num="78" count="51" type="cond" truecount="1" falsecount="0"/>
      <line num="79" count="51" type="stmt"/>
      <line num="80" count="51" type="stmt"/>
      <line num="81" count="51" type="stmt"/>
      <line num="82" count="51" type="stmt"/>
      <line num="83" count="51" type="stmt"/>
      <line num="84" count="51" type="stmt"/>
      <line num="85" count="51" type="stmt"/>
      <line num="86" count="51" type="cond" truecount="1" falsecount="0"/>
      <line num="87" count="51" type="cond" truecount="0" falsecount="2"/>
      <line num="88" count="0" type="stmt"/>
      <line num="89" count="0" type="stmt"/>
      <line num="90" count="51" type="stmt"/>
      <line num="91" count="51" type="stmt"/>
      <line num="92" count="51" type="stmt"/>
      <line num="93" count="51" type="cond" truecount="1" falsecount="0"/>
      <line num="94" count="57" type="stmt"/>
      <line num="95" count="57" type="stmt"/>
      <line num="96" count="57" type="stmt"/>
      <line num="97" count="57" type="cond" truecount="1" falsecount="0"/>
      <line num="98" count="62" type="stmt"/>
      <line num="99" count="62" type="stmt"/>
      <line num="100" count="62" type="stmt"/>
      <line num="101" count="62" type="stmt"/>
      <line num="102" count="62" type="stmt"/>
      <line num="103" count="62" type="cond" truecount="1" falsecount="0"/>
      <line num="104" count="58" type="stmt"/>
      <line num="105" count="58" type="stmt"/>
      <line num="106" count="58" type="stmt"/>
      <line num="107" count="62" type="cond" truecount="1" falsecount="0"/>
      <line num="108" count="4" type="stmt"/>
      <line num="109" count="4" type="stmt"/>
      <line num="110" count="62" type="stmt"/>
      <line num="111" count="57" type="cond" truecount="1" falsecount="0"/>
      <line num="112" count="49" type="stmt"/>
      <line num="113" count="49" type="stmt"/>
      <line num="114" count="49" type="stmt"/>
      <line num="115" count="49" type="stmt"/>
      <line num="116" count="57" type="cond" truecount="1" falsecount="0"/>
      <line num="117" count="8" type="stmt"/>
      <line num="118" count="8" type="stmt"/>
      <line num="119" count="8" type="stmt"/>
      <line num="120" count="8" type="stmt"/>
      <line num="121" count="57" type="stmt"/>
      <line num="122" count="51" type="stmt"/>
      <line num="123" count="51" type="cond" truecount="1" falsecount="0"/>
      <line num="124" count="57" type="cond" truecount="1" falsecount="0"/>
      <line num="125" count="6" type="stmt"/>
      <line num="126" count="6" type="stmt"/>
      <line num="127" count="6" type="stmt"/>
      <line num="128" count="6" type="stmt"/>
      <line num="129" count="6" type="stmt"/>
      <line num="130" count="6" type="cond" truecount="2" falsecount="0"/>
      <line num="131" count="1" type="stmt"/>
      <line num="132" count="1" type="stmt"/>
      <line num="133" count="6" type="cond" truecount="1" falsecount="0"/>
      <line num="134" count="5" type="stmt"/>
      <line num="135" count="5" type="stmt"/>
      <line num="136" count="5" type="cond" truecount="1" falsecount="0"/>
      <line num="137" count="8" type="stmt"/>
      <line num="138" count="8" type="stmt"/>
      <line num="139" count="5" type="stmt"/>
      <line num="140" count="5" type="stmt"/>
      <line num="141" count="6" type="stmt"/>
      <line num="142" count="6" type="stmt"/>
      <line num="143" count="6" type="stmt"/>
      <line num="144" count="6" type="stmt"/>
      <line num="145" count="6" type="stmt"/>
      <line num="146" count="6" type="stmt"/>
      <line num="147" count="6" type="stmt"/>
      <line num="148" count="6" type="stmt"/>
      <line num="149" count="57" type="cond" truecount="1" falsecount="0"/>
      <line num="150" count="51" type="stmt"/>
      <line num="151" count="51" type="stmt"/>
      <line num="152" count="51" type="stmt"/>
      <line num="153" count="51" type="stmt"/>
      <line num="154" count="57" type="stmt"/>
      <line num="155" count="51" type="stmt"/>
      <line num="156" count="51" type="cond" truecount="1" falsecount="0"/>
      <line num="157" count="58" type="stmt"/>
      <line num="158" count="58" type="cond" truecount="1" falsecount="0"/>
      <line num="159" count="2" type="stmt"/>
      <line num="160" count="58" type="cond" truecount="1" falsecount="0"/>
      <line num="161" count="1" type="stmt"/>
      <line num="162" count="58" type="cond" truecount="1" falsecount="0"/>
      <line num="163" count="1" type="stmt"/>
      <line num="164" count="58" type="cond" truecount="1" falsecount="0"/>
      <line num="165" count="1" type="stmt"/>
      <line num="166" count="58" type="cond" truecount="1" falsecount="0"/>
      <line num="167" count="1" type="stmt"/>
      <line num="168" count="58" type="cond" truecount="1" falsecount="0"/>
      <line num="169" count="1" type="stmt"/>
      <line num="170" count="58" type="cond" truecount="1" falsecount="0"/>
      <line num="171" count="1" type="stmt"/>
      <line num="172" count="58" type="cond" truecount="1" falsecount="0"/>
      <line num="173" count="1" type="stmt"/>
      <line num="174" count="58" type="cond" truecount="1" falsecount="0"/>
      <line num="175" count="15" type="stmt"/>
      <line num="176" count="58" type="cond" truecount="1" falsecount="0"/>
      <line num="177" count="1" type="stmt"/>
      <line num="178" count="58" type="cond" truecount="1" falsecount="0"/>
      <line num="179" count="8" type="stmt"/>
      <line num="180" count="58" type="cond" truecount="1" falsecount="0"/>
      <line num="181" count="1" type="stmt"/>
      <line num="182" count="58" type="cond" truecount="1" falsecount="0"/>
      <line num="183" count="8" type="stmt"/>
      <line num="184" count="58" type="cond" truecount="1" falsecount="0"/>
      <line num="185" count="1" type="stmt"/>
      <line num="186" count="58" type="cond" truecount="1" falsecount="0"/>
      <line num="187" count="1" type="stmt"/>
      <line num="188" count="58" type="cond" truecount="1" falsecount="0"/>
      <line num="189" count="2" type="stmt"/>
      <line num="190" count="58" type="cond" truecount="1" falsecount="0"/>
      <line num="191" count="1" type="stmt"/>
      <line num="192" count="58" type="cond" truecount="1" falsecount="0"/>
      <line num="193" count="3" type="stmt"/>
      <line num="194" count="58" type="cond" truecount="1" falsecount="0"/>
      <line num="195" count="3" type="stmt"/>
      <line num="196" count="58" type="cond" truecount="1" falsecount="0"/>
      <line num="197" count="2" type="stmt"/>
      <line num="198" count="58" type="cond" truecount="1" falsecount="0"/>
      <line num="199" count="2" type="stmt"/>
      <line num="200" count="58" type="cond" truecount="1" falsecount="0"/>
      <line num="201" count="1" type="stmt"/>
      <line num="202" count="58" type="cond" truecount="0" falsecount="1"/>
      <line num="203" count="0" type="stmt"/>
      <line num="204" count="58" type="stmt"/>
      <line num="205" count="58" type="stmt"/>
      <line num="206" count="51" type="stmt"/>
      <line num="207" count="51" type="cond" truecount="1" falsecount="0"/>
      <line num="208" count="8" type="stmt"/>
      <line num="209" count="8" type="stmt"/>
      <line num="210" count="8" type="stmt"/>
      <line num="211" count="8" type="stmt"/>
      <line num="212" count="51" type="stmt"/>
      <line num="213" count="51" type="cond" truecount="1" falsecount="0"/>
      <line num="214" count="1" type="stmt"/>
      <line num="215" count="1" type="stmt"/>
      <line num="216" count="1" type="stmt"/>
      <line num="217" count="1" type="stmt"/>
      <line num="218" count="51" type="stmt"/>
      <line num="219" count="51" type="cond" truecount="1" falsecount="0"/>
      <line num="220" count="1" type="stmt"/>
      <line num="221" count="1" type="stmt"/>
      <line num="222" count="1" type="stmt"/>
      <line num="223" count="51" type="stmt"/>
      <line num="224" count="51" type="cond" truecount="1" falsecount="0"/>
      <line num="225" count="2" type="stmt"/>
      <line num="226" count="2" type="stmt"/>
      <line num="227" count="51" type="stmt"/>
      <line num="228" count="51" type="cond" truecount="1" falsecount="0"/>
      <line num="229" count="2" type="stmt"/>
      <line num="230" count="2" type="stmt"/>
      <line num="231" count="51" type="stmt"/>
      <line num="232" count="51" type="cond" truecount="1" falsecount="0"/>
      <line num="233" count="4" type="stmt"/>
      <line num="234" count="4" type="stmt"/>
      <line num="235" count="4" type="stmt"/>
      <line num="236" count="4" type="stmt"/>
      <line num="237" count="4" type="cond" truecount="1" falsecount="0"/>
      <line num="238" count="5" type="stmt"/>
      <line num="239" count="5" type="stmt"/>
      <line num="240" count="4" type="stmt"/>
      <line num="241" count="4" type="stmt"/>
      <line num="242" count="51" type="stmt"/>
      <line num="243" count="51" type="cond" truecount="1" falsecount="0"/>
      <line num="244" count="1" type="stmt"/>
      <line num="245" count="1" type="stmt"/>
      <line num="246" count="1" type="stmt"/>
      <line num="247" count="1" type="stmt"/>
      <line num="248" count="1" type="stmt"/>
      <line num="249" count="1" type="stmt"/>
      <line num="250" count="51" type="stmt"/>
      <line num="251" count="51" type="cond" truecount="1" falsecount="0"/>
      <line num="252" count="3" type="stmt"/>
      <line num="253" count="3" type="stmt"/>
      <line num="254" count="3" type="stmt"/>
      <line num="255" count="3" type="stmt"/>
      <line num="256" count="3" type="stmt"/>
      <line num="257" count="3" type="stmt"/>
      <line num="258" count="3" type="stmt"/>
      <line num="259" count="3" type="stmt"/>
      <line num="260" count="51" type="stmt"/>
      <line num="261" count="51" type="cond" truecount="1" falsecount="0"/>
      <line num="262" count="3" type="stmt"/>
      <line num="263" count="3" type="stmt"/>
      <line num="264" count="3" type="stmt"/>
      <line num="265" count="3" type="stmt"/>
      <line num="266" count="3" type="stmt"/>
      <line num="267" count="3" type="stmt"/>
      <line num="268" count="3" type="cond" truecount="0" falsecount="1"/>
      <line num="269" count="3" type="stmt"/>
      <line num="270" count="3" type="stmt"/>
      <line num="271" count="51" type="stmt"/>
      <line num="272" count="51" type="cond" truecount="1" falsecount="0"/>
      <line num="273" count="3" type="stmt"/>
      <line num="274" count="3" type="stmt"/>
      <line num="275" count="3" type="stmt"/>
      <line num="276" count="3" type="stmt"/>
      <line num="277" count="3" type="stmt"/>
      <line num="278" count="3" type="stmt"/>
      <line num="279" count="3" type="stmt"/>
      <line num="280" count="3" type="stmt"/>
      <line num="281" count="51" type="stmt"/>
      <line num="282" count="51" type="cond" truecount="1" falsecount="0"/>
      <line num="283" count="15" type="stmt"/>
      <line num="284" count="15" type="stmt"/>
      <line num="285" count="15" type="stmt"/>
      <line num="286" count="15" type="cond" truecount="1" falsecount="0"/>
      <line num="287" count="38" type="stmt"/>
      <line num="288" count="38" type="stmt"/>
      <line num="289" count="38" type="cond" truecount="2" falsecount="0"/>
      <line num="290" count="38" type="stmt"/>
      <line num="291" count="15" type="stmt"/>
      <line num="292" count="15" type="stmt"/>
      <line num="293" count="51" type="stmt"/>
      <line num="294" count="51" type="cond" truecount="1" falsecount="0"/>
      <line num="295" count="1" type="stmt"/>
      <line num="296" count="1" type="stmt"/>
      <line num="297" count="1" type="stmt"/>
      <line num="298" count="1" type="stmt"/>
      <line num="299" count="1" type="stmt"/>
      <line num="300" count="51" type="stmt"/>
      <line num="301" count="51" type="cond" truecount="1" falsecount="0"/>
      <line num="302" count="1" type="stmt"/>
      <line num="303" count="1" type="stmt"/>
      <line num="304" count="1" type="stmt"/>
      <line num="305" count="1" type="stmt"/>
      <line num="306" count="1" type="stmt"/>
      <line num="307" count="51" type="stmt"/>
      <line num="308" count="51" type="cond" truecount="1" falsecount="0"/>
      <line num="309" count="8" type="stmt"/>
      <line num="310" count="8" type="stmt"/>
      <line num="311" count="8" type="stmt"/>
      <line num="312" count="8" type="stmt"/>
      <line num="313" count="8" type="stmt"/>
      <line num="314" count="8" type="stmt"/>
      <line num="315" count="8" type="stmt"/>
      <line num="316" count="8" type="stmt"/>
      <line num="317" count="8" type="stmt"/>
      <line num="318" count="8" type="cond" truecount="1" falsecount="0"/>
      <line num="319" count="1" type="stmt"/>
      <line num="320" count="8" type="cond" truecount="1" falsecount="0"/>
      <line num="321" count="1" type="stmt"/>
      <line num="322" count="1" type="stmt"/>
      <line num="323" count="1" type="stmt"/>
      <line num="324" count="1" type="stmt"/>
      <line num="325" count="8" type="cond" truecount="1" falsecount="0"/>
      <line num="326" count="1" type="stmt"/>
      <line num="327" count="1" type="stmt"/>
      <line num="328" count="1" type="stmt"/>
      <line num="329" count="1" type="stmt"/>
      <line num="330" count="1" type="stmt"/>
      <line num="331" count="0" type="cond" truecount="0" falsecount="1"/>
      <line num="332" count="8" type="cond" truecount="1" falsecount="0"/>
      <line num="333" count="1" type="stmt"/>
      <line num="334" count="1" type="stmt"/>
      <line num="335" count="1" type="stmt"/>
      <line num="336" count="1" type="cond" truecount="1" falsecount="0"/>
      <line num="337" count="2" type="stmt"/>
      <line num="338" count="2" type="stmt"/>
      <line num="339" count="2" type="cond" truecount="1" falsecount="0"/>
      <line num="340" count="1" type="stmt"/>
      <line num="341" count="1" type="stmt"/>
      <line num="342" count="1" type="stmt"/>
      <line num="343" count="1" type="stmt"/>
      <line num="344" count="8" type="cond" truecount="1" falsecount="0"/>
      <line num="345" count="2" type="stmt"/>
      <line num="346" count="2" type="stmt"/>
      <line num="347" count="2" type="stmt"/>
      <line num="348" count="8" type="cond" truecount="1" falsecount="0"/>
      <line num="349" count="2" type="stmt"/>
      <line num="350" count="2" type="stmt"/>
      <line num="351" count="2" type="stmt"/>
      <line num="352" count="8" type="cond" truecount="0" falsecount="1"/>
      <line num="353" count="0" type="stmt"/>
      <line num="354" count="8" type="stmt"/>
      <line num="355" count="7" type="cond" truecount="1" falsecount="0"/>
      <line num="356" count="7" type="stmt"/>
      <line num="357" count="51" type="stmt"/>
      <line num="358" count="51" type="cond" truecount="1" falsecount="0"/>
      <line num="359" count="3" type="stmt"/>
      <line num="360" count="3" type="stmt"/>
      <line num="361" count="3" type="stmt"/>
      <line num="362" count="3" type="cond" truecount="1" falsecount="0"/>
      <line num="363" count="14" type="stmt"/>
      <line num="364" count="14" type="stmt"/>
      <line num="365" count="14" type="stmt"/>
      <line num="366" count="3" type="stmt"/>
      <line num="367" count="3" type="stmt"/>
      <line num="368" count="3" type="stmt"/>
      <line num="369" count="3" type="stmt"/>
      <line num="370" count="3" type="cond" truecount="2" falsecount="0"/>
      <line num="371" count="3" type="stmt"/>
      <line num="372" count="3" type="stmt"/>
      <line num="373" count="3" type="stmt"/>
      <line num="374" count="3" type="stmt"/>
      <line num="375" count="3" type="stmt"/>
      <line num="376" count="3" type="stmt"/>
      <line num="377" count="3" type="stmt"/>
      <line num="378" count="3" type="stmt"/>
      <line num="379" count="3" type="stmt"/>
      <line num="380" count="3" type="stmt"/>
      <line num="381" count="3" type="stmt"/>
      <line num="382" count="3" type="stmt"/>
      <line num="383" count="3" type="stmt"/>
      <line num="384" count="3" type="stmt"/>
      <line num="385" count="3" type="stmt"/>
      <line num="386" count="3" type="stmt"/>
      <line num="387" count="3" type="stmt"/>
      <line num="388" count="3" type="stmt"/>
      <line num="389" count="3" type="stmt"/>
      <line num="390" count="51" type="stmt"/>
    </file>
    <file name="serializer.ts" path="C:\repos\node-postgres\packages\pg-protocol\src\serializer.ts">
      <metrics statements="274" coveredstatements="268" conditionals="48" coveredconditionals="41" methods="21" coveredmethods="21"/>
      <line num="1" count="1" type="stmt"/>
      <line num="2" count="1" type="stmt"/>
      <line num="3" count="2" type="cond" truecount="1" falsecount="0"/>
      <line num="4" count="2" type="stmt"/>
      <line num="5" count="2" type="stmt"/>
      <line num="6" count="2" type="stmt"/>
      <line num="7" count="2" type="stmt"/>
      <line num="8" count="2" type="stmt"/>
      <line num="9" count="2" type="stmt"/>
      <line num="10" count="2" type="stmt"/>
      <line num="11" count="2" type="stmt"/>
      <line num="12" count="2" type="stmt"/>
      <line num="13" count="2" type="stmt"/>
      <line num="14" count="2" type="stmt"/>
      <line num="15" count="2" type="stmt"/>
      <line num="16" count="2" type="stmt"/>
      <line num="17" count="2" type="stmt"/>
      <line num="18" count="1" type="stmt"/>
      <line num="19" count="1" type="stmt"/>
      <line num="20" count="1" type="stmt"/>
      <line num="21" count="1" type="cond" truecount="1" falsecount="0"/>
      <line num="22" count="1" type="stmt"/>
      <line num="23" count="1" type="stmt"/>
      <line num="24" count="1" type="cond" truecount="1" falsecount="0"/>
      <line num="25" count="2" type="stmt"/>
      <line num="26" count="2" type="stmt"/>
      <line num="27" count="1" type="stmt"/>
      <line num="28" count="1" type="stmt"/>
      <line num="29" count="1" type="stmt"/>
      <line num="30" count="1" type="stmt"/>
      <line num="31" count="1" type="stmt"/>
      <line num="32" count="1" type="stmt"/>
      <line num="33" count="1" type="stmt"/>
      <line num="34" count="1" type="stmt"/>
      <line num="35" count="1" type="stmt"/>
      <line num="36" count="1" type="stmt"/>
      <line num="37" count="1" type="stmt"/>
      <line num="38" count="1" type="cond" truecount="1" falsecount="0"/>
      <line num="39" count="1" type="stmt"/>
      <line num="40" count="1" type="stmt"/>
      <line num="41" count="1" type="stmt"/>
      <line num="42" count="1" type="stmt"/>
      <line num="43" count="1" type="stmt"/>
      <line num="44" count="1" type="stmt"/>
      <line num="45" count="1" type="cond" truecount="1" falsecount="0"/>
      <line num="46" count="1" type="stmt"/>
      <line num="47" count="1" type="stmt"/>
      <line num="48" count="1" type="stmt"/>
      <line num="49" count="1" type="cond" truecount="1" falsecount="0"/>
      <line num="50" count="1" type="stmt"/>
      <line num="51" count="1" type="stmt"/>
      <line num="52" count="1" type="stmt"/>
      <line num="53" count="1" type="stmt"/>
      <line num="54" count="1" type="stmt"/>
      <line num="55" count="1" type="stmt"/>
      <line num="56" count="1" type="cond" truecount="1" falsecount="0"/>
      <line num="57" count="1" type="stmt"/>
      <line num="58" count="1" type="stmt"/>
      <line num="59" count="1" type="stmt"/>
      <line num="60" count="1" type="cond" truecount="1" falsecount="0"/>
      <line num="61" count="1" type="stmt"/>
      <line num="62" count="1" type="stmt"/>
      <line num="63" count="1" type="stmt"/>
      <line num="64" count="1" type="stmt"/>
      <line num="65" count="1" type="stmt"/>
      <line num="66" count="1" type="stmt"/>
      <line num="67" count="1" type="stmt"/>
      <line num="68" count="1" type="stmt"/>
      <line num="69" count="1" type="stmt"/>
      <line num="70" count="1" type="stmt"/>
      <line num="71" count="1" type="stmt"/>
      <line num="72" count="1" type="cond" truecount="1" falsecount="0"/>
      <line num="73" count="3" type="stmt"/>
      <line num="74" count="3" type="stmt"/>
      <line num="75" count="3" type="stmt"/>
      <line num="76" count="3" type="stmt"/>
      <line num="77" count="3" type="stmt"/>
      <line num="78" count="3" type="stmt"/>
      <line num="79" count="3" type="cond" truecount="1" falsecount="0"/>
      <line num="80" count="3" type="cond" truecount="0" falsecount="1"/>
      <line num="81" count="0" type="stmt"/>
      <line num="82" count="0" type="stmt"/>
      <line num="83" count="0" type="stmt"/>
      <line num="84" count="0" type="stmt"/>
      <line num="85" count="0" type="stmt"/>
      <line num="86" count="0" type="stmt"/>
      <line num="87" count="3" type="stmt"/>
      <line num="88" count="3" type="cond" truecount="1" falsecount="0"/>
      <line num="89" count="3" type="stmt"/>
      <line num="90" count="3" type="stmt"/>
      <line num="91" count="3" type="stmt"/>
      <line num="92" count="3" type="stmt"/>
      <line num="93" count="3" type="stmt"/>
      <line num="94" count="3" type="stmt"/>
      <line num="95" count="3" type="stmt"/>
      <line num="96" count="3" type="stmt"/>
      <line num="97" count="3" type="cond" truecount="1" falsecount="0"/>
      <line num="98" count="4" type="stmt"/>
      <line num="99" count="4" type="stmt"/>
      <line num="100" count="3" type="stmt"/>
      <line num="101" count="3" type="stmt"/>
      <line num="102" count="3" type="stmt"/>
      <line num="103" count="1" type="stmt"/>
      <line num="104" count="1" type="stmt"/>
      <line num="105" count="1" type="stmt"/>
      <line num="106" count="1" type="stmt"/>
      <line num="107" count="1" type="stmt"/>
      <line num="108" count="1" type="stmt"/>
      <line num="109" count="1" type="stmt"/>
      <line num="110" count="1" type="stmt"/>
      <line num="111" count="1" type="stmt"/>
      <line num="112" count="1" type="stmt"/>
      <line num="113" count="1" type="stmt"/>
      <line num="114" count="1" type="stmt"/>
      <line num="115" count="1" type="stmt"/>
      <line num="116" count="1" type="stmt"/>
      <line num="117" count="1" type="stmt"/>
      <line num="118" count="2" type="cond" truecount="1" falsecount="0"/>
      <line num="119" count="2" type="stmt"/>
      <line num="120" count="2" type="stmt"/>
      <line num="121" count="2" type="stmt"/>
      <line num="122" count="1" type="stmt"/>
      <line num="123" count="1" type="cond" truecount="1" falsecount="0"/>
      <line num="124" count="4" type="cond" truecount="1" falsecount="0"/>
      <line num="125" count="12" type="cond" truecount="2" falsecount="0"/>
      <line num="126" count="12" type="cond" truecount="1" falsecount="0"/>
      <line num="127" count="6" type="stmt"/>
      <line num="128" count="6" type="stmt"/>
      <line num="129" count="6" type="stmt"/>
      <line num="130" count="6" type="stmt"/>
      <line num="131" count="6" type="cond" truecount="1" falsecount="0"/>
      <line num="132" count="1" type="stmt"/>
      <line num="133" count="1" type="stmt"/>
      <line num="134" count="1" type="stmt"/>
      <line num="135" count="1" type="stmt"/>
      <line num="136" count="1" type="stmt"/>
      <line num="137" count="6" type="cond" truecount="1" falsecount="0"/>
      <line num="138" count="5" type="stmt"/>
      <line num="139" count="5" type="stmt"/>
      <line num="140" count="5" type="stmt"/>
      <line num="141" count="5" type="stmt"/>
      <line num="142" count="5" type="stmt"/>
      <line num="143" count="12" type="stmt"/>
      <line num="144" count="4" type="stmt"/>
      <line num="145" count="1" type="stmt"/>
      <line num="146" count="1" type="cond" truecount="1" falsecount="0"/>
      <line num="147" count="4" type="stmt"/>
      <line num="148" count="4" type="cond" truecount="1" falsecount="0"/>
      <line num="149" count="4" type="cond" truecount="1" falsecount="0"/>
      <line num="150" count="4" type="stmt"/>
      <line num="151" count="4" type="cond" truecount="1" falsecount="0"/>
      <line num="152" count="4" type="stmt"/>
      <line num="153" count="4" type="stmt"/>
      <line num="154" count="4" type="stmt"/>
      <line num="155" count="4" type="stmt"/>
      <line num="156" count="4" type="stmt"/>
      <line num="157" count="4" type="stmt"/>
      <line num="158" count="4" type="stmt"/>
      <line num="159" count="4" type="stmt"/>
      <line num="160" count="4" type="stmt"/>
      <line num="161" count="4" type="stmt"/>
      <line num="162" count="4" type="stmt"/>
      <line num="163" count="4" type="cond" truecount="0" falsecount="1"/>
      <line num="164" count="4" type="stmt"/>
      <line num="165" count="4" type="stmt"/>
      <line num="166" count="1" type="stmt"/>
      <line num="167" count="1" type="stmt"/>
      <line num="168" count="1" type="stmt"/>
      <line num="169" count="1" type="stmt"/>
      <line num="170" count="1" type="stmt"/>
      <line num="171" count="1" type="stmt"/>
      <line num="172" count="1" type="stmt"/>
      <line num="173" count="1" type="stmt"/>
      <line num="174" count="1" type="cond" truecount="1" falsecount="0"/>
      <line num="175" count="2" type="stmt"/>
      <line num="176" count="2" type="cond" truecount="2" falsecount="1"/>
      <line num="177" count="1" type="stmt"/>
      <line num="178" count="1" type="stmt"/>
      <line num="179" count="1" type="stmt"/>
      <line num="180" count="2" type="cond" truecount="0" falsecount="1"/>
      <line num="181" count="2" type="cond" truecount="0" falsecount="1"/>
      <line num="182" count="2" type="stmt"/>
      <line num="183" count="2" type="stmt"/>
      <line num="184" count="2" type="stmt"/>
      <line num="185" count="2" type="stmt"/>
      <line num="186" count="2" type="stmt"/>
      <line num="187" count="2" type="stmt"/>
      <line num="188" count="2" type="stmt"/>
      <line num="189" count="2" type="stmt"/>
      <line num="190" count="2" type="stmt"/>
      <line num="191" count="2" type="stmt"/>
      <line num="192" count="2" type="stmt"/>
      <line num="193" count="2" type="stmt"/>
      <line num="194" count="1" type="stmt"/>
      <line num="195" count="1" type="cond" truecount="1" falsecount="0"/>
      <line num="196" count="1" type="stmt"/>
      <line num="197" count="1" type="stmt"/>
      <line num="198" count="1" type="stmt"/>
      <line num="199" count="1" type="stmt"/>
      <line num="200" count="1" type="stmt"/>
      <line num="201" count="1" type="stmt"/>
      <line num="202" count="1" type="stmt"/>
      <line num="203" count="1" type="stmt"/>
      <line num="204" count="1" type="stmt"/>
      <line num="205" count="1" type="stmt"/>
      <line num="206" count="1" type="stmt"/>
      <line num="207" count="1" type="stmt"/>
      <line num="208" count="1" type="stmt"/>
      <line num="209" count="1" type="stmt"/>
      <line num="210" count="1" type="cond" truecount="1" falsecount="0"/>
      <line num="211" count="4" type="stmt"/>
      <line num="212" count="4" type="stmt"/>
      <line num="213" count="4" type="stmt"/>
      <line num="214" count="4" type="stmt"/>
      <line num="215" count="4" type="stmt"/>
      <line num="216" count="4" type="stmt"/>
      <line num="217" count="4" type="stmt"/>
      <line num="218" count="4" type="stmt"/>
      <line num="219" count="4" type="stmt"/>
      <line num="220" count="4" type="stmt"/>
      <line num="221" count="1" type="stmt"/>
      <line num="222" count="1" type="stmt"/>
      <line num="223" count="1" type="stmt"/>
      <line num="224" count="1" type="stmt"/>
      <line num="225" count="1" type="cond" truecount="1" falsecount="0"/>
      <line num="226" count="2" type="stmt"/>
      <line num="227" count="2" type="cond" truecount="1" falsecount="1"/>
      <line num="228" count="2" type="cond" truecount="1" falsecount="0"/>
      <line num="229" count="1" type="stmt"/>
      <line num="230" count="2" type="cond" truecount="0" falsecount="1"/>
      <line num="231" count="2" type="stmt"/>
      <line num="232" count="1" type="stmt"/>
      <line num="233" count="1" type="cond" truecount="1" falsecount="0"/>
      <line num="234" count="2" type="cond" truecount="1" falsecount="0"/>
      <line num="235" count="2" type="stmt"/>
      <line num="236" count="2" type="stmt"/>
      <line num="237" count="1" type="stmt"/>
      <line num="238" count="1" type="cond" truecount="1" falsecount="0"/>
      <line num="239" count="1" type="stmt"/>
      <line num="240" count="1" type="stmt"/>
      <line num="241" count="1" type="stmt"/>
      <line num="242" count="1" type="cond" truecount="1" falsecount="0"/>
      <line num="243" count="1" type="stmt"/>
      <line num="244" count="1" type="stmt"/>
      <line num="245" count="1" type="stmt"/>
      <line num="246" count="1" type="cond" truecount="1" falsecount="0"/>
      <line num="247" count="1" type="stmt"/>
      <line num="248" count="1" type="stmt"/>
      <line num="249" count="1" type="stmt"/>
      <line num="250" count="1" type="stmt"/>
      <line num="251" count="1" type="stmt"/>
      <line num="252" count="1" type="stmt"/>
      <line num="253" count="1" type="stmt"/>
      <line num="254" count="1" type="stmt"/>
      <line num="255" count="1" type="stmt"/>
      <line num="256" count="1" type="stmt"/>
      <line num="257" count="1" type="stmt"/>
      <line num="258" count="1" type="stmt"/>
      <line num="259" count="1" type="stmt"/>
      <line num="260" count="1" type="stmt"/>
      <line num="261" count="1" type="stmt"/>
      <line num="262" count="1" type="stmt"/>
      <line num="263" count="1" type="stmt"/>
      <line num="264" count="1" type="stmt"/>
      <line num="265" count="1" type="cond" truecount="1" falsecount="0"/>
      <line num="266" count="1" type="cond" truecount="1" falsecount="0"/>
      <line num="267" count="1" type="cond" truecount="1" falsecount="0"/>
      <line num="268" count="1" type="stmt"/>
      <line num="269" count="1" type="cond" truecount="1" falsecount="0"/>
      <line num="270" count="1" type="stmt"/>
      <line num="271" count="1" type="stmt"/>
      <line num="272" count="1" type="stmt"/>
      <line num="273" count="1" type="stmt"/>
      <line num="274" count="1" type="stmt"/>
    </file>
  </project>
</coverage>
