{"C:\\repos\\node-postgres\\packages\\pg-protocol\\src\\b.ts": {"path":"C:\\repos\\node-postgres\\packages\\pg-protocol\\src\\b.ts","all":true,"statementMap":{"0":{"start":{"line":1,"column":0},"end":{"line":1,"column":29}},"1":{"start":{"line":2,"column":0},"end":{"line":2,"column":0}},"2":{"start":{"line":3,"column":0},"end":{"line":3,"column":47}},"3":{"start":{"line":4,"column":0},"end":{"line":4,"column":0}},"4":{"start":{"line":5,"column":0},"end":{"line":5,"column":19}},"5":{"start":{"line":6,"column":0},"end":{"line":6,"column":14}},"6":{"start":{"line":7,"column":0},"end":{"line":7,"column":23}},"7":{"start":{"line":8,"column":0},"end":{"line":8,"column":0}},"8":{"start":{"line":9,"column":0},"end":{"line":9,"column":34}},"9":{"start":{"line":10,"column":0},"end":{"line":10,"column":60}},"10":{"start":{"line":11,"column":0},"end":{"line":11,"column":0}},"11":{"start":{"line":12,"column":0},"end":{"line":12,"column":19}},"12":{"start":{"line":13,"column":0},"end":{"line":13,"column":24}},"13":{"start":{"line":14,"column":0},"end":{"line":14,"column":40}},"14":{"start":{"line":15,"column":0},"end":{"line":15,"column":15}},"15":{"start":{"line":16,"column":0},"end":{"line":16,"column":5}},"16":{"start":{"line":17,"column":0},"end":{"line":17,"column":12}},"17":{"start":{"line":18,"column":0},"end":{"line":18,"column":37}},"18":{"start":{"line":19,"column":0},"end":{"line":19,"column":36}},"19":{"start":{"line":20,"column":0},"end":{"line":20,"column":25}},"20":{"start":{"line":21,"column":0},"end":{"line":21,"column":5}},"21":{"start":{"line":22,"column":0},"end":{"line":22,"column":22}},"22":{"start":{"line":23,"column":0},"end":{"line":23,"column":2}},"23":{"start":{"line":24,"column":0},"end":{"line":24,"column":0}},"24":{"start":{"line":25,"column":0},"end":{"line":25,"column":6}}},"s":{"0":0,"1":0,"2":0,"3":0,"4":0,"5":0,"6":0,"7":0,"8":0,"9":0,"10":0,"11":0,"12":0,"13":0,"14":0,"15":0,"16":0,"17":0,"18":0,"19":0,"20":0,"21":0,"22":0,"23":0,"24":0},"branchMap":{"0":{"type":"branch","line":1,"loc":{"start":{"line":1,"column":0},"end":{"line":25,"column":6}},"locations":[{"start":{"line":1,"column":0},"end":{"line":25,"column":6}}]}},"b":{"0":[0]},"fnMap":{"0":{"name":"(empty-report)","decl":{"start":{"line":1,"column":0},"end":{"line":25,"column":6}},"loc":{"start":{"line":1,"column":0},"end":{"line":25,"column":6}},"line":1}},"f":{"0":0}}
,"C:\\repos\\node-postgres\\packages\\pg-protocol\\src\\buffer-reader.ts": {"path":"C:\\repos\\node-postgres\\packages\\pg-protocol\\src\\buffer-reader.ts","all":false,"statementMap":{"0":{"start":{"line":1,"column":0},"end":{"line":1,"column":42}},"1":{"start":{"line":2,"column":0},"end":{"line":2,"column":0}},"2":{"start":{"line":3,"column":0},"end":{"line":3,"column":27}},"3":{"start":{"line":4,"column":0},"end":{"line":4,"column":41}},"4":{"start":{"line":5,"column":0},"end":{"line":5,"column":0}},"5":{"start":{"line":6,"column":0},"end":{"line":6,"column":44}},"6":{"start":{"line":7,"column":0},"end":{"line":7,"column":39}},"7":{"start":{"line":8,"column":0},"end":{"line":8,"column":0}},"8":{"start":{"line":9,"column":0},"end":{"line":9,"column":46}},"9":{"start":{"line":10,"column":0},"end":{"line":10,"column":0}},"10":{"start":{"line":11,"column":0},"end":{"line":11,"column":60}},"11":{"start":{"line":12,"column":0},"end":{"line":12,"column":29}},"12":{"start":{"line":13,"column":0},"end":{"line":13,"column":29}},"13":{"start":{"line":14,"column":0},"end":{"line":14,"column":5}},"14":{"start":{"line":15,"column":0},"end":{"line":15,"column":0}},"15":{"start":{"line":16,"column":0},"end":{"line":16,"column":28}},"16":{"start":{"line":17,"column":0},"end":{"line":17,"column":60}},"17":{"start":{"line":18,"column":0},"end":{"line":18,"column":25}},"18":{"start":{"line":19,"column":0},"end":{"line":19,"column":22}},"19":{"start":{"line":20,"column":0},"end":{"line":20,"column":5}},"20":{"start":{"line":21,"column":0},"end":{"line":21,"column":0}},"21":{"start":{"line":22,"column":0},"end":{"line":22,"column":27}},"22":{"start":{"line":23,"column":0},"end":{"line":23,"column":48}},"23":{"start":{"line":24,"column":0},"end":{"line":24,"column":22}},"24":{"start":{"line":25,"column":0},"end":{"line":25,"column":22}},"25":{"start":{"line":26,"column":0},"end":{"line":26,"column":5}},"26":{"start":{"line":27,"column":0},"end":{"line":27,"column":0}},"27":{"start":{"line":28,"column":0},"end":{"line":28,"column":28}},"28":{"start":{"line":29,"column":0},"end":{"line":29,"column":60}},"29":{"start":{"line":30,"column":0},"end":{"line":30,"column":25}},"30":{"start":{"line":31,"column":0},"end":{"line":31,"column":22}},"31":{"start":{"line":32,"column":0},"end":{"line":32,"column":5}},"32":{"start":{"line":33,"column":0},"end":{"line":33,"column":0}},"33":{"start":{"line":34,"column":0},"end":{"line":34,"column":43}},"34":{"start":{"line":35,"column":0},"end":{"line":35,"column":39}},"35":{"start":{"line":36,"column":0},"end":{"line":36,"column":20}},"36":{"start":{"line":37,"column":0},"end":{"line":37,"column":89}},"37":{"start":{"line":38,"column":0},"end":{"line":38,"column":30}},"38":{"start":{"line":39,"column":0},"end":{"line":39,"column":22}},"39":{"start":{"line":40,"column":0},"end":{"line":40,"column":5}},"40":{"start":{"line":41,"column":0},"end":{"line":41,"column":0}},"41":{"start":{"line":42,"column":0},"end":{"line":42,"column":30}},"42":{"start":{"line":43,"column":0},"end":{"line":43,"column":34}},"43":{"start":{"line":44,"column":0},"end":{"line":44,"column":24}},"44":{"start":{"line":45,"column":0},"end":{"line":45,"column":43}},"45":{"start":{"line":46,"column":0},"end":{"line":46,"column":26}},"46":{"start":{"line":47,"column":0},"end":{"line":47,"column":20}},"47":{"start":{"line":48,"column":0},"end":{"line":48,"column":67}},"48":{"start":{"line":49,"column":0},"end":{"line":49,"column":5}},"49":{"start":{"line":50,"column":0},"end":{"line":50,"column":0}},"50":{"start":{"line":51,"column":0},"end":{"line":51,"column":42}},"51":{"start":{"line":52,"column":0},"end":{"line":52,"column":76}},"52":{"start":{"line":53,"column":0},"end":{"line":53,"column":30}},"53":{"start":{"line":54,"column":0},"end":{"line":54,"column":22}},"54":{"start":{"line":55,"column":0},"end":{"line":55,"column":5}},"55":{"start":{"line":56,"column":0},"end":{"line":56,"column":1}}},"s":{"0":1,"1":1,"2":51,"3":51,"4":51,"5":51,"6":51,"7":51,"8":51,"9":51,"10":51,"11":48,"12":48,"13":48,"14":51,"15":51,"16":39,"17":39,"18":39,"19":39,"20":51,"21":51,"22":4,"23":4,"24":4,"25":4,"26":51,"27":51,"28":61,"29":61,"30":61,"31":61,"32":51,"33":51,"34":55,"35":55,"36":55,"37":55,"38":55,"39":55,"40":51,"41":51,"42":24,"43":24,"44":24,"45":24,"46":24,"47":24,"48":24,"49":51,"50":51,"51":1,"52":1,"53":1,"54":1,"55":51},"branchMap":{"0":{"type":"branch","line":3,"loc":{"start":{"line":3,"column":0},"end":{"line":56,"column":1}},"locations":[{"start":{"line":3,"column":0},"end":{"line":56,"column":1}}]},"1":{"type":"branch","line":9,"loc":{"start":{"line":9,"column":4},"end":{"line":9,"column":46}},"locations":[{"start":{"line":9,"column":4},"end":{"line":9,"column":46}}]},"2":{"type":"branch","line":11,"loc":{"start":{"line":11,"column":11},"end":{"line":14,"column":5}},"locations":[{"start":{"line":11,"column":11},"end":{"line":14,"column":5}}]},"3":{"type":"branch","line":16,"loc":{"start":{"line":16,"column":11},"end":{"line":20,"column":5}},"locations":[{"start":{"line":16,"column":11},"end":{"line":20,"column":5}}]},"4":{"type":"branch","line":22,"loc":{"start":{"line":22,"column":11},"end":{"line":26,"column":5}},"locations":[{"start":{"line":22,"column":11},"end":{"line":26,"column":5}}]},"5":{"type":"branch","line":28,"loc":{"start":{"line":28,"column":11},"end":{"line":32,"column":5}},"locations":[{"start":{"line":28,"column":11},"end":{"line":32,"column":5}}]},"6":{"type":"branch","line":34,"loc":{"start":{"line":34,"column":11},"end":{"line":40,"column":5}},"locations":[{"start":{"line":34,"column":11},"end":{"line":40,"column":5}}]},"7":{"type":"branch","line":42,"loc":{"start":{"line":42,"column":11},"end":{"line":49,"column":5}},"locations":[{"start":{"line":42,"column":11},"end":{"line":49,"column":5}}]},"8":{"type":"branch","line":45,"loc":{"start":{"line":45,"column":41},"end":{"line":45,"column":43}},"locations":[{"start":{"line":45,"column":41},"end":{"line":45,"column":43}}]},"9":{"type":"branch","line":51,"loc":{"start":{"line":51,"column":11},"end":{"line":55,"column":5}},"locations":[{"start":{"line":51,"column":11},"end":{"line":55,"column":5}}]}},"b":{"0":[51],"1":[51],"2":[48],"3":[39],"4":[4],"5":[61],"6":[55],"7":[24],"8":[125],"9":[1]},"fnMap":{"0":{"name":"<instance_members_initializer>","decl":{"start":{"line":3,"column":0},"end":{"line":56,"column":1}},"loc":{"start":{"line":3,"column":0},"end":{"line":56,"column":1}},"line":3},"1":{"name":"BufferReader","decl":{"start":{"line":9,"column":4},"end":{"line":9,"column":46}},"loc":{"start":{"line":9,"column":4},"end":{"line":9,"column":46}},"line":9},"2":{"name":"setBuffer","decl":{"start":{"line":11,"column":11},"end":{"line":14,"column":5}},"loc":{"start":{"line":11,"column":11},"end":{"line":14,"column":5}},"line":11},"3":{"name":"int16","decl":{"start":{"line":16,"column":11},"end":{"line":20,"column":5}},"loc":{"start":{"line":16,"column":11},"end":{"line":20,"column":5}},"line":16},"4":{"name":"byte","decl":{"start":{"line":22,"column":11},"end":{"line":26,"column":5}},"loc":{"start":{"line":22,"column":11},"end":{"line":26,"column":5}},"line":22},"5":{"name":"int32","decl":{"start":{"line":28,"column":11},"end":{"line":32,"column":5}},"loc":{"start":{"line":28,"column":11},"end":{"line":32,"column":5}},"line":28},"6":{"name":"string","decl":{"start":{"line":34,"column":11},"end":{"line":40,"column":5}},"loc":{"start":{"line":34,"column":11},"end":{"line":40,"column":5}},"line":34},"7":{"name":"cstring","decl":{"start":{"line":42,"column":11},"end":{"line":49,"column":5}},"loc":{"start":{"line":42,"column":11},"end":{"line":49,"column":5}},"line":42},"8":{"name":"bytes","decl":{"start":{"line":51,"column":11},"end":{"line":55,"column":5}},"loc":{"start":{"line":51,"column":11},"end":{"line":55,"column":5}},"line":51}},"f":{"0":51,"1":51,"2":48,"3":39,"4":4,"5":61,"6":55,"7":24,"8":1}}
,"C:\\repos\\node-postgres\\packages\\pg-protocol\\src\\buffer-writer.ts": {"path":"C:\\repos\\node-postgres\\packages\\pg-protocol\\src\\buffer-writer.ts","all":false,"statementMap":{"0":{"start":{"line":1,"column":0},"end":{"line":1,"column":87}},"1":{"start":{"line":2,"column":0},"end":{"line":2,"column":0}},"2":{"start":{"line":3,"column":0},"end":{"line":3,"column":21}},"3":{"start":{"line":4,"column":0},"end":{"line":4,"column":27}},"4":{"start":{"line":5,"column":0},"end":{"line":5,"column":31}},"5":{"start":{"line":6,"column":0},"end":{"line":6,"column":39}},"6":{"start":{"line":7,"column":0},"end":{"line":7,"column":37}},"7":{"start":{"line":8,"column":0},"end":{"line":8,"column":47}},"8":{"start":{"line":9,"column":0},"end":{"line":9,"column":5}},"9":{"start":{"line":10,"column":0},"end":{"line":10,"column":0}},"10":{"start":{"line":11,"column":0},"end":{"line":11,"column":40}},"11":{"start":{"line":12,"column":0},"end":{"line":12,"column":57}},"12":{"start":{"line":13,"column":0},"end":{"line":13,"column":31}},"13":{"start":{"line":14,"column":0},"end":{"line":14,"column":40}},"14":{"start":{"line":15,"column":0},"end":{"line":15,"column":56}},"15":{"start":{"line":16,"column":0},"end":{"line":16,"column":81}},"16":{"start":{"line":17,"column":0},"end":{"line":17,"column":76}},"17":{"start":{"line":18,"column":0},"end":{"line":18,"column":54}},"18":{"start":{"line":19,"column":0},"end":{"line":19,"column":40}},"19":{"start":{"line":20,"column":0},"end":{"line":20,"column":9}},"20":{"start":{"line":21,"column":0},"end":{"line":21,"column":5}},"21":{"start":{"line":22,"column":0},"end":{"line":22,"column":0}},"22":{"start":{"line":23,"column":0},"end":{"line":23,"column":42}},"23":{"start":{"line":24,"column":0},"end":{"line":24,"column":23}},"24":{"start":{"line":25,"column":0},"end":{"line":25,"column":57}},"25":{"start":{"line":26,"column":0},"end":{"line":26,"column":57}},"26":{"start":{"line":27,"column":0},"end":{"line":27,"column":56}},"27":{"start":{"line":28,"column":0},"end":{"line":28,"column":56}},"28":{"start":{"line":29,"column":0},"end":{"line":29,"column":20}},"29":{"start":{"line":30,"column":0},"end":{"line":30,"column":5}},"30":{"start":{"line":31,"column":0},"end":{"line":31,"column":0}},"31":{"start":{"line":32,"column":0},"end":{"line":32,"column":42}},"32":{"start":{"line":33,"column":0},"end":{"line":33,"column":23}},"33":{"start":{"line":34,"column":0},"end":{"line":34,"column":56}},"34":{"start":{"line":35,"column":0},"end":{"line":35,"column":56}},"35":{"start":{"line":36,"column":0},"end":{"line":36,"column":20}},"36":{"start":{"line":37,"column":0},"end":{"line":37,"column":5}},"37":{"start":{"line":38,"column":0},"end":{"line":38,"column":0}},"38":{"start":{"line":39,"column":0},"end":{"line":39,"column":47}},"39":{"start":{"line":40,"column":0},"end":{"line":40,"column":22}},"40":{"start":{"line":41,"column":0},"end":{"line":41,"column":27}},"41":{"start":{"line":42,"column":0},"end":{"line":42,"column":16}},"42":{"start":{"line":43,"column":0},"end":{"line":43,"column":48}},"43":{"start":{"line":44,"column":0},"end":{"line":44,"column":59}},"44":{"start":{"line":45,"column":0},"end":{"line":45,"column":60}},"45":{"start":{"line":46,"column":0},"end":{"line":46,"column":31}},"46":{"start":{"line":47,"column":0},"end":{"line":47,"column":9}},"47":{"start":{"line":48,"column":0},"end":{"line":48,"column":0}},"48":{"start":{"line":49,"column":0},"end":{"line":49,"column":58}},"49":{"start":{"line":50,"column":0},"end":{"line":50,"column":20}},"50":{"start":{"line":51,"column":0},"end":{"line":51,"column":5}},"51":{"start":{"line":52,"column":0},"end":{"line":52,"column":0}},"52":{"start":{"line":53,"column":0},"end":{"line":53,"column":51}},"53":{"start":{"line":54,"column":0},"end":{"line":54,"column":44}},"54":{"start":{"line":55,"column":0},"end":{"line":55,"column":25}},"55":{"start":{"line":56,"column":0},"end":{"line":56,"column":47}},"56":{"start":{"line":57,"column":0},"end":{"line":57,"column":27}},"57":{"start":{"line":58,"column":0},"end":{"line":58,"column":20}},"58":{"start":{"line":59,"column":0},"end":{"line":59,"column":5}},"59":{"start":{"line":60,"column":0},"end":{"line":60,"column":0}},"60":{"start":{"line":61,"column":0},"end":{"line":61,"column":45}},"61":{"start":{"line":62,"column":0},"end":{"line":62,"column":40}},"62":{"start":{"line":63,"column":0},"end":{"line":63,"column":51}},"63":{"start":{"line":64,"column":0},"end":{"line":64,"column":42}},"64":{"start":{"line":65,"column":0},"end":{"line":65,"column":20}},"65":{"start":{"line":66,"column":0},"end":{"line":66,"column":5}},"66":{"start":{"line":67,"column":0},"end":{"line":67,"column":0}},"67":{"start":{"line":68,"column":0},"end":{"line":68,"column":41}},"68":{"start":{"line":69,"column":0},"end":{"line":69,"column":19}},"69":{"start":{"line":70,"column":0},"end":{"line":70,"column":52}},"70":{"start":{"line":71,"column":0},"end":{"line":71,"column":64}},"71":{"start":{"line":72,"column":0},"end":{"line":72,"column":67}},"72":{"start":{"line":73,"column":0},"end":{"line":73,"column":70}},"73":{"start":{"line":74,"column":0},"end":{"line":74,"column":9}},"74":{"start":{"line":75,"column":0},"end":{"line":75,"column":60}},"75":{"start":{"line":76,"column":0},"end":{"line":76,"column":5}},"76":{"start":{"line":77,"column":0},"end":{"line":77,"column":0}},"77":{"start":{"line":78,"column":0},"end":{"line":78,"column":41}},"78":{"start":{"line":79,"column":0},"end":{"line":79,"column":37}},"79":{"start":{"line":80,"column":0},"end":{"line":80,"column":24}},"80":{"start":{"line":81,"column":0},"end":{"line":81,"column":32}},"81":{"start":{"line":82,"column":0},"end":{"line":82,"column":52}},"82":{"start":{"line":83,"column":0},"end":{"line":83,"column":22}},"83":{"start":{"line":84,"column":0},"end":{"line":84,"column":5}},"84":{"start":{"line":85,"column":0},"end":{"line":85,"column":1}}},"s":{"0":1,"1":1,"2":5,"3":5,"4":5,"5":5,"6":5,"7":5,"8":5,"9":5,"10":5,"11":89,"12":89,"13":0,"14":0,"15":0,"16":0,"17":0,"18":0,"19":0,"20":89,"21":5,"22":5,"23":18,"24":18,"25":18,"26":18,"27":18,"28":18,"29":18,"30":5,"31":5,"32":29,"33":29,"34":29,"35":29,"36":29,"37":5,"38":5,"39":28,"40":4,"41":28,"42":24,"43":24,"44":24,"45":24,"46":24,"47":28,"48":28,"49":28,"50":28,"51":5,"52":5,"53":7,"54":7,"55":7,"56":7,"57":7,"58":7,"59":5,"60":5,"61":7,"62":7,"63":7,"64":7,"65":7,"66":5,"67":5,"68":22,"69":16,"70":16,"71":16,"72":16,"73":16,"74":22,"75":22,"76":5,"77":5,"78":22,"79":22,"80":22,"81":22,"82":22,"83":22,"84":5},"branchMap":{"0":{"type":"branch","line":3,"loc":{"start":{"line":3,"column":0},"end":{"line":85,"column":1}},"locations":[{"start":{"line":3,"column":0},"end":{"line":85,"column":1}}]},"1":{"type":"branch","line":7,"loc":{"start":{"line":7,"column":4},"end":{"line":9,"column":5}},"locations":[{"start":{"line":7,"column":4},"end":{"line":9,"column":5}}]},"2":{"type":"branch","line":11,"loc":{"start":{"line":11,"column":12},"end":{"line":21,"column":5}},"locations":[{"start":{"line":11,"column":12},"end":{"line":21,"column":5}}]},"3":{"type":"branch","line":13,"loc":{"start":{"line":13,"column":30},"end":{"line":20,"column":9}},"locations":[{"start":{"line":13,"column":30},"end":{"line":20,"column":9}}]},"4":{"type":"branch","line":23,"loc":{"start":{"line":23,"column":11},"end":{"line":30,"column":5}},"locations":[{"start":{"line":23,"column":11},"end":{"line":30,"column":5}}]},"5":{"type":"branch","line":32,"loc":{"start":{"line":32,"column":11},"end":{"line":37,"column":5}},"locations":[{"start":{"line":32,"column":11},"end":{"line":37,"column":5}}]},"6":{"type":"branch","line":39,"loc":{"start":{"line":39,"column":11},"end":{"line":51,"column":5}},"locations":[{"start":{"line":39,"column":11},"end":{"line":51,"column":5}}]},"7":{"type":"branch","line":40,"loc":{"start":{"line":40,"column":21},"end":{"line":42,"column":15}},"locations":[{"start":{"line":40,"column":21},"end":{"line":42,"column":15}}]},"8":{"type":"branch","line":42,"loc":{"start":{"line":42,"column":9},"end":{"line":47,"column":9}},"locations":[{"start":{"line":42,"column":9},"end":{"line":47,"column":9}}]},"9":{"type":"branch","line":53,"loc":{"start":{"line":53,"column":11},"end":{"line":59,"column":5}},"locations":[{"start":{"line":53,"column":11},"end":{"line":59,"column":5}}]},"10":{"type":"branch","line":61,"loc":{"start":{"line":61,"column":11},"end":{"line":66,"column":5}},"locations":[{"start":{"line":61,"column":11},"end":{"line":66,"column":5}}]},"11":{"type":"branch","line":68,"loc":{"start":{"line":68,"column":12},"end":{"line":76,"column":5}},"locations":[{"start":{"line":68,"column":12},"end":{"line":76,"column":5}}]},"12":{"type":"branch","line":69,"loc":{"start":{"line":69,"column":18},"end":{"line":74,"column":9}},"locations":[{"start":{"line":69,"column":18},"end":{"line":74,"column":9}}]},"13":{"type":"branch","line":75,"loc":{"start":{"line":75,"column":38},"end":{"line":75,"column":41}},"locations":[{"start":{"line":75,"column":38},"end":{"line":75,"column":41}}]},"14":{"type":"branch","line":75,"loc":{"start":{"line":75,"column":42},"end":{"line":75,"column":45}},"locations":[{"start":{"line":75,"column":42},"end":{"line":75,"column":45}}]},"15":{"type":"branch","line":78,"loc":{"start":{"line":78,"column":11},"end":{"line":84,"column":5}},"locations":[{"start":{"line":78,"column":11},"end":{"line":84,"column":5}}]}},"b":{"0":[5],"1":[5],"2":[89],"3":[0],"4":[18],"5":[29],"6":[28],"7":[4],"8":[24],"9":[7],"10":[7],"11":[22],"12":[16],"13":[16],"14":[6],"15":[22]},"fnMap":{"0":{"name":"<instance_members_initializer>","decl":{"start":{"line":3,"column":0},"end":{"line":85,"column":1}},"loc":{"start":{"line":3,"column":0},"end":{"line":85,"column":1}},"line":3},"1":{"name":"Writer","decl":{"start":{"line":7,"column":4},"end":{"line":9,"column":5}},"loc":{"start":{"line":7,"column":4},"end":{"line":9,"column":5}},"line":7},"2":{"name":"ensure","decl":{"start":{"line":11,"column":12},"end":{"line":21,"column":5}},"loc":{"start":{"line":11,"column":12},"end":{"line":21,"column":5}},"line":11},"3":{"name":"addInt32","decl":{"start":{"line":23,"column":11},"end":{"line":30,"column":5}},"loc":{"start":{"line":23,"column":11},"end":{"line":30,"column":5}},"line":23},"4":{"name":"addInt16","decl":{"start":{"line":32,"column":11},"end":{"line":37,"column":5}},"loc":{"start":{"line":32,"column":11},"end":{"line":37,"column":5}},"line":32},"5":{"name":"addCString","decl":{"start":{"line":39,"column":11},"end":{"line":51,"column":5}},"loc":{"start":{"line":39,"column":11},"end":{"line":51,"column":5}},"line":39},"6":{"name":"addString","decl":{"start":{"line":53,"column":11},"end":{"line":59,"column":5}},"loc":{"start":{"line":53,"column":11},"end":{"line":59,"column":5}},"line":53},"7":{"name":"add","decl":{"start":{"line":61,"column":11},"end":{"line":66,"column":5}},"loc":{"start":{"line":61,"column":11},"end":{"line":66,"column":5}},"line":61},"8":{"name":"join","decl":{"start":{"line":68,"column":12},"end":{"line":76,"column":5}},"loc":{"start":{"line":68,"column":12},"end":{"line":76,"column":5}},"line":68},"9":{"name":"flush","decl":{"start":{"line":78,"column":11},"end":{"line":84,"column":5}},"loc":{"start":{"line":78,"column":11},"end":{"line":84,"column":5}},"line":78}},"f":{"0":5,"1":5,"2":89,"3":18,"4":29,"5":28,"6":7,"7":7,"8":22,"9":22}}
,"C:\\repos\\node-postgres\\packages\\pg-protocol\\src\\index.ts": {"path":"C:\\repos\\node-postgres\\packages\\pg-protocol\\src\\index.ts","all":false,"statementMap":{"0":{"start":{"line":1,"column":0},"end":{"line":1,"column":63}},"1":{"start":{"line":2,"column":0},"end":{"line":2,"column":41}},"2":{"start":{"line":3,"column":0},"end":{"line":3,"column":51}},"3":{"start":{"line":4,"column":0},"end":{"line":4,"column":0}},"4":{"start":{"line":5,"column":0},"end":{"line":5,"column":96}},"5":{"start":{"line":6,"column":0},"end":{"line":6,"column":32}},"6":{"start":{"line":7,"column":0},"end":{"line":7,"column":74}},"7":{"start":{"line":8,"column":0},"end":{"line":8,"column":0}},"8":{"start":{"line":9,"column":0},"end":{"line":9,"column":91}},"9":{"start":{"line":10,"column":0},"end":{"line":10,"column":71}},"10":{"start":{"line":11,"column":0},"end":{"line":11,"column":1}},"11":{"start":{"line":12,"column":0},"end":{"line":12,"column":0}},"12":{"start":{"line":13,"column":0},"end":{"line":13,"column":36}}},"s":{"0":1,"1":1,"2":1,"3":1,"4":51,"5":51,"6":51,"7":51,"8":51,"9":51,"10":51,"11":1,"12":1},"branchMap":{"0":{"type":"branch","line":5,"loc":{"start":{"line":5,"column":0},"end":{"line":11,"column":1}},"locations":[{"start":{"line":5,"column":0},"end":{"line":11,"column":1}}]},"1":{"type":"branch","line":7,"loc":{"start":{"line":7,"column":22},"end":{"line":7,"column":72}},"locations":[{"start":{"line":7,"column":22},"end":{"line":7,"column":72}}]},"2":{"type":"branch","line":10,"loc":{"start":{"line":10,"column":23},"end":{"line":10,"column":69}},"locations":[{"start":{"line":10,"column":23},"end":{"line":10,"column":69}}]},"3":{"type":"branch","line":10,"loc":{"start":{"line":10,"column":53},"end":{"line":10,"column":68}},"locations":[{"start":{"line":10,"column":53},"end":{"line":10,"column":68}}]}},"b":{"0":[51],"1":[57],"2":[51],"3":[51]},"fnMap":{"0":{"name":"get","decl":{"start":{"line":13,"column":20},"end":{"line":13,"column":33}},"loc":{"start":{"line":13,"column":20},"end":{"line":13,"column":33}},"line":13},"1":{"name":"get","decl":{"start":{"line":13,"column":9},"end":{"line":13,"column":18}},"loc":{"start":{"line":13,"column":9},"end":{"line":13,"column":18}},"line":13},"2":{"name":"parse","decl":{"start":{"line":5,"column":0},"end":{"line":11,"column":1}},"loc":{"start":{"line":5,"column":0},"end":{"line":11,"column":1}},"line":5}},"f":{"0":0,"1":0,"2":51}}
,"C:\\repos\\node-postgres\\packages\\pg-protocol\\src\\messages.ts": {"path":"C:\\repos\\node-postgres\\packages\\pg-protocol\\src\\messages.ts","all":false,"statementMap":{"0":{"start":{"line":1,"column":0},"end":{"line":1,"column":37}},"1":{"start":{"line":2,"column":0},"end":{"line":2,"column":0}},"2":{"start":{"line":3,"column":0},"end":{"line":3,"column":25}},"3":{"start":{"line":4,"column":0},"end":{"line":4,"column":21}},"4":{"start":{"line":5,"column":0},"end":{"line":5,"column":20}},"5":{"start":{"line":6,"column":0},"end":{"line":6,"column":21}},"6":{"start":{"line":7,"column":0},"end":{"line":7,"column":14}},"7":{"start":{"line":8,"column":0},"end":{"line":8,"column":23}},"8":{"start":{"line":9,"column":0},"end":{"line":9,"column":24}},"9":{"start":{"line":10,"column":0},"end":{"line":10,"column":18}},"10":{"start":{"line":11,"column":0},"end":{"line":11,"column":16}},"11":{"start":{"line":12,"column":0},"end":{"line":12,"column":16}},"12":{"start":{"line":13,"column":0},"end":{"line":13,"column":22}},"13":{"start":{"line":14,"column":0},"end":{"line":14,"column":28}},"14":{"start":{"line":15,"column":0},"end":{"line":15,"column":23}},"15":{"start":{"line":16,"column":0},"end":{"line":16,"column":22}},"16":{"start":{"line":17,"column":0},"end":{"line":17,"column":20}},"17":{"start":{"line":18,"column":0},"end":{"line":18,"column":21}},"18":{"start":{"line":19,"column":0},"end":{"line":19,"column":23}},"19":{"start":{"line":20,"column":0},"end":{"line":20,"column":15}},"20":{"start":{"line":21,"column":0},"end":{"line":21,"column":22}},"21":{"start":{"line":22,"column":0},"end":{"line":22,"column":23}},"22":{"start":{"line":23,"column":0},"end":{"line":23,"column":24}},"23":{"start":{"line":24,"column":0},"end":{"line":24,"column":33}},"24":{"start":{"line":25,"column":0},"end":{"line":25,"column":39}},"25":{"start":{"line":26,"column":0},"end":{"line":26,"column":26}},"26":{"start":{"line":27,"column":0},"end":{"line":27,"column":34}},"27":{"start":{"line":28,"column":0},"end":{"line":28,"column":31}},"28":{"start":{"line":29,"column":0},"end":{"line":29,"column":13}},"29":{"start":{"line":30,"column":0},"end":{"line":30,"column":15}},"30":{"start":{"line":31,"column":0},"end":{"line":31,"column":0}},"31":{"start":{"line":32,"column":0},"end":{"line":32,"column":33}},"32":{"start":{"line":33,"column":0},"end":{"line":33,"column":22}},"33":{"start":{"line":34,"column":0},"end":{"line":34,"column":19}},"34":{"start":{"line":35,"column":0},"end":{"line":35,"column":1}},"35":{"start":{"line":36,"column":0},"end":{"line":36,"column":0}},"36":{"start":{"line":37,"column":0},"end":{"line":37,"column":46}},"37":{"start":{"line":38,"column":0},"end":{"line":38,"column":26}},"38":{"start":{"line":39,"column":0},"end":{"line":39,"column":13}},"39":{"start":{"line":40,"column":0},"end":{"line":40,"column":2}},"40":{"start":{"line":41,"column":0},"end":{"line":41,"column":0}},"41":{"start":{"line":42,"column":0},"end":{"line":42,"column":45}},"42":{"start":{"line":43,"column":0},"end":{"line":43,"column":25}},"43":{"start":{"line":44,"column":0},"end":{"line":44,"column":13}},"44":{"start":{"line":45,"column":0},"end":{"line":45,"column":2}},"45":{"start":{"line":46,"column":0},"end":{"line":46,"column":0}},"46":{"start":{"line":47,"column":0},"end":{"line":47,"column":46}},"47":{"start":{"line":48,"column":0},"end":{"line":48,"column":26}},"48":{"start":{"line":49,"column":0},"end":{"line":49,"column":13}},"49":{"start":{"line":50,"column":0},"end":{"line":50,"column":2}},"50":{"start":{"line":51,"column":0},"end":{"line":51,"column":0}},"51":{"start":{"line":52,"column":0},"end":{"line":52,"column":39}},"52":{"start":{"line":53,"column":0},"end":{"line":53,"column":19}},"53":{"start":{"line":54,"column":0},"end":{"line":54,"column":13}},"54":{"start":{"line":55,"column":0},"end":{"line":55,"column":2}},"55":{"start":{"line":56,"column":0},"end":{"line":56,"column":0}},"56":{"start":{"line":57,"column":0},"end":{"line":57,"column":48}},"57":{"start":{"line":58,"column":0},"end":{"line":58,"column":28}},"58":{"start":{"line":59,"column":0},"end":{"line":59,"column":13}},"59":{"start":{"line":60,"column":0},"end":{"line":60,"column":2}},"60":{"start":{"line":61,"column":0},"end":{"line":61,"column":0}},"61":{"start":{"line":62,"column":0},"end":{"line":62,"column":49}},"62":{"start":{"line":63,"column":0},"end":{"line":63,"column":29}},"63":{"start":{"line":64,"column":0},"end":{"line":64,"column":13}},"64":{"start":{"line":65,"column":0},"end":{"line":65,"column":2}},"65":{"start":{"line":66,"column":0},"end":{"line":66,"column":0}},"66":{"start":{"line":67,"column":0},"end":{"line":67,"column":43}},"67":{"start":{"line":68,"column":0},"end":{"line":68,"column":23}},"68":{"start":{"line":69,"column":0},"end":{"line":69,"column":13}},"69":{"start":{"line":70,"column":0},"end":{"line":70,"column":2}},"70":{"start":{"line":71,"column":0},"end":{"line":71,"column":0}},"71":{"start":{"line":72,"column":0},"end":{"line":72,"column":41}},"72":{"start":{"line":73,"column":0},"end":{"line":73,"column":21}},"73":{"start":{"line":74,"column":0},"end":{"line":74,"column":13}},"74":{"start":{"line":75,"column":0},"end":{"line":75,"column":2}},"75":{"start":{"line":76,"column":0},"end":{"line":76,"column":0}},"76":{"start":{"line":77,"column":0},"end":{"line":77,"column":25}},"77":{"start":{"line":78,"column":0},"end":{"line":78,"column":21}},"78":{"start":{"line":79,"column":0},"end":{"line":79,"column":22}},"79":{"start":{"line":80,"column":0},"end":{"line":80,"column":18}},"80":{"start":{"line":81,"column":0},"end":{"line":81,"column":20}},"81":{"start":{"line":82,"column":0},"end":{"line":82,"column":18}},"82":{"start":{"line":83,"column":0},"end":{"line":83,"column":22}},"83":{"start":{"line":84,"column":0},"end":{"line":84,"column":30}},"84":{"start":{"line":85,"column":0},"end":{"line":85,"column":27}},"85":{"start":{"line":86,"column":0},"end":{"line":86,"column":19}},"86":{"start":{"line":87,"column":0},"end":{"line":87,"column":20}},"87":{"start":{"line":88,"column":0},"end":{"line":88,"column":19}},"88":{"start":{"line":89,"column":0},"end":{"line":89,"column":20}},"89":{"start":{"line":90,"column":0},"end":{"line":90,"column":22}},"90":{"start":{"line":91,"column":0},"end":{"line":91,"column":24}},"91":{"start":{"line":92,"column":0},"end":{"line":92,"column":18}},"92":{"start":{"line":93,"column":0},"end":{"line":93,"column":18}},"93":{"start":{"line":94,"column":0},"end":{"line":94,"column":21}},"94":{"start":{"line":95,"column":0},"end":{"line":95,"column":1}},"95":{"start":{"line":96,"column":0},"end":{"line":96,"column":0}},"96":{"start":{"line":97,"column":0},"end":{"line":97,"column":67}},"97":{"start":{"line":98,"column":0},"end":{"line":98,"column":29}},"98":{"start":{"line":99,"column":0},"end":{"line":99,"column":25}},"99":{"start":{"line":100,"column":0},"end":{"line":100,"column":27}},"100":{"start":{"line":101,"column":0},"end":{"line":101,"column":25}},"101":{"start":{"line":102,"column":0},"end":{"line":102,"column":29}},"102":{"start":{"line":103,"column":0},"end":{"line":103,"column":37}},"103":{"start":{"line":104,"column":0},"end":{"line":104,"column":34}},"104":{"start":{"line":105,"column":0},"end":{"line":105,"column":26}},"105":{"start":{"line":106,"column":0},"end":{"line":106,"column":27}},"106":{"start":{"line":107,"column":0},"end":{"line":107,"column":26}},"107":{"start":{"line":108,"column":0},"end":{"line":108,"column":27}},"108":{"start":{"line":109,"column":0},"end":{"line":109,"column":29}},"109":{"start":{"line":110,"column":0},"end":{"line":110,"column":31}},"110":{"start":{"line":111,"column":0},"end":{"line":111,"column":25}},"111":{"start":{"line":112,"column":0},"end":{"line":112,"column":25}},"112":{"start":{"line":113,"column":0},"end":{"line":113,"column":28}},"113":{"start":{"line":114,"column":0},"end":{"line":114,"column":16}},"114":{"start":{"line":115,"column":0},"end":{"line":115,"column":24}},"115":{"start":{"line":116,"column":0},"end":{"line":116,"column":39}},"116":{"start":{"line":117,"column":0},"end":{"line":117,"column":50}},"117":{"start":{"line":118,"column":0},"end":{"line":118,"column":7}},"118":{"start":{"line":119,"column":0},"end":{"line":119,"column":23}},"119":{"start":{"line":120,"column":0},"end":{"line":120,"column":5}},"120":{"start":{"line":121,"column":0},"end":{"line":121,"column":1}},"121":{"start":{"line":122,"column":0},"end":{"line":122,"column":0}},"122":{"start":{"line":123,"column":0},"end":{"line":123,"column":30}},"123":{"start":{"line":124,"column":0},"end":{"line":124,"column":38}},"124":{"start":{"line":125,"column":0},"end":{"line":125,"column":16}},"125":{"start":{"line":126,"column":0},"end":{"line":126,"column":39}},"126":{"start":{"line":127,"column":0},"end":{"line":127,"column":37}},"127":{"start":{"line":128,"column":0},"end":{"line":128,"column":8}},"128":{"start":{"line":129,"column":0},"end":{"line":129,"column":1}},"129":{"start":{"line":130,"column":0},"end":{"line":130,"column":0}},"130":{"start":{"line":131,"column":0},"end":{"line":131,"column":27}},"131":{"start":{"line":132,"column":0},"end":{"line":132,"column":42}},"132":{"start":{"line":133,"column":0},"end":{"line":133,"column":16}},"133":{"start":{"line":134,"column":0},"end":{"line":134,"column":39}},"134":{"start":{"line":135,"column":0},"end":{"line":135,"column":42}},"135":{"start":{"line":136,"column":0},"end":{"line":136,"column":40}},"136":{"start":{"line":137,"column":0},"end":{"line":137,"column":27}},"137":{"start":{"line":138,"column":0},"end":{"line":138,"column":7}},"138":{"start":{"line":139,"column":0},"end":{"line":139,"column":50}},"139":{"start":{"line":140,"column":0},"end":{"line":140,"column":5}},"140":{"start":{"line":141,"column":0},"end":{"line":141,"column":1}},"141":{"start":{"line":142,"column":0},"end":{"line":142,"column":0}},"142":{"start":{"line":143,"column":0},"end":{"line":143,"column":20}},"143":{"start":{"line":144,"column":0},"end":{"line":144,"column":16}},"144":{"start":{"line":145,"column":0},"end":{"line":145,"column":37}},"145":{"start":{"line":146,"column":0},"end":{"line":146,"column":40}},"146":{"start":{"line":147,"column":0},"end":{"line":147,"column":41}},"147":{"start":{"line":148,"column":0},"end":{"line":148,"column":43}},"148":{"start":{"line":149,"column":0},"end":{"line":149,"column":45}},"149":{"start":{"line":150,"column":0},"end":{"line":150,"column":49}},"150":{"start":{"line":151,"column":0},"end":{"line":151,"column":36}},"151":{"start":{"line":152,"column":0},"end":{"line":152,"column":8}},"152":{"start":{"line":153,"column":0},"end":{"line":153,"column":1}},"153":{"start":{"line":154,"column":0},"end":{"line":154,"column":0}},"154":{"start":{"line":155,"column":0},"end":{"line":155,"column":36}},"155":{"start":{"line":156,"column":0},"end":{"line":156,"column":57}},"156":{"start":{"line":157,"column":0},"end":{"line":157,"column":36}},"157":{"start":{"line":158,"column":0},"end":{"line":158,"column":16}},"158":{"start":{"line":159,"column":0},"end":{"line":159,"column":39}},"159":{"start":{"line":160,"column":0},"end":{"line":160,"column":42}},"160":{"start":{"line":161,"column":0},"end":{"line":161,"column":7}},"161":{"start":{"line":162,"column":0},"end":{"line":162,"column":49}},"162":{"start":{"line":163,"column":0},"end":{"line":163,"column":5}},"163":{"start":{"line":164,"column":0},"end":{"line":164,"column":1}},"164":{"start":{"line":165,"column":0},"end":{"line":165,"column":0}},"165":{"start":{"line":166,"column":0},"end":{"line":166,"column":42}},"166":{"start":{"line":167,"column":0},"end":{"line":167,"column":63}},"167":{"start":{"line":168,"column":0},"end":{"line":168,"column":42}},"168":{"start":{"line":169,"column":0},"end":{"line":169,"column":16}},"169":{"start":{"line":170,"column":0},"end":{"line":170,"column":39}},"170":{"start":{"line":171,"column":0},"end":{"line":171,"column":46}},"171":{"start":{"line":172,"column":0},"end":{"line":172,"column":7}},"172":{"start":{"line":173,"column":0},"end":{"line":173,"column":58}},"173":{"start":{"line":174,"column":0},"end":{"line":174,"column":5}},"174":{"start":{"line":175,"column":0},"end":{"line":175,"column":1}},"175":{"start":{"line":176,"column":0},"end":{"line":176,"column":0}},"176":{"start":{"line":177,"column":0},"end":{"line":177,"column":37}},"177":{"start":{"line":178,"column":0},"end":{"line":178,"column":58}},"178":{"start":{"line":179,"column":0},"end":{"line":179,"column":16}},"179":{"start":{"line":180,"column":0},"end":{"line":180,"column":39}},"180":{"start":{"line":181,"column":0},"end":{"line":181,"column":46}},"181":{"start":{"line":182,"column":0},"end":{"line":182,"column":46}},"182":{"start":{"line":183,"column":0},"end":{"line":183,"column":8}},"183":{"start":{"line":184,"column":0},"end":{"line":184,"column":1}},"184":{"start":{"line":185,"column":0},"end":{"line":185,"column":0}},"185":{"start":{"line":186,"column":0},"end":{"line":186,"column":66}},"186":{"start":{"line":187,"column":0},"end":{"line":187,"column":68}},"187":{"start":{"line":188,"column":0},"end":{"line":188,"column":16}},"188":{"start":{"line":189,"column":0},"end":{"line":189,"column":39}},"189":{"start":{"line":190,"column":0},"end":{"line":190,"column":36}},"190":{"start":{"line":191,"column":0},"end":{"line":191,"column":8}},"191":{"start":{"line":192,"column":0},"end":{"line":192,"column":1}},"192":{"start":{"line":193,"column":0},"end":{"line":193,"column":0}},"193":{"start":{"line":194,"column":0},"end":{"line":194,"column":36}},"194":{"start":{"line":195,"column":0},"end":{"line":195,"column":57}},"195":{"start":{"line":196,"column":0},"end":{"line":196,"column":16}},"196":{"start":{"line":197,"column":0},"end":{"line":197,"column":39}},"197":{"start":{"line":198,"column":0},"end":{"line":198,"column":42}},"198":{"start":{"line":199,"column":0},"end":{"line":199,"column":41}},"199":{"start":{"line":200,"column":0},"end":{"line":200,"column":8}},"200":{"start":{"line":201,"column":0},"end":{"line":201,"column":1}},"201":{"start":{"line":202,"column":0},"end":{"line":202,"column":0}},"202":{"start":{"line":203,"column":0},"end":{"line":203,"column":42}},"203":{"start":{"line":204,"column":0},"end":{"line":204,"column":55}},"204":{"start":{"line":205,"column":0},"end":{"line":205,"column":16}},"205":{"start":{"line":206,"column":0},"end":{"line":206,"column":39}},"206":{"start":{"line":207,"column":0},"end":{"line":207,"column":42}},"207":{"start":{"line":208,"column":0},"end":{"line":208,"column":40}},"208":{"start":{"line":209,"column":0},"end":{"line":209,"column":39}},"209":{"start":{"line":210,"column":0},"end":{"line":210,"column":8}},"210":{"start":{"line":211,"column":0},"end":{"line":211,"column":1}},"211":{"start":{"line":212,"column":0},"end":{"line":212,"column":0}},"212":{"start":{"line":213,"column":0},"end":{"line":213,"column":35}},"213":{"start":{"line":214,"column":0},"end":{"line":214,"column":56}},"214":{"start":{"line":215,"column":0},"end":{"line":215,"column":16}},"215":{"start":{"line":216,"column":0},"end":{"line":216,"column":39}},"216":{"start":{"line":217,"column":0},"end":{"line":217,"column":38}},"217":{"start":{"line":218,"column":0},"end":{"line":218,"column":8}},"218":{"start":{"line":219,"column":0},"end":{"line":219,"column":1}},"219":{"start":{"line":220,"column":0},"end":{"line":220,"column":0}},"220":{"start":{"line":221,"column":0},"end":{"line":221,"column":37}},"221":{"start":{"line":222,"column":0},"end":{"line":222,"column":58}},"222":{"start":{"line":223,"column":0},"end":{"line":223,"column":16}},"223":{"start":{"line":224,"column":0},"end":{"line":224,"column":39}},"224":{"start":{"line":225,"column":0},"end":{"line":225,"column":36}},"225":{"start":{"line":226,"column":0},"end":{"line":226,"column":8}},"226":{"start":{"line":227,"column":0},"end":{"line":227,"column":1}},"227":{"start":{"line":228,"column":0},"end":{"line":228,"column":0}},"228":{"start":{"line":229,"column":0},"end":{"line":229,"column":29}},"229":{"start":{"line":230,"column":0},"end":{"line":230,"column":39}},"230":{"start":{"line":231,"column":0},"end":{"line":231,"column":50}},"231":{"start":{"line":232,"column":0},"end":{"line":232,"column":16}},"232":{"start":{"line":233,"column":0},"end":{"line":233,"column":30}},"233":{"start":{"line":234,"column":0},"end":{"line":234,"column":28}},"234":{"start":{"line":235,"column":0},"end":{"line":235,"column":7}},"235":{"start":{"line":236,"column":0},"end":{"line":236,"column":40}},"236":{"start":{"line":237,"column":0},"end":{"line":237,"column":5}},"237":{"start":{"line":238,"column":0},"end":{"line":238,"column":1}},"238":{"start":{"line":239,"column":0},"end":{"line":239,"column":0}},"239":{"start":{"line":240,"column":0},"end":{"line":240,"column":69}},"240":{"start":{"line":241,"column":0},"end":{"line":241,"column":16}},"241":{"start":{"line":242,"column":0},"end":{"line":242,"column":39}},"242":{"start":{"line":243,"column":0},"end":{"line":243,"column":39}},"243":{"start":{"line":244,"column":0},"end":{"line":244,"column":8}},"244":{"start":{"line":245,"column":0},"end":{"line":245,"column":36}},"245":{"start":{"line":246,"column":0},"end":{"line":246,"column":29}},"246":{"start":{"line":247,"column":0},"end":{"line":247,"column":25}},"247":{"start":{"line":248,"column":0},"end":{"line":248,"column":27}},"248":{"start":{"line":249,"column":0},"end":{"line":249,"column":25}},"249":{"start":{"line":250,"column":0},"end":{"line":250,"column":29}},"250":{"start":{"line":251,"column":0},"end":{"line":251,"column":37}},"251":{"start":{"line":252,"column":0},"end":{"line":252,"column":34}},"252":{"start":{"line":253,"column":0},"end":{"line":253,"column":26}},"253":{"start":{"line":254,"column":0},"end":{"line":254,"column":27}},"254":{"start":{"line":255,"column":0},"end":{"line":255,"column":26}},"255":{"start":{"line":256,"column":0},"end":{"line":256,"column":27}},"256":{"start":{"line":257,"column":0},"end":{"line":257,"column":29}},"257":{"start":{"line":258,"column":0},"end":{"line":258,"column":31}},"258":{"start":{"line":259,"column":0},"end":{"line":259,"column":25}},"259":{"start":{"line":260,"column":0},"end":{"line":260,"column":25}},"260":{"start":{"line":261,"column":0},"end":{"line":261,"column":28}},"261":{"start":{"line":262,"column":0},"end":{"line":262,"column":1}}},"s":{"0":1,"1":1,"2":1,"3":1,"4":1,"5":1,"6":1,"7":1,"8":1,"9":1,"10":1,"11":1,"12":1,"13":1,"14":1,"15":1,"16":1,"17":1,"18":1,"19":1,"20":1,"21":1,"22":1,"23":1,"24":1,"25":1,"26":1,"27":1,"28":1,"29":1,"30":1,"31":1,"32":1,"33":1,"34":1,"35":1,"36":1,"37":1,"38":1,"39":1,"40":1,"41":1,"42":1,"43":1,"44":1,"45":1,"46":1,"47":1,"48":1,"49":1,"50":1,"51":1,"52":1,"53":1,"54":1,"55":1,"56":1,"57":1,"58":1,"59":1,"60":1,"61":1,"62":1,"63":1,"64":1,"65":1,"66":1,"67":1,"68":1,"69":1,"70":1,"71":1,"72":1,"73":1,"74":1,"75":1,"76":1,"77":1,"78":1,"79":1,"80":1,"81":1,"82":1,"83":1,"84":1,"85":1,"86":1,"87":1,"88":1,"89":1,"90":1,"91":1,"92":1,"93":1,"94":1,"95":1,"96":2,"97":2,"98":2,"99":2,"100":2,"101":2,"102":2,"103":2,"104":2,"105":2,"106":2,"107":2,"108":2,"109":2,"110":2,"111":2,"112":2,"113":2,"114":2,"115":2,"116":2,"117":2,"118":2,"119":2,"120":2,"121":1,"122":1,"123":1,"124":1,"125":1,"126":1,"127":1,"128":1,"129":1,"130":4,"131":4,"132":4,"133":4,"134":4,"135":4,"136":4,"137":4,"138":4,"139":4,"140":4,"141":1,"142":3,"143":3,"144":3,"145":3,"146":3,"147":3,"148":3,"149":3,"150":3,"151":3,"152":3,"153":1,"154":3,"155":3,"156":3,"157":3,"158":3,"159":3,"160":3,"161":3,"162":3,"163":3,"164":1,"165":3,"166":3,"167":3,"168":3,"169":3,"170":3,"171":3,"172":3,"173":3,"174":3,"175":1,"176":1,"177":1,"178":1,"179":1,"180":1,"181":1,"182":1,"183":1,"184":1,"185":1,"186":1,"187":1,"188":1,"189":1,"190":1,"191":1,"192":1,"193":1,"194":1,"195":1,"196":1,"197":1,"198":1,"199":1,"200":1,"201":1,"202":1,"203":1,"204":1,"205":1,"206":1,"207":1,"208":1,"209":1,"210":1,"211":1,"212":8,"213":8,"214":8,"215":8,"216":8,"217":8,"218":8,"219":1,"220":1,"221":1,"222":1,"223":1,"224":1,"225":1,"226":1,"227":1,"228":15,"229":15,"230":15,"231":15,"232":15,"233":15,"234":15,"235":15,"236":15,"237":15,"238":1,"239":1,"240":1,"241":1,"242":1,"243":1,"244":1,"245":1,"246":1,"247":1,"248":1,"249":1,"250":1,"251":1,"252":1,"253":1,"254":1,"255":1,"256":1,"257":1,"258":1,"259":1,"260":1,"261":1},"branchMap":{"0":{"type":"branch","line":97,"loc":{"start":{"line":97,"column":0},"end":{"line":121,"column":1}},"locations":[{"start":{"line":97,"column":0},"end":{"line":121,"column":1}}]},"1":{"type":"branch","line":114,"loc":{"start":{"line":114,"column":4},"end":{"line":120,"column":5}},"locations":[{"start":{"line":114,"column":4},"end":{"line":120,"column":5}}]},"2":{"type":"branch","line":123,"loc":{"start":{"line":123,"column":0},"end":{"line":129,"column":1}},"locations":[{"start":{"line":123,"column":0},"end":{"line":129,"column":1}}]},"3":{"type":"branch","line":125,"loc":{"start":{"line":125,"column":4},"end":{"line":128,"column":8}},"locations":[{"start":{"line":125,"column":4},"end":{"line":128,"column":8}}]},"4":{"type":"branch","line":131,"loc":{"start":{"line":131,"column":0},"end":{"line":141,"column":1}},"locations":[{"start":{"line":131,"column":0},"end":{"line":141,"column":1}}]},"5":{"type":"branch","line":133,"loc":{"start":{"line":133,"column":4},"end":{"line":140,"column":5}},"locations":[{"start":{"line":133,"column":4},"end":{"line":140,"column":5}}]},"6":{"type":"branch","line":143,"loc":{"start":{"line":143,"column":0},"end":{"line":153,"column":1}},"locations":[{"start":{"line":143,"column":0},"end":{"line":153,"column":1}}]},"7":{"type":"branch","line":144,"loc":{"start":{"line":144,"column":4},"end":{"line":152,"column":8}},"locations":[{"start":{"line":144,"column":4},"end":{"line":152,"column":8}}]},"8":{"type":"branch","line":155,"loc":{"start":{"line":155,"column":0},"end":{"line":164,"column":1}},"locations":[{"start":{"line":155,"column":0},"end":{"line":164,"column":1}}]},"9":{"type":"branch","line":158,"loc":{"start":{"line":158,"column":4},"end":{"line":163,"column":5}},"locations":[{"start":{"line":158,"column":4},"end":{"line":163,"column":5}}]},"10":{"type":"branch","line":166,"loc":{"start":{"line":166,"column":0},"end":{"line":175,"column":1}},"locations":[{"start":{"line":166,"column":0},"end":{"line":175,"column":1}}]},"11":{"type":"branch","line":169,"loc":{"start":{"line":169,"column":4},"end":{"line":174,"column":5}},"locations":[{"start":{"line":169,"column":4},"end":{"line":174,"column":5}}]},"12":{"type":"branch","line":177,"loc":{"start":{"line":177,"column":0},"end":{"line":184,"column":1}},"locations":[{"start":{"line":177,"column":0},"end":{"line":184,"column":1}}]},"13":{"type":"branch","line":179,"loc":{"start":{"line":179,"column":4},"end":{"line":183,"column":8}},"locations":[{"start":{"line":179,"column":4},"end":{"line":183,"column":8}}]},"14":{"type":"branch","line":186,"loc":{"start":{"line":186,"column":0},"end":{"line":192,"column":1}},"locations":[{"start":{"line":186,"column":0},"end":{"line":192,"column":1}}]},"15":{"type":"branch","line":188,"loc":{"start":{"line":188,"column":4},"end":{"line":191,"column":8}},"locations":[{"start":{"line":188,"column":4},"end":{"line":191,"column":8}}]},"16":{"type":"branch","line":194,"loc":{"start":{"line":194,"column":0},"end":{"line":201,"column":1}},"locations":[{"start":{"line":194,"column":0},"end":{"line":201,"column":1}}]},"17":{"type":"branch","line":196,"loc":{"start":{"line":196,"column":4},"end":{"line":200,"column":8}},"locations":[{"start":{"line":196,"column":4},"end":{"line":200,"column":8}}]},"18":{"type":"branch","line":203,"loc":{"start":{"line":203,"column":0},"end":{"line":211,"column":1}},"locations":[{"start":{"line":203,"column":0},"end":{"line":211,"column":1}}]},"19":{"type":"branch","line":205,"loc":{"start":{"line":205,"column":4},"end":{"line":210,"column":8}},"locations":[{"start":{"line":205,"column":4},"end":{"line":210,"column":8}}]},"20":{"type":"branch","line":213,"loc":{"start":{"line":213,"column":0},"end":{"line":219,"column":1}},"locations":[{"start":{"line":213,"column":0},"end":{"line":219,"column":1}}]},"21":{"type":"branch","line":215,"loc":{"start":{"line":215,"column":4},"end":{"line":218,"column":8}},"locations":[{"start":{"line":215,"column":4},"end":{"line":218,"column":8}}]},"22":{"type":"branch","line":221,"loc":{"start":{"line":221,"column":0},"end":{"line":227,"column":1}},"locations":[{"start":{"line":221,"column":0},"end":{"line":227,"column":1}}]},"23":{"type":"branch","line":223,"loc":{"start":{"line":223,"column":4},"end":{"line":226,"column":8}},"locations":[{"start":{"line":223,"column":4},"end":{"line":226,"column":8}}]},"24":{"type":"branch","line":229,"loc":{"start":{"line":229,"column":0},"end":{"line":238,"column":1}},"locations":[{"start":{"line":229,"column":0},"end":{"line":238,"column":1}}]},"25":{"type":"branch","line":232,"loc":{"start":{"line":232,"column":4},"end":{"line":237,"column":5}},"locations":[{"start":{"line":232,"column":4},"end":{"line":237,"column":5}}]},"26":{"type":"branch","line":240,"loc":{"start":{"line":240,"column":0},"end":{"line":262,"column":1}},"locations":[{"start":{"line":240,"column":0},"end":{"line":262,"column":1}}]},"27":{"type":"branch","line":241,"loc":{"start":{"line":241,"column":4},"end":{"line":244,"column":8}},"locations":[{"start":{"line":241,"column":4},"end":{"line":244,"column":8}}]}},"b":{"0":[2],"1":[2],"2":[1],"3":[1],"4":[4],"5":[4],"6":[3],"7":[3],"8":[3],"9":[3],"10":[3],"11":[3],"12":[1],"13":[1],"14":[1],"15":[1],"16":[1],"17":[1],"18":[1],"19":[1],"20":[8],"21":[8],"22":[1],"23":[1],"24":[15],"25":[15],"26":[1],"27":[1]},"fnMap":{"0":{"name":"<instance_members_initializer>","decl":{"start":{"line":97,"column":0},"end":{"line":121,"column":1}},"loc":{"start":{"line":97,"column":0},"end":{"line":121,"column":1}},"line":97},"1":{"name":"DatabaseError","decl":{"start":{"line":114,"column":4},"end":{"line":120,"column":5}},"loc":{"start":{"line":114,"column":4},"end":{"line":120,"column":5}},"line":114},"2":{"name":"<instance_members_initializer>","decl":{"start":{"line":123,"column":0},"end":{"line":129,"column":1}},"loc":{"start":{"line":123,"column":0},"end":{"line":129,"column":1}},"line":123},"3":{"name":"CopyDataMessage","decl":{"start":{"line":125,"column":4},"end":{"line":128,"column":8}},"loc":{"start":{"line":125,"column":4},"end":{"line":128,"column":8}},"line":125},"4":{"name":"<instance_members_initializer>","decl":{"start":{"line":131,"column":0},"end":{"line":141,"column":1}},"loc":{"start":{"line":131,"column":0},"end":{"line":141,"column":1}},"line":131},"5":{"name":"CopyResponse","decl":{"start":{"line":133,"column":4},"end":{"line":140,"column":5}},"loc":{"start":{"line":133,"column":4},"end":{"line":140,"column":5}},"line":133},"6":{"name":"<instance_members_initializer>","decl":{"start":{"line":143,"column":0},"end":{"line":153,"column":1}},"loc":{"start":{"line":143,"column":0},"end":{"line":153,"column":1}},"line":143},"7":{"name":"Field","decl":{"start":{"line":144,"column":4},"end":{"line":152,"column":8}},"loc":{"start":{"line":144,"column":4},"end":{"line":152,"column":8}},"line":144},"8":{"name":"<instance_members_initializer>","decl":{"start":{"line":155,"column":0},"end":{"line":164,"column":1}},"loc":{"start":{"line":155,"column":0},"end":{"line":164,"column":1}},"line":155},"9":{"name":"RowDescriptionMessage","decl":{"start":{"line":158,"column":4},"end":{"line":163,"column":5}},"loc":{"start":{"line":158,"column":4},"end":{"line":163,"column":5}},"line":158},"10":{"name":"<instance_members_initializer>","decl":{"start":{"line":166,"column":0},"end":{"line":175,"column":1}},"loc":{"start":{"line":166,"column":0},"end":{"line":175,"column":1}},"line":166},"11":{"name":"ParameterDescriptionMessage","decl":{"start":{"line":169,"column":4},"end":{"line":174,"column":5}},"loc":{"start":{"line":169,"column":4},"end":{"line":174,"column":5}},"line":169},"12":{"name":"<instance_members_initializer>","decl":{"start":{"line":177,"column":0},"end":{"line":184,"column":1}},"loc":{"start":{"line":177,"column":0},"end":{"line":184,"column":1}},"line":177},"13":{"name":"ParameterStatusMessage","decl":{"start":{"line":179,"column":4},"end":{"line":183,"column":8}},"loc":{"start":{"line":179,"column":4},"end":{"line":183,"column":8}},"line":179},"14":{"name":"<instance_members_initializer>","decl":{"start":{"line":186,"column":0},"end":{"line":192,"column":1}},"loc":{"start":{"line":186,"column":0},"end":{"line":192,"column":1}},"line":186},"15":{"name":"AuthenticationMD5Password","decl":{"start":{"line":188,"column":4},"end":{"line":191,"column":8}},"loc":{"start":{"line":188,"column":4},"end":{"line":191,"column":8}},"line":188},"16":{"name":"<instance_members_initializer>","decl":{"start":{"line":194,"column":0},"end":{"line":201,"column":1}},"loc":{"start":{"line":194,"column":0},"end":{"line":201,"column":1}},"line":194},"17":{"name":"BackendKeyDataMessage","decl":{"start":{"line":196,"column":4},"end":{"line":200,"column":8}},"loc":{"start":{"line":196,"column":4},"end":{"line":200,"column":8}},"line":196},"18":{"name":"<instance_members_initializer>","decl":{"start":{"line":203,"column":0},"end":{"line":211,"column":1}},"loc":{"start":{"line":203,"column":0},"end":{"line":211,"column":1}},"line":203},"19":{"name":"NotificationResponseMessage","decl":{"start":{"line":205,"column":4},"end":{"line":210,"column":8}},"loc":{"start":{"line":205,"column":4},"end":{"line":210,"column":8}},"line":205},"20":{"name":"<instance_members_initializer>","decl":{"start":{"line":213,"column":0},"end":{"line":219,"column":1}},"loc":{"start":{"line":213,"column":0},"end":{"line":219,"column":1}},"line":213},"21":{"name":"ReadyForQueryMessage","decl":{"start":{"line":215,"column":4},"end":{"line":218,"column":8}},"loc":{"start":{"line":215,"column":4},"end":{"line":218,"column":8}},"line":215},"22":{"name":"<instance_members_initializer>","decl":{"start":{"line":221,"column":0},"end":{"line":227,"column":1}},"loc":{"start":{"line":221,"column":0},"end":{"line":227,"column":1}},"line":221},"23":{"name":"CommandCompleteMessage","decl":{"start":{"line":223,"column":4},"end":{"line":226,"column":8}},"loc":{"start":{"line":223,"column":4},"end":{"line":226,"column":8}},"line":223},"24":{"name":"<instance_members_initializer>","decl":{"start":{"line":229,"column":0},"end":{"line":238,"column":1}},"loc":{"start":{"line":229,"column":0},"end":{"line":238,"column":1}},"line":229},"25":{"name":"DataRowMessage","decl":{"start":{"line":232,"column":4},"end":{"line":237,"column":5}},"loc":{"start":{"line":232,"column":4},"end":{"line":237,"column":5}},"line":232},"26":{"name":"<instance_members_initializer>","decl":{"start":{"line":240,"column":0},"end":{"line":262,"column":1}},"loc":{"start":{"line":240,"column":0},"end":{"line":262,"column":1}},"line":240},"27":{"name":"NoticeMessage","decl":{"start":{"line":241,"column":4},"end":{"line":244,"column":8}},"loc":{"start":{"line":241,"column":4},"end":{"line":244,"column":8}},"line":241}},"f":{"0":2,"1":2,"2":1,"3":1,"4":4,"5":4,"6":3,"7":3,"8":3,"9":3,"10":3,"11":3,"12":1,"13":1,"14":1,"15":1,"16":1,"17":1,"18":1,"19":1,"20":8,"21":8,"22":1,"23":1,"24":15,"25":15,"26":1,"27":1}}
,"C:\\repos\\node-postgres\\packages\\pg-protocol\\src\\parser.ts": {"path":"C:\\repos\\node-postgres\\packages\\pg-protocol\\src\\parser.ts","all":false,"statementMap":{"0":{"start":{"line":1,"column":0},"end":{"line":1,"column":42}},"1":{"start":{"line":2,"column":0},"end":{"line":2,"column":8}},"2":{"start":{"line":3,"column":0},"end":{"line":3,"column":9}},"3":{"start":{"line":4,"column":0},"end":{"line":4,"column":17}},"4":{"start":{"line":5,"column":0},"end":{"line":5,"column":18}},"5":{"start":{"line":6,"column":0},"end":{"line":6,"column":18}},"6":{"start":{"line":7,"column":0},"end":{"line":7,"column":11}},"7":{"start":{"line":8,"column":0},"end":{"line":8,"column":20}},"8":{"start":{"line":9,"column":0},"end":{"line":9,"column":13}},"9":{"start":{"line":10,"column":0},"end":{"line":10,"column":21}},"10":{"start":{"line":11,"column":0},"end":{"line":11,"column":15}},"11":{"start":{"line":12,"column":0},"end":{"line":12,"column":25}},"12":{"start":{"line":13,"column":0},"end":{"line":13,"column":27}},"13":{"start":{"line":14,"column":0},"end":{"line":14,"column":20}},"14":{"start":{"line":15,"column":0},"end":{"line":15,"column":17}},"15":{"start":{"line":16,"column":0},"end":{"line":16,"column":32}},"16":{"start":{"line":17,"column":0},"end":{"line":17,"column":26}},"17":{"start":{"line":18,"column":0},"end":{"line":18,"column":32}},"18":{"start":{"line":19,"column":0},"end":{"line":19,"column":10}},"19":{"start":{"line":20,"column":0},"end":{"line":20,"column":19}},"20":{"start":{"line":21,"column":0},"end":{"line":21,"column":27}},"21":{"start":{"line":22,"column":0},"end":{"line":22,"column":26}},"22":{"start":{"line":23,"column":0},"end":{"line":23,"column":18}},"23":{"start":{"line":24,"column":0},"end":{"line":24,"column":19}},"24":{"start":{"line":25,"column":0},"end":{"line":25,"column":16}},"25":{"start":{"line":26,"column":0},"end":{"line":26,"column":30}},"26":{"start":{"line":27,"column":0},"end":{"line":27,"column":17}},"27":{"start":{"line":28,"column":0},"end":{"line":28,"column":20}},"28":{"start":{"line":29,"column":0},"end":{"line":29,"column":47}},"29":{"start":{"line":30,"column":0},"end":{"line":30,"column":54}},"30":{"start":{"line":31,"column":0},"end":{"line":31,"column":0}},"31":{"start":{"line":32,"column":0},"end":{"line":32,"column":46}},"32":{"start":{"line":33,"column":0},"end":{"line":33,"column":22}},"33":{"start":{"line":34,"column":0},"end":{"line":34,"column":67}},"34":{"start":{"line":35,"column":0},"end":{"line":35,"column":37}},"35":{"start":{"line":36,"column":0},"end":{"line":36,"column":21}},"36":{"start":{"line":37,"column":0},"end":{"line":37,"column":0}},"37":{"start":{"line":38,"column":0},"end":{"line":38,"column":47}},"38":{"start":{"line":39,"column":0},"end":{"line":39,"column":0}},"39":{"start":{"line":40,"column":0},"end":{"line":40,"column":22}},"40":{"start":{"line":41,"column":0},"end":{"line":41,"column":17}},"41":{"start":{"line":42,"column":0},"end":{"line":42,"column":19}},"42":{"start":{"line":43,"column":0},"end":{"line":43,"column":2}},"43":{"start":{"line":44,"column":0},"end":{"line":44,"column":0}},"44":{"start":{"line":45,"column":0},"end":{"line":45,"column":42}},"45":{"start":{"line":46,"column":0},"end":{"line":46,"column":0}},"46":{"start":{"line":47,"column":0},"end":{"line":47,"column":41}},"47":{"start":{"line":48,"column":0},"end":{"line":48,"column":15}},"48":{"start":{"line":49,"column":0},"end":{"line":49,"column":2}},"49":{"start":{"line":50,"column":0},"end":{"line":50,"column":0}},"50":{"start":{"line":51,"column":0},"end":{"line":51,"column":25}},"51":{"start":{"line":52,"column":0},"end":{"line":52,"column":24}},"52":{"start":{"line":53,"column":0},"end":{"line":53,"column":30}},"53":{"start":{"line":54,"column":0},"end":{"line":54,"column":29}},"54":{"start":{"line":55,"column":0},"end":{"line":55,"column":30}},"55":{"start":{"line":56,"column":0},"end":{"line":56,"column":32}},"56":{"start":{"line":57,"column":0},"end":{"line":57,"column":30}},"57":{"start":{"line":58,"column":0},"end":{"line":58,"column":23}},"58":{"start":{"line":59,"column":0},"end":{"line":59,"column":37}},"59":{"start":{"line":60,"column":0},"end":{"line":60,"column":39}},"60":{"start":{"line":61,"column":0},"end":{"line":61,"column":32}},"61":{"start":{"line":62,"column":0},"end":{"line":62,"column":31}},"62":{"start":{"line":63,"column":0},"end":{"line":63,"column":29}},"63":{"start":{"line":64,"column":0},"end":{"line":64,"column":30}},"64":{"start":{"line":65,"column":0},"end":{"line":65,"column":38}},"65":{"start":{"line":66,"column":0},"end":{"line":66,"column":44}},"66":{"start":{"line":67,"column":0},"end":{"line":67,"column":32}},"67":{"start":{"line":68,"column":0},"end":{"line":68,"column":33}},"68":{"start":{"line":69,"column":0},"end":{"line":69,"column":27}},"69":{"start":{"line":70,"column":0},"end":{"line":70,"column":23}},"70":{"start":{"line":71,"column":0},"end":{"line":71,"column":24}},"71":{"start":{"line":72,"column":0},"end":{"line":72,"column":25}},"72":{"start":{"line":73,"column":0},"end":{"line":73,"column":24}},"73":{"start":{"line":74,"column":0},"end":{"line":74,"column":1}},"74":{"start":{"line":75,"column":0},"end":{"line":75,"column":0}},"75":{"start":{"line":76,"column":0},"end":{"line":76,"column":60}},"76":{"start":{"line":77,"column":0},"end":{"line":77,"column":0}},"77":{"start":{"line":78,"column":0},"end":{"line":78,"column":21}},"78":{"start":{"line":79,"column":0},"end":{"line":79,"column":41}},"79":{"start":{"line":80,"column":0},"end":{"line":80,"column":37}},"80":{"start":{"line":81,"column":0},"end":{"line":81,"column":37}},"81":{"start":{"line":82,"column":0},"end":{"line":82,"column":40}},"82":{"start":{"line":83,"column":0},"end":{"line":83,"column":25}},"83":{"start":{"line":84,"column":0},"end":{"line":84,"column":0}},"84":{"start":{"line":85,"column":0},"end":{"line":85,"column":68}},"85":{"start":{"line":86,"column":0},"end":{"line":86,"column":39}},"86":{"start":{"line":87,"column":0},"end":{"line":87,"column":38}},"87":{"start":{"line":88,"column":0},"end":{"line":88,"column":61}},"88":{"start":{"line":89,"column":0},"end":{"line":89,"column":9}},"89":{"start":{"line":90,"column":0},"end":{"line":90,"column":43}},"90":{"start":{"line":91,"column":0},"end":{"line":91,"column":5}},"91":{"start":{"line":92,"column":0},"end":{"line":92,"column":0}},"92":{"start":{"line":93,"column":0},"end":{"line":93,"column":61}},"93":{"start":{"line":94,"column":0},"end":{"line":94,"column":33}},"94":{"start":{"line":95,"column":0},"end":{"line":95,"column":71}},"95":{"start":{"line":96,"column":0},"end":{"line":96,"column":39}},"96":{"start":{"line":97,"column":0},"end":{"line":97,"column":60}},"97":{"start":{"line":98,"column":0},"end":{"line":98,"column":67}},"98":{"start":{"line":99,"column":0},"end":{"line":99,"column":45}},"99":{"start":{"line":100,"column":0},"end":{"line":100,"column":88}},"100":{"start":{"line":101,"column":0},"end":{"line":101,"column":74}},"101":{"start":{"line":102,"column":0},"end":{"line":102,"column":59}},"102":{"start":{"line":103,"column":0},"end":{"line":103,"column":65}},"103":{"start":{"line":104,"column":0},"end":{"line":104,"column":101}},"104":{"start":{"line":105,"column":0},"end":{"line":105,"column":34}},"105":{"start":{"line":106,"column":0},"end":{"line":106,"column":44}},"106":{"start":{"line":107,"column":0},"end":{"line":107,"column":20}},"107":{"start":{"line":108,"column":0},"end":{"line":108,"column":22}},"108":{"start":{"line":109,"column":0},"end":{"line":109,"column":13}},"109":{"start":{"line":110,"column":0},"end":{"line":110,"column":9}},"110":{"start":{"line":111,"column":0},"end":{"line":111,"column":42}},"111":{"start":{"line":112,"column":0},"end":{"line":112,"column":41}},"112":{"start":{"line":113,"column":0},"end":{"line":113,"column":38}},"113":{"start":{"line":114,"column":0},"end":{"line":114,"column":34}},"114":{"start":{"line":115,"column":0},"end":{"line":115,"column":34}},"115":{"start":{"line":116,"column":0},"end":{"line":116,"column":16}},"116":{"start":{"line":117,"column":0},"end":{"line":117,"column":52}},"117":{"start":{"line":118,"column":0},"end":{"line":118,"column":58}},"118":{"start":{"line":119,"column":0},"end":{"line":119,"column":39}},"119":{"start":{"line":120,"column":0},"end":{"line":120,"column":9}},"120":{"start":{"line":121,"column":0},"end":{"line":121,"column":5}},"121":{"start":{"line":122,"column":0},"end":{"line":122,"column":0}},"122":{"start":{"line":123,"column":0},"end":{"line":123,"column":47}},"123":{"start":{"line":124,"column":0},"end":{"line":124,"column":36}},"124":{"start":{"line":125,"column":0},"end":{"line":125,"column":68}},"125":{"start":{"line":126,"column":0},"end":{"line":126,"column":64}},"126":{"start":{"line":127,"column":0},"end":{"line":127,"column":57}},"127":{"start":{"line":128,"column":0},"end":{"line":128,"column":72}},"128":{"start":{"line":129,"column":0},"end":{"line":129,"column":38}},"129":{"start":{"line":130,"column":0},"end":{"line":130,"column":100}},"130":{"start":{"line":131,"column":0},"end":{"line":131,"column":118}},"131":{"start":{"line":132,"column":0},"end":{"line":132,"column":44}},"132":{"start":{"line":133,"column":0},"end":{"line":133,"column":24}},"133":{"start":{"line":134,"column":0},"end":{"line":134,"column":51}},"134":{"start":{"line":135,"column":0},"end":{"line":135,"column":69}},"135":{"start":{"line":136,"column":0},"end":{"line":136,"column":58}},"136":{"start":{"line":137,"column":0},"end":{"line":137,"column":45}},"137":{"start":{"line":138,"column":0},"end":{"line":138,"column":21}},"138":{"start":{"line":139,"column":0},"end":{"line":139,"column":68}},"139":{"start":{"line":140,"column":0},"end":{"line":140,"column":17}},"140":{"start":{"line":141,"column":0},"end":{"line":141,"column":59}},"141":{"start":{"line":142,"column":0},"end":{"line":142,"column":105}},"142":{"start":{"line":143,"column":0},"end":{"line":143,"column":40}},"143":{"start":{"line":144,"column":0},"end":{"line":144,"column":38}},"144":{"start":{"line":145,"column":0},"end":{"line":145,"column":13}},"145":{"start":{"line":146,"column":0},"end":{"line":146,"column":59}},"146":{"start":{"line":147,"column":0},"end":{"line":147,"column":76}},"147":{"start":{"line":148,"column":0},"end":{"line":148,"column":42}},"148":{"start":{"line":149,"column":0},"end":{"line":149,"column":16}},"149":{"start":{"line":150,"column":0},"end":{"line":150,"column":33}},"150":{"start":{"line":151,"column":0},"end":{"line":151,"column":34}},"151":{"start":{"line":152,"column":0},"end":{"line":152,"column":50}},"152":{"start":{"line":153,"column":0},"end":{"line":153,"column":9}},"153":{"start":{"line":154,"column":0},"end":{"line":154,"column":5}},"154":{"start":{"line":155,"column":0},"end":{"line":155,"column":0}},"155":{"start":{"line":156,"column":0},"end":{"line":156,"column":103}},"156":{"start":{"line":157,"column":0},"end":{"line":157,"column":23}},"157":{"start":{"line":158,"column":0},"end":{"line":158,"column":43}},"158":{"start":{"line":159,"column":0},"end":{"line":159,"column":36}},"159":{"start":{"line":160,"column":0},"end":{"line":160,"column":44}},"160":{"start":{"line":161,"column":0},"end":{"line":161,"column":37}},"161":{"start":{"line":162,"column":0},"end":{"line":162,"column":44}},"162":{"start":{"line":163,"column":0},"end":{"line":163,"column":37}},"163":{"start":{"line":164,"column":0},"end":{"line":164,"column":37}},"164":{"start":{"line":165,"column":0},"end":{"line":165,"column":30}},"165":{"start":{"line":166,"column":0},"end":{"line":166,"column":46}},"166":{"start":{"line":167,"column":0},"end":{"line":167,"column":39}},"167":{"start":{"line":168,"column":0},"end":{"line":168,"column":39}},"168":{"start":{"line":169,"column":0},"end":{"line":169,"column":32}},"169":{"start":{"line":170,"column":0},"end":{"line":170,"column":47}},"170":{"start":{"line":171,"column":0},"end":{"line":171,"column":40}},"171":{"start":{"line":172,"column":0},"end":{"line":172,"column":41}},"172":{"start":{"line":173,"column":0},"end":{"line":173,"column":34}},"173":{"start":{"line":174,"column":0},"end":{"line":174,"column":38}},"174":{"start":{"line":175,"column":0},"end":{"line":175,"column":71}},"175":{"start":{"line":176,"column":0},"end":{"line":176,"column":46}},"176":{"start":{"line":177,"column":0},"end":{"line":177,"column":79}},"177":{"start":{"line":178,"column":0},"end":{"line":178,"column":44}},"178":{"start":{"line":179,"column":0},"end":{"line":179,"column":77}},"179":{"start":{"line":180,"column":0},"end":{"line":180,"column":51}},"180":{"start":{"line":181,"column":0},"end":{"line":181,"column":76}},"181":{"start":{"line":182,"column":0},"end":{"line":182,"column":53}},"182":{"start":{"line":183,"column":0},"end":{"line":183,"column":79}},"183":{"start":{"line":184,"column":0},"end":{"line":184,"column":46}},"184":{"start":{"line":185,"column":0},"end":{"line":185,"column":79}},"185":{"start":{"line":186,"column":0},"end":{"line":186,"column":45}},"186":{"start":{"line":187,"column":0},"end":{"line":187,"column":71}},"187":{"start":{"line":188,"column":0},"end":{"line":188,"column":43}},"188":{"start":{"line":189,"column":0},"end":{"line":189,"column":78}},"189":{"start":{"line":190,"column":0},"end":{"line":190,"column":44}},"190":{"start":{"line":191,"column":0},"end":{"line":191,"column":79}},"191":{"start":{"line":192,"column":0},"end":{"line":192,"column":52}},"192":{"start":{"line":193,"column":0},"end":{"line":193,"column":78}},"193":{"start":{"line":194,"column":0},"end":{"line":194,"column":58}},"194":{"start":{"line":195,"column":0},"end":{"line":195,"column":84}},"195":{"start":{"line":196,"column":0},"end":{"line":196,"column":37}},"196":{"start":{"line":197,"column":0},"end":{"line":197,"column":70}},"197":{"start":{"line":198,"column":0},"end":{"line":198,"column":38}},"198":{"start":{"line":199,"column":0},"end":{"line":199,"column":71}},"199":{"start":{"line":200,"column":0},"end":{"line":200,"column":39}},"200":{"start":{"line":201,"column":0},"end":{"line":201,"column":65}},"201":{"start":{"line":202,"column":0},"end":{"line":202,"column":20}},"202":{"start":{"line":203,"column":0},"end":{"line":203,"column":74}},"203":{"start":{"line":204,"column":0},"end":{"line":204,"column":9}},"204":{"start":{"line":205,"column":0},"end":{"line":205,"column":5}},"205":{"start":{"line":206,"column":0},"end":{"line":206,"column":0}},"206":{"start":{"line":207,"column":0},"end":{"line":207,"column":86}},"207":{"start":{"line":208,"column":0},"end":{"line":208,"column":45}},"208":{"start":{"line":209,"column":0},"end":{"line":209,"column":45}},"209":{"start":{"line":210,"column":0},"end":{"line":210,"column":56}},"210":{"start":{"line":211,"column":0},"end":{"line":211,"column":5}},"211":{"start":{"line":212,"column":0},"end":{"line":212,"column":0}},"212":{"start":{"line":213,"column":0},"end":{"line":213,"column":88}},"213":{"start":{"line":214,"column":0},"end":{"line":214,"column":45}},"214":{"start":{"line":215,"column":0},"end":{"line":215,"column":43}},"215":{"start":{"line":216,"column":0},"end":{"line":216,"column":56}},"216":{"start":{"line":217,"column":0},"end":{"line":217,"column":5}},"217":{"start":{"line":218,"column":0},"end":{"line":218,"column":0}},"218":{"start":{"line":219,"column":0},"end":{"line":219,"column":74}},"219":{"start":{"line":220,"column":0},"end":{"line":220,"column":65}},"220":{"start":{"line":221,"column":0},"end":{"line":221,"column":50}},"221":{"start":{"line":222,"column":0},"end":{"line":222,"column":5}},"222":{"start":{"line":223,"column":0},"end":{"line":223,"column":0}},"223":{"start":{"line":224,"column":0},"end":{"line":224,"column":79}},"224":{"start":{"line":225,"column":0},"end":{"line":225,"column":78}},"225":{"start":{"line":226,"column":0},"end":{"line":226,"column":5}},"226":{"start":{"line":227,"column":0},"end":{"line":227,"column":0}},"227":{"start":{"line":228,"column":0},"end":{"line":228,"column":80}},"228":{"start":{"line":229,"column":0},"end":{"line":229,"column":79}},"229":{"start":{"line":230,"column":0},"end":{"line":230,"column":5}},"230":{"start":{"line":231,"column":0},"end":{"line":231,"column":0}},"231":{"start":{"line":232,"column":0},"end":{"line":232,"column":103}},"232":{"start":{"line":233,"column":0},"end":{"line":233,"column":45}},"233":{"start":{"line":234,"column":0},"end":{"line":234,"column":50}},"234":{"start":{"line":235,"column":0},"end":{"line":235,"column":48}},"235":{"start":{"line":236,"column":0},"end":{"line":236,"column":85}},"236":{"start":{"line":237,"column":0},"end":{"line":237,"column":47}},"237":{"start":{"line":238,"column":0},"end":{"line":238,"column":57}},"238":{"start":{"line":239,"column":0},"end":{"line":239,"column":9}},"239":{"start":{"line":240,"column":0},"end":{"line":240,"column":23}},"240":{"start":{"line":241,"column":0},"end":{"line":241,"column":5}},"241":{"start":{"line":242,"column":0},"end":{"line":242,"column":0}},"242":{"start":{"line":243,"column":0},"end":{"line":243,"column":85}},"243":{"start":{"line":244,"column":0},"end":{"line":244,"column":45}},"244":{"start":{"line":245,"column":0},"end":{"line":245,"column":46}},"245":{"start":{"line":246,"column":0},"end":{"line":246,"column":46}},"246":{"start":{"line":247,"column":0},"end":{"line":247,"column":46}},"247":{"start":{"line":248,"column":0},"end":{"line":248,"column":84}},"248":{"start":{"line":249,"column":0},"end":{"line":249,"column":5}},"249":{"start":{"line":250,"column":0},"end":{"line":250,"column":0}},"250":{"start":{"line":251,"column":0},"end":{"line":251,"column":87}},"251":{"start":{"line":252,"column":0},"end":{"line":252,"column":45}},"252":{"start":{"line":253,"column":0},"end":{"line":253,"column":47}},"253":{"start":{"line":254,"column":0},"end":{"line":254,"column":70}},"254":{"start":{"line":255,"column":0},"end":{"line":255,"column":46}},"255":{"start":{"line":256,"column":0},"end":{"line":256,"column":50}},"256":{"start":{"line":257,"column":0},"end":{"line":257,"column":9}},"257":{"start":{"line":258,"column":0},"end":{"line":258,"column":23}},"258":{"start":{"line":259,"column":0},"end":{"line":259,"column":5}},"259":{"start":{"line":260,"column":0},"end":{"line":260,"column":0}},"260":{"start":{"line":261,"column":0},"end":{"line":261,"column":33}},"261":{"start":{"line":262,"column":0},"end":{"line":262,"column":43}},"262":{"start":{"line":263,"column":0},"end":{"line":263,"column":44}},"263":{"start":{"line":264,"column":0},"end":{"line":264,"column":45}},"264":{"start":{"line":265,"column":0},"end":{"line":265,"column":47}},"265":{"start":{"line":266,"column":0},"end":{"line":266,"column":49}},"266":{"start":{"line":267,"column":0},"end":{"line":267,"column":53}},"267":{"start":{"line":268,"column":0},"end":{"line":268,"column":67}},"268":{"start":{"line":269,"column":0},"end":{"line":269,"column":100}},"269":{"start":{"line":270,"column":0},"end":{"line":270,"column":5}},"270":{"start":{"line":271,"column":0},"end":{"line":271,"column":0}},"271":{"start":{"line":272,"column":0},"end":{"line":272,"column":93}},"272":{"start":{"line":273,"column":0},"end":{"line":273,"column":45}},"273":{"start":{"line":274,"column":0},"end":{"line":274,"column":51}},"274":{"start":{"line":275,"column":0},"end":{"line":275,"column":80}},"275":{"start":{"line":276,"column":0},"end":{"line":276,"column":50}},"276":{"start":{"line":277,"column":0},"end":{"line":277,"column":57}},"277":{"start":{"line":278,"column":0},"end":{"line":278,"column":9}},"278":{"start":{"line":279,"column":0},"end":{"line":279,"column":23}},"279":{"start":{"line":280,"column":0},"end":{"line":280,"column":5}},"280":{"start":{"line":281,"column":0},"end":{"line":281,"column":0}},"281":{"start":{"line":282,"column":0},"end":{"line":282,"column":80}},"282":{"start":{"line":283,"column":0},"end":{"line":283,"column":45}},"283":{"start":{"line":284,"column":0},"end":{"line":284,"column":47}},"284":{"start":{"line":285,"column":0},"end":{"line":285,"column":52}},"285":{"start":{"line":286,"column":0},"end":{"line":286,"column":46}},"286":{"start":{"line":287,"column":0},"end":{"line":287,"column":44}},"287":{"start":{"line":288,"column":0},"end":{"line":288,"column":67}},"288":{"start":{"line":289,"column":0},"end":{"line":289,"column":68}},"289":{"start":{"line":290,"column":0},"end":{"line":290,"column":9}},"290":{"start":{"line":291,"column":0},"end":{"line":291,"column":50}},"291":{"start":{"line":292,"column":0},"end":{"line":292,"column":5}},"292":{"start":{"line":293,"column":0},"end":{"line":293,"column":0}},"293":{"start":{"line":294,"column":0},"end":{"line":294,"column":88}},"294":{"start":{"line":295,"column":0},"end":{"line":295,"column":45}},"295":{"start":{"line":296,"column":0},"end":{"line":296,"column":43}},"296":{"start":{"line":297,"column":0},"end":{"line":297,"column":44}},"297":{"start":{"line":298,"column":0},"end":{"line":298,"column":63}},"298":{"start":{"line":299,"column":0},"end":{"line":299,"column":5}},"299":{"start":{"line":300,"column":0},"end":{"line":300,"column":0}},"300":{"start":{"line":301,"column":0},"end":{"line":301,"column":80}},"301":{"start":{"line":302,"column":0},"end":{"line":302,"column":45}},"302":{"start":{"line":303,"column":0},"end":{"line":303,"column":46}},"303":{"start":{"line":304,"column":0},"end":{"line":304,"column":46}},"304":{"start":{"line":305,"column":0},"end":{"line":305,"column":71}},"305":{"start":{"line":306,"column":0},"end":{"line":306,"column":5}},"306":{"start":{"line":307,"column":0},"end":{"line":307,"column":0}},"307":{"start":{"line":308,"column":0},"end":{"line":308,"column":87}},"308":{"start":{"line":309,"column":0},"end":{"line":309,"column":45}},"309":{"start":{"line":310,"column":0},"end":{"line":310,"column":41}},"310":{"start":{"line":311,"column":0},"end":{"line":311,"column":45}},"311":{"start":{"line":312,"column":0},"end":{"line":312,"column":47}},"312":{"start":{"line":313,"column":0},"end":{"line":313,"column":37}},"313":{"start":{"line":314,"column":0},"end":{"line":314,"column":18}},"314":{"start":{"line":315,"column":0},"end":{"line":315,"column":10}},"315":{"start":{"line":316,"column":0},"end":{"line":316,"column":0}},"316":{"start":{"line":317,"column":0},"end":{"line":317,"column":23}},"317":{"start":{"line":318,"column":0},"end":{"line":318,"column":39}},"318":{"start":{"line":319,"column":0},"end":{"line":319,"column":22}},"319":{"start":{"line":320,"column":0},"end":{"line":320,"column":54}},"320":{"start":{"line":321,"column":0},"end":{"line":321,"column":43}},"321":{"start":{"line":322,"column":0},"end":{"line":322,"column":69}},"322":{"start":{"line":323,"column":0},"end":{"line":323,"column":17}},"323":{"start":{"line":324,"column":0},"end":{"line":324,"column":22}},"324":{"start":{"line":325,"column":0},"end":{"line":325,"column":48}},"325":{"start":{"line":326,"column":0},"end":{"line":326,"column":44}},"326":{"start":{"line":327,"column":0},"end":{"line":327,"column":63}},"327":{"start":{"line":328,"column":0},"end":{"line":328,"column":54}},"328":{"start":{"line":329,"column":0},"end":{"line":329,"column":71}},"329":{"start":{"line":330,"column":0},"end":{"line":330,"column":17}},"330":{"start":{"line":331,"column":0},"end":{"line":331,"column":22}},"331":{"start":{"line":332,"column":0},"end":{"line":332,"column":42}},"332":{"start":{"line":333,"column":0},"end":{"line":333,"column":52}},"333":{"start":{"line":334,"column":0},"end":{"line":334,"column":40}},"334":{"start":{"line":335,"column":0},"end":{"line":335,"column":38}},"335":{"start":{"line":336,"column":0},"end":{"line":336,"column":20}},"336":{"start":{"line":337,"column":0},"end":{"line":337,"column":54}},"337":{"start":{"line":338,"column":0},"end":{"line":338,"column":0}},"338":{"start":{"line":339,"column":0},"end":{"line":339,"column":36}},"339":{"start":{"line":340,"column":0},"end":{"line":340,"column":59}},"340":{"start":{"line":341,"column":0},"end":{"line":341,"column":21}},"341":{"start":{"line":342,"column":0},"end":{"line":342,"column":36}},"342":{"start":{"line":343,"column":0},"end":{"line":343,"column":22}},"343":{"start":{"line":344,"column":0},"end":{"line":344,"column":50}},"344":{"start":{"line":345,"column":0},"end":{"line":345,"column":60}},"345":{"start":{"line":346,"column":0},"end":{"line":346,"column":62}},"346":{"start":{"line":347,"column":0},"end":{"line":347,"column":22}},"347":{"start":{"line":348,"column":0},"end":{"line":348,"column":47}},"348":{"start":{"line":349,"column":0},"end":{"line":349,"column":57}},"349":{"start":{"line":3
[...]
:{"line":207,"column":18}},"207":{"start":{"line":208,"column":0},"end":{"line":208,"column":2}},"208":{"start":{"line":209,"column":0},"end":{"line":209,"column":0}},"209":{"start":{"line":210,"column":0},"end":{"line":210,"column":64}},"210":{"start":{"line":211,"column":0},"end":{"line":211,"column":48}},"211":{"start":{"line":212,"column":0},"end":{"line":212,"column":34}},"212":{"start":{"line":213,"column":0},"end":{"line":213,"column":29}},"213":{"start":{"line":214,"column":0},"end":{"line":214,"column":47}},"214":{"start":{"line":215,"column":0},"end":{"line":215,"column":21}},"215":{"start":{"line":216,"column":0},"end":{"line":216,"column":32}},"216":{"start":{"line":217,"column":0},"end":{"line":217,"column":37}},"217":{"start":{"line":218,"column":0},"end":{"line":218,"column":46}},"218":{"start":{"line":219,"column":0},"end":{"line":219,"column":18}},"219":{"start":{"line":220,"column":0},"end":{"line":220,"column":2}},"220":{"start":{"line":221,"column":0},"end":{"line":221,"column":0}},"221":{"start":{"line":222,"column":0},"end":{"line":222,"column":72}},"222":{"start":{"line":223,"column":0},"end":{"line":223,"column":75}},"223":{"start":{"line":224,"column":0},"end":{"line":224,"column":0}},"224":{"start":{"line":225,"column":0},"end":{"line":225,"column":47}},"225":{"start":{"line":226,"column":0},"end":{"line":226,"column":19}},"226":{"start":{"line":227,"column":0},"end":{"line":227,"column":71}},"227":{"start":{"line":228,"column":0},"end":{"line":228,"column":26}},"228":{"start":{"line":229,"column":0},"end":{"line":229,"column":29}},"229":{"start":{"line":230,"column":0},"end":{"line":230,"column":33}},"230":{"start":{"line":231,"column":0},"end":{"line":231,"column":2}},"231":{"start":{"line":232,"column":0},"end":{"line":232,"column":0}},"232":{"start":{"line":233,"column":0},"end":{"line":233,"column":44}},"233":{"start":{"line":234,"column":0},"end":{"line":234,"column":48}},"234":{"start":{"line":235,"column":0},"end":{"line":235,"column":44}},"235":{"start":{"line":236,"column":0},"end":{"line":236,"column":2}},"236":{"start":{"line":237,"column":0},"end":{"line":237,"column":0}},"237":{"start":{"line":238,"column":0},"end":{"line":238,"column":45}},"238":{"start":{"line":239,"column":0},"end":{"line":239,"column":55}},"239":{"start":{"line":240,"column":0},"end":{"line":240,"column":2}},"240":{"start":{"line":241,"column":0},"end":{"line":241,"column":0}},"241":{"start":{"line":242,"column":0},"end":{"line":242,"column":47}},"242":{"start":{"line":243,"column":0},"end":{"line":243,"column":50}},"243":{"start":{"line":244,"column":0},"end":{"line":244,"column":2}},"244":{"start":{"line":245,"column":0},"end":{"line":245,"column":0}},"245":{"start":{"line":246,"column":0},"end":{"line":246,"column":91}},"246":{"start":{"line":247,"column":0},"end":{"line":247,"column":0}},"247":{"start":{"line":248,"column":0},"end":{"line":248,"column":47}},"248":{"start":{"line":249,"column":0},"end":{"line":249,"column":45}},"249":{"start":{"line":250,"column":0},"end":{"line":250,"column":43}},"250":{"start":{"line":251,"column":0},"end":{"line":251,"column":53}},"251":{"start":{"line":252,"column":0},"end":{"line":252,"column":0}},"252":{"start":{"line":253,"column":0},"end":{"line":253,"column":19}},"253":{"start":{"line":254,"column":0},"end":{"line":254,"column":12}},"254":{"start":{"line":255,"column":0},"end":{"line":255,"column":13}},"255":{"start":{"line":256,"column":0},"end":{"line":256,"column":15}},"256":{"start":{"line":257,"column":0},"end":{"line":257,"column":35}},"257":{"start":{"line":258,"column":0},"end":{"line":258,"column":32}},"258":{"start":{"line":259,"column":0},"end":{"line":259,"column":10}},"259":{"start":{"line":260,"column":0},"end":{"line":260,"column":10}},"260":{"start":{"line":261,"column":0},"end":{"line":261,"column":9}},"261":{"start":{"line":262,"column":0},"end":{"line":262,"column":12}},"262":{"start":{"line":263,"column":0},"end":{"line":263,"column":13}},"263":{"start":{"line":264,"column":0},"end":{"line":264,"column":10}},"264":{"start":{"line":265,"column":0},"end":{"line":265,"column":29}},"265":{"start":{"line":266,"column":0},"end":{"line":266,"column":27}},"266":{"start":{"line":267,"column":0},"end":{"line":267,"column":25}},"267":{"start":{"line":268,"column":0},"end":{"line":268,"column":13}},"268":{"start":{"line":269,"column":0},"end":{"line":269,"column":35}},"269":{"start":{"line":270,"column":0},"end":{"line":270,"column":13}},"270":{"start":{"line":271,"column":0},"end":{"line":271,"column":10}},"271":{"start":{"line":272,"column":0},"end":{"line":272,"column":2}},"272":{"start":{"line":273,"column":0},"end":{"line":273,"column":0}},"273":{"start":{"line":274,"column":0},"end":{"line":274,"column":21}}},"s":{"0":1,"1":1,"2":2,"3":2,"4":2,"5":2,"6":2,"7":2,"8":2,"9":2,"10":2,"11":2,"12":2,"13":2,"14":2,"15":2,"16":2,"17":1,"18":1,"19":1,"20":1,"21":1,"22":1,"23":1,"24":2,"25":2,"26":1,"27":1,"28":1,"29":1,"30":1,"31":1,"32":1,"33":1,"34":1,"35":1,"36":1,"37":1,"38":1,"39":1,"40":1,"41":1,"42":1,"43":1,"44":1,"45":1,"46":1,"47":1,"48":1,"49":1,"50":1,"51":1,"52":1,"53":1,"54":1,"55":1,"56":1,"57":1,"58":1,"59":1,"60":1,"61":1,"62":1,"63":1,"64":1,"65":1,"66":1,"67":1,"68":1,"69":1,"70":1,"71":1,"72":3,"73":3,"74":3,"75":3,"76":3,"77":3,"78":3,"79":3,"80":0,"81":0,"82":0,"83":0,"84":0,"85":0,"86":3,"87":3,"88":3,"89":3,"90":3,"91":3,"92":3,"93":3,"94":3,"95":3,"96":3,"97":4,"98":4,"99":3,"100":3,"101":3,"102":1,"103":1,"104":1,"105":1,"106":1,"107":1,"108":1,"109":1,"110":1,"111":1,"112":1,"113":1,"114":1,"115":1,"116":1,"117":2,"118":2,"119":2,"120":2,"121":1,"122":1,"123":4,"124":12,"125":12,"126":6,"127":6,"128":6,"129":6,"130":6,"131":1,"132":1,"133":1,"134":1,"135":1,"136":6,"137":5,"138":5,"139":5,"140":5,"141":5,"142":12,"143":4,"144":1,"145":1,"146":4,"147":4,"148":4,"149":4,"150":4,"151":4,"152":4,"153":4,"154":4,"155":4,"156":4,"157":4,"158":4,"159":4,"160":4,"161":4,"162":4,"163":4,"164":4,"165":1,"166":1,"167":1,"168":1,"169":1,"170":1,"171":1,"172":1,"173":1,"174":2,"175":2,"176":1,"177":1,"178":1,"179":2,"180":2,"181":2,"182":2,"183":2,"184":2,"185":2,"186":2,"187":2,"188":2,"189":2,"190":2,"191":2,"192":2,"193":1,"194":1,"195":1,"196":1,"197":1,"198":1,"199":1,"200":1,"201":1,"202":1,"203":1,"204":1,"205":1,"206":1,"207":1,"208":1,"209":1,"210":4,"211":4,"212":4,"213":4,"214":4,"215":4,"216":4,"217":4,"218":4,"219":4,"220":1,"221":1,"222":1,"223":1,"224":1,"225":2,"226":2,"227":2,"228":1,"229":2,"230":2,"231":1,"232":1,"233":2,"234":2,"235":2,"236":1,"237":1,"238":1,"239":1,"240":1,"241":1,"242":1,"243":1,"244":1,"245":1,"246":1,"247":1,"248":1,"249":1,"250":1,"251":1,"252":1,"253":1,"254":1,"255":1,"256":1,"257":1,"258":1,"259":1,"260":1,"261":1,"262":1,"263":1,"264":1,"265":1,"266":1,"267":1,"268":1,"269":1,"270":1,"271":1,"272":1,"273":1},"branchMap":{"0":{"type":"branch","line":3,"loc":{"start":{"line":3,"column":0},"end":{"line":17,"column":1}},"locations":[{"start":{"line":3,"column":0},"end":{"line":17,"column":1}}]},"1":{"type":"branch","line":21,"loc":{"start":{"line":21,"column":16},"end":{"line":36,"column":2}},"locations":[{"start":{"line":21,"column":16},"end":{"line":36,"column":2}}]},"2":{"type":"branch","line":24,"loc":{"start":{"line":24,"column":41},"end":{"line":26,"column":5}},"locations":[{"start":{"line":24,"column":41},"end":{"line":26,"column":5}}]},"3":{"type":"branch","line":38,"loc":{"start":{"line":38,"column":19},"end":{"line":43,"column":2}},"locations":[{"start":{"line":38,"column":19},"end":{"line":43,"column":2}}]},"4":{"type":"branch","line":45,"loc":{"start":{"line":45,"column":17},"end":{"line":47,"column":2}},"locations":[{"start":{"line":45,"column":17},"end":{"line":47,"column":2}}]},"5":{"type":"branch","line":49,"loc":{"start":{"line":49,"column":39},"end":{"line":54,"column":2}},"locations":[{"start":{"line":49,"column":39},"end":{"line":54,"column":2}}]},"6":{"type":"branch","line":56,"loc":{"start":{"line":56,"column":36},"end":{"line":58,"column":2}},"locations":[{"start":{"line":56,"column":36},"end":{"line":58,"column":2}}]},"7":{"type":"branch","line":60,"loc":{"start":{"line":60,"column":14},"end":{"line":62,"column":2}},"locations":[{"start":{"line":60,"column":14},"end":{"line":62,"column":2}}]},"8":{"type":"branch","line":72,"loc":{"start":{"line":72,"column":14},"end":{"line":102,"column":2}},"locations":[{"start":{"line":72,"column":14},"end":{"line":102,"column":2}}]},"9":{"type":"branch","line":79,"loc":{"start":{"line":79,"column":27},"end":{"line":79,"column":33}},"locations":[{"start":{"line":79,"column":27},"end":{"line":79,"column":33}}]},"10":{"type":"branch","line":80,"loc":{"start":{"line":80,"column":26},"end":{"line":86,"column":5}},"locations":[{"start":{"line":80,"column":26},"end":{"line":86,"column":5}}]},"11":{"type":"branch","line":88,"loc":{"start":{"line":88,"column":29},"end":{"line":88,"column":43}},"locations":[{"start":{"line":88,"column":29},"end":{"line":88,"column":43}}]},"12":{"type":"branch","line":97,"loc":{"start":{"line":97,"column":34},"end":{"line":99,"column":5}},"locations":[{"start":{"line":97,"column":34},"end":{"line":99,"column":5}}]},"13":{"type":"branch","line":118,"loc":{"start":{"line":118,"column":0},"end":{"line":121,"column":1}},"locations":[{"start":{"line":118,"column":0},"end":{"line":121,"column":1}}]},"14":{"type":"branch","line":123,"loc":{"start":{"line":123,"column":20},"end":{"line":144,"column":2}},"locations":[{"start":{"line":123,"column":20},"end":{"line":144,"column":2}}]},"15":{"type":"branch","line":124,"loc":{"start":{"line":124,"column":44},"end":{"line":143,"column":5}},"locations":[{"start":{"line":124,"column":44},"end":{"line":143,"column":5}}]},"16":{"type":"branch","line":125,"loc":{"start":{"line":125,"column":38},"end":{"line":125,"column":65}},"locations":[{"start":{"line":125,"column":38},"end":{"line":125,"column":65}}]},"17":{"type":"branch","line":125,"loc":{"start":{"line":125,"column":66},"end":{"line":125,"column":77}},"locations":[{"start":{"line":125,"column":66},"end":{"line":125,"column":77}}]},"18":{"type":"branch","line":126,"loc":{"start":{"line":126,"column":31},"end":{"line":142,"column":9}},"locations":[{"start":{"line":126,"column":31},"end":{"line":142,"column":9}}]},"19":{"type":"branch","line":131,"loc":{"start":{"line":131,"column":48},"end":{"line":137,"column":15}},"locations":[{"start":{"line":131,"column":48},"end":{"line":137,"column":15}}]},"20":{"type":"branch","line":137,"loc":{"start":{"line":137,"column":9},"end":{"line":142,"column":9}},"locations":[{"start":{"line":137,"column":9},"end":{"line":142,"column":9}}]},"21":{"type":"branch","line":146,"loc":{"start":{"line":146,"column":13},"end":{"line":165,"column":2}},"locations":[{"start":{"line":146,"column":13},"end":{"line":165,"column":2}}]},"22":{"type":"branch","line":148,"loc":{"start":{"line":148,"column":32},"end":{"line":148,"column":38}},"locations":[{"start":{"line":148,"column":32},"end":{"line":148,"column":38}}]},"23":{"type":"branch","line":149,"loc":{"start":{"line":149,"column":38},"end":{"line":149,"column":44}},"locations":[{"start":{"line":149,"column":38},"end":{"line":149,"column":44}}]},"24":{"type":"branch","line":151,"loc":{"start":{"line":151,"column":32},"end":{"line":151,"column":46}},"locations":[{"start":{"line":151,"column":32},"end":{"line":151,"column":46}}]},"25":{"type":"branch","line":163,"loc":{"start":{"line":163,"column":27},"end":{"line":163,"column":46}},"locations":[{"start":{"line":163,"column":27},"end":{"line":163,"column":46}}]},"26":{"type":"branch","line":174,"loc":{"start":{"line":174,"column":16},"end":{"line":193,"column":2}},"locations":[{"start":{"line":174,"column":16},"end":{"line":193,"column":2}}]},"27":{"type":"branch","line":176,"loc":{"start":{"line":176,"column":15},"end":{"line":176,"column":51}},"locations":[{"start":{"line":176,"column":15},"end":{"line":176,"column":51}}]},"28":{"type":"branch","line":176,"loc":{"start":{"line":176,"column":34},"end":{"line":176,"column":50}},"locations":[{"start":{"line":176,"column":34},"end":{"line":176,"column":50}}]},"29":{"type":"branch","line":176,"loc":{"start":{"line":176,"column":53},"end":{"line":180,"column":36}},"locations":[{"start":{"line":176,"column":53},"end":{"line":180,"column":36}}]},"30":{"type":"branch","line":180,"loc":{"start":{"line":180,"column":32},"end":{"line":180,"column":38}},"locations":[{"start":{"line":180,"column":32},"end":{"line":180,"column":38}}]},"31":{"type":"branch","line":181,"loc":{"start":{"line":181,"column":28},"end":{"line":181,"column":33}},"locations":[{"start":{"line":181,"column":28},"end":{"line":181,"column":33}}]},"32":{"type":"branch","line":195,"loc":{"start":{"line":195,"column":15},"end":{"line":203,"column":2}},"locations":[{"start":{"line":195,"column":15},"end":{"line":203,"column":2}}]},"33":{"type":"branch","line":210,"loc":{"start":{"line":210,"column":23},"end":{"line":220,"column":2}},"locations":[{"start":{"line":210,"column":23},"end":{"line":220,"column":2}}]},"34":{"type":"branch","line":225,"loc":{"start":{"line":225,"column":17},"end":{"line":231,"column":2}},"locations":[{"start":{"line":225,"column":17},"end":{"line":231,"column":2}}]},"35":{"type":"branch","line":227,"loc":{"start":{"line":227,"column":8},"end":{"line":227,"column":71}},"locations":[{"start":{"line":227,"column":8},"end":{"line":227,"column":71}}]},"36":{"type":"branch","line":227,"loc":{"start":{"line":227,"column":62},"end":{"line":227,"column":68}},"locations":[{"start":{"line":227,"column":62},"end":{"line":227,"column":68}}]},"37":{"type":"branch","line":228,"loc":{"start":{"line":228,"column":8},"end":{"line":230,"column":32}},"locations":[{"start":{"line":228,"column":8},"end":{"line":230,"column":32}}]},"38":{"type":"branch","line":230,"loc":{"start":{"line":230,"column":8},"end":{"line":230,"column":32}},"locations":[{"start":{"line":230,"column":8},"end":{"line":230,"column":32}}]},"39":{"type":"branch","line":233,"loc":{"start":{"line":233,"column":14},"end":{"line":236,"column":2}},"locations":[{"start":{"line":233,"column":14},"end":{"line":236,"column":2}}]},"40":{"type":"branch","line":234,"loc":{"start":{"line":234,"column":39},"end":{"line":234,"column":45}},"locations":[{"start":{"line":234,"column":39},"end":{"line":234,"column":45}}]},"41":{"type":"branch","line":238,"loc":{"start":{"line":238,"column":17},"end":{"line":240,"column":2}},"locations":[{"start":{"line":238,"column":17},"end":{"line":240,"column":2}}]},"42":{"type":"branch","line":242,"loc":{"start":{"line":242,"column":17},"end":{"line":244,"column":2}},"locations":[{"start":{"line":242,"column":17},"end":{"line":244,"column":2}}]},"43":{"type":"branch","line":246,"loc":{"start":{"line":246,"column":23},"end":{"line":246,"column":90}},"locations":[{"start":{"line":246,"column":23},"end":{"line":246,"column":90}}]},"44":{"type":"branch","line":265,"loc":{"start":{"line":265,"column":11},"end":{"line":265,"column":28}},"locations":[{"start":{"line":265,"column":11},"end":{"line":265,"column":28}}]},"45":{"type":"branch","line":266,"loc":{"start":{"line":266,"column":10},"end":{"line":266,"column":26}},"locations":[{"start":{"line":266,"column":10},"end":{"line":266,"column":26}}]},"46":{"type":"branch","line":267,"loc":{"start":{"line":267,"column":9},"end":{"line":267,"column":24}},"locations":[{"start":{"line":267,"column":9},"end":{"line":267,"column":24}}]},"47":{"type":"branch","line":269,"loc":{"start":{"line":269,"column":14},"end":{"line":269,"column":34}},"locations":[{"start":{"line":269,"column":14},"end":{"line":269,"column":34}}]}},"b":{"0":[2],"1":[1],"2":[2],"3":[1],"4":[1],"5":[1],"6":[1],"7":[1],"8":[3],"9":[1],"10":[0],"11":[1],"12":[4],"13":[2],"14":[4],"15":[12],"16":[4],"17":[8],"18":[6],"19":[1],"20":[5],"21":[4],"22":[1],"23":[1],"24":[1],"25":[0],"26":[2],"27":[1],"28":[0],"29":[1],"30":[0],"31":[0],"32":[1],"33":[4],"34":[2],"35":[1],"36":[0],"37":[1],"38":[0],"39":[2],"40":[1],"41":[1],"42":[1],"43":[8],"44":[1],"45":[1],"46":[1],"47":[1]},"fnMap":{"0":{"name":"startup","decl":{"start":{"line":21,"column":16},"end":{"line":36,"column":2}},"loc":{"start":{"line":21,"column":16},"end":{"line":36,"column":2}},"line":21},"1":{"name":"requestSsl","decl":{"start":{"line":38,"column":19},"end":{"line":43,"column":2}},"loc":{"start":{"line":38,"column":19},"end":{"line":43,"column":2}},"line":38},"2":{"name":"password","decl":{"start":{"line":45,"column":17},"end":{"line":47,"column":2}},"loc":{"start":{"line":45,"column":17},"end":{"line":47,"column":2}},"line":45},"3":{"name":"sendSASLInitialResponseMessage","decl":{"start":{"line":49,"column":39},"end":{"line":54,"column":2}},"loc":{"start":{"line":49,"column":39},"end":{"line":54,"column":2}},"line":49},"4":{"name":"sendSCRAMClientFinalMessage","decl":{"start":{"line":56,"column":36},"end":{"line":58,"column":2}},"loc":{"start":{"line":56,"column":36},"end":{"line":58,"column":2}},"line":56},"5":{"name":"query","decl":{"start":{"line":60,"column":14},"end":{"line":62,"column":2}},"loc":{"start":{"line":60,"column":14},"end":{"line":62,"column":2}},"line":60},"6":{"name":"parse","decl":{"start":{"line":72,"column":14},"end":{"line":102,"column":2}},"loc":{"start":{"line":72,"column":14},"end":{"line":102,"column":2}},"line":72},"7":{"name":"writeValues","decl":{"start":{"line":123,"column":20},"end":{"line":144,"column":2}},"loc":{"start":{"line":123,"column":20},"end":{"line":144,"column":2}},"line":123},"8":{"name":"bind","decl":{"start":{"line":146,"column":13},"end":{"line":165,"column":2}},"loc":{"start":{"line":146,"column":13},"end":{"line":165,"column":2}},"line":146},"9":{"name":"execute","decl":{"start":{"line":174,"column":16},"end":{"line":193,"column":2}},"loc":{"start":{"line":174,"column":16},"end":{"line":193,"column":2}},"line":174},"10":{"name":"cancel","decl":{"start":{"line":195,"column":15},"end":{"line":203,"column":2}},"loc":{"start":{"line":195,"column":15},"end":{"line":203,"column":2}},"line":195},"11":{"name":"cstringMessage","decl":{"start":{"line":210,"column":23},"end":{"line":220,"column":2}},"loc":{"start":{"line":210,"column":23},"end":{"line":220,"column":2}},"line":210},"12":{"name":"describe","decl":{"start":{"line":225,"column":17},"end":{"line":231,"column":2}},"loc":{"start":{"line":225,"column":17},"end":{"line":231,"column":2}},"line":225},"13":{"name":"close","decl":{"start":{"line":233,"column":14},"end":{"line":236,"column":2}},"loc":{"start":{"line":233,"column":14},"end":{"line":236,"column":2}},"line":233},"14":{"name":"copyData","decl":{"start":{"line":238,"column":17},"end":{"line":240,"column":2}},"loc":{"start":{"line":238,"column":17},"end":{"line":240,"column":2}},"line":238},"15":{"name":"copyFail","decl":{"start":{"line":242,"column":17},"end":{"line":244,"column":2}},"loc":{"start":{"line":242,"column":17},"end":{"line":244,"column":2}},"line":242},"16":{"name":"codeOnlyBuffer","decl":{"start":{"line":246,"column":23},"end":{"line":246,"column":90}},"loc":{"start":{"line":246,"column":23},"end":{"line":246,"column":90}},"line":246},"17":{"name":"flush","decl":{"start":{"line":265,"column":11},"end":{"line":265,"column":28}},"loc":{"start":{"line":265,"column":11},"end":{"line":265,"column":28}},"line":265},"18":{"name":"sync","decl":{"start":{"line":266,"column":10},"end":{"line":266,"column":26}},"loc":{"start":{"line":266,"column":10},"end":{"line":266,"column":26}},"line":266},"19":{"name":"end","decl":{"start":{"line":267,"column":9},"end":{"line":267,"column":24}},"loc":{"start":{"line":267,"column":9},"end":{"line":267,"column":24}},"line":267},"20":{"name":"copyDone","decl":{"start":{"line":269,"column":14},"end":{"line":269,"column":34}},"loc":{"start":{"line":269,"column":14},"end":{"line":269,"column":34}},"line":269}},"f":{"0":1,"1":1,"2":1,"3":1,"4":1,"5":1,"6":3,"7":4,"8":4,"9":2,"10":1,"11":4,"12":2,"13":2,"14":1,"15":1,"16":8,"17":1,"18":1,"19":1,"20":1}}
}
