TN:
SF:src\b.ts
FN:1,(empty-report)
FNF:1
FNH:0
FNDA:0,(empty-report)
DA:1,0
DA:2,0
DA:3,0
DA:4,0
DA:5,0
DA:6,0
DA:7,0
DA:8,0
DA:9,0
DA:10,0
DA:11,0
DA:12,0
DA:13,0
DA:14,0
DA:15,0
DA:16,0
DA:17,0
DA:18,0
DA:19,0
DA:20,0
DA:21,0
DA:22,0
DA:23,0
DA:24,0
DA:25,0
LF:25
LH:0
BRDA:1,0,0,0
BRF:1
BRH:0
end_of_record
TN:
SF:src\buffer-reader.ts
FN:3,<instance_members_initializer>
FN:9,BufferReader
FN:11,setBuffer
FN:16,int16
FN:22,byte
FN:28,int32
FN:34,string
FN:42,cstring
FN:51,bytes
FNF:9
FNH:9
FNDA:51,<instance_members_initializer>
FNDA:51,BufferReader
FNDA:48,setBuffer
FNDA:39,int16
FNDA:4,byte
FNDA:61,int32
FNDA:55,string
FNDA:24,cstring
FNDA:1,bytes
DA:1,1
DA:2,1
DA:3,51
DA:4,51
DA:5,51
DA:6,51
DA:7,51
DA:8,51
DA:9,51
DA:10,51
DA:11,51
DA:12,48
DA:13,48
DA:14,48
DA:15,51
DA:16,51
DA:17,39
DA:18,39
DA:19,39
DA:20,39
DA:21,51
DA:22,51
DA:23,4
DA:24,4
DA:25,4
DA:26,4
DA:27,51
DA:28,51
DA:29,61
DA:30,61
DA:31,61
DA:32,61
DA:33,51
DA:34,51
DA:35,55
DA:36,55
DA:37,55
DA:38,55
DA:39,55
DA:40,55
DA:41,51
DA:42,51
DA:43,24
DA:44,24
DA:45,24
DA:46,24
DA:47,24
DA:48,24
DA:49,24
DA:50,51
DA:51,51
DA:52,1
DA:53,1
DA:54,1
DA:55,1
DA:56,51
LF:56
LH:56
BRDA:3,0,0,51
BRDA:9,1,0,51
BRDA:11,2,0,48
BRDA:16,3,0,39
BRDA:22,4,0,4
BRDA:28,5,0,61
BRDA:34,6,0,55
BRDA:42,7,0,24
BRDA:45,8,0,125
BRDA:51,9,0,1
BRF:10
BRH:10
end_of_record
TN:
SF:src\buffer-writer.ts
FN:3,<instance_members_initializer>
FN:7,Writer
FN:11,ensure
FN:23,addInt32
FN:32,addInt16
FN:39,addCString
FN:53,addString
FN:61,add
FN:68,join
FN:78,flush
FNF:10
FNH:10
FNDA:5,<instance_members_initializer>
FNDA:5,Writer
FNDA:89,ensure
FNDA:18,addInt32
FNDA:29,addInt16
FNDA:28,addCString
FNDA:7,addString
FNDA:7,add
FNDA:22,join
FNDA:22,flush
DA:1,1
DA:2,1
DA:3,5
DA:4,5
DA:5,5
DA:6,5
DA:7,5
DA:8,5
DA:9,5
DA:10,5
DA:11,5
DA:12,89
DA:13,89
DA:14,0
DA:15,0
DA:16,0
DA:17,0
DA:18,0
DA:19,0
DA:20,0
DA:21,89
DA:22,5
DA:23,5
DA:24,18
DA:25,18
DA:26,18
DA:27,18
DA:28,18
DA:29,18
DA:30,18
DA:31,5
DA:32,5
DA:33,29
DA:34,29
DA:35,29
DA:36,29
DA:37,29
DA:38,5
DA:39,5
DA:40,28
DA:41,4
DA:42,28
DA:43,24
DA:44,24
DA:45,24
DA:46,24
DA:47,24
DA:48,28
DA:49,28
DA:50,28
DA:51,28
DA:52,5
DA:53,5
DA:54,7
DA:55,7
DA:56,7
DA:57,7
DA:58,7
DA:59,7
DA:60,5
DA:61,5
DA:62,7
DA:63,7
DA:64,7
DA:65,7
DA:66,7
DA:67,5
DA:68,5
DA:69,22
DA:70,16
DA:71,16
DA:72,16
DA:73,16
DA:74,16
DA:75,22
DA:76,22
DA:77,5
DA:78,5
DA:79,22
DA:80,22
DA:81,22
DA:82,22
DA:83,22
DA:84,22
DA:85,5
LF:85
LH:78
BRDA:3,0,0,5
BRDA:7,1,0,5
BRDA:11,2,0,89
BRDA:13,3,0,0
BRDA:23,4,0,18
BRDA:32,5,0,29
BRDA:39,6,0,28
BRDA:40,7,0,4
BRDA:42,8,0,24
BRDA:53,9,0,7
BRDA:61,10,0,7
BRDA:68,11,0,22
BRDA:69,12,0,16
BRDA:75,13,0,16
BRDA:75,14,0,6
BRDA:78,15,0,22
BRF:16
BRH:15
end_of_record
TN:
SF:src\index.ts
FN:13,get
FN:13,get
FN:5,parse
FNF:3
FNH:1
FNDA:0,get
FNDA:0,get
FNDA:51,parse
DA:1,1
DA:2,1
DA:3,1
DA:4,1
DA:5,51
DA:6,51
DA:7,51
DA:8,51
DA:9,51
DA:10,51
DA:11,51
DA:12,1
DA:13,1
LF:13
LH:13
BRDA:5,0,0,51
BRDA:7,1,0,57
BRDA:10,2,0,51
BRDA:10,3,0,51
BRF:4
BRH:4
end_of_record
TN:
SF:src\messages.ts
FN:97,<instance_members_initializer>
FN:114,DatabaseError
FN:123,<instance_members_initializer>
FN:125,CopyDataMessage
FN:131,<instance_members_initializer>
FN:133,CopyResponse
FN:143,<instance_members_initializer>
FN:144,Field
FN:155,<instance_members_initializer>
FN:158,RowDescriptionMessage
FN:166,<instance_members_initializer>
FN:169,ParameterDescriptionMessage
FN:177,<instance_members_initializer>
FN:179,ParameterStatusMessage
FN:186,<instance_members_initializer>
FN:188,AuthenticationMD5Password
FN:194,<instance_members_initializer>
FN:196,BackendKeyDataMessage
FN:203,<instance_members_initializer>
FN:205,NotificationResponseMessage
FN:213,<instance_members_initializer>
FN:215,ReadyForQueryMessage
FN:221,<instance_members_initializer>
FN:223,CommandCompleteMessage
FN:229,<instance_members_initializer>
FN:232,DataRowMessage
FN:240,<instance_members_initializer>
FN:241,NoticeMessage
FNF:28
FNH:28
FNDA:2,<instance_members_initializer>
FNDA:2,DatabaseError
FNDA:1,<instance_members_initializer>
FNDA:1,CopyDataMessage
FNDA:4,<instance_members_initializer>
FNDA:4,CopyResponse
FNDA:3,<instance_members_initializer>
FNDA:3,Field
FNDA:3,<instance_members_initializer>
FNDA:3,RowDescriptionMessage
FNDA:3,<instance_members_initializer>
FNDA:3,ParameterDescriptionMessage
FNDA:1,<instance_members_initializer>
FNDA:1,ParameterStatusMessage
FNDA:1,<instance_members_initializer>
FNDA:1,AuthenticationMD5Password
FNDA:1,<instance_members_initializer>
FNDA:1,BackendKeyDataMessage
FNDA:1,<instance_members_initializer>
FNDA:1,NotificationResponseMessage
FNDA:8,<instance_members_initializer>
FNDA:8,ReadyForQueryMessage
FNDA:1,<instance_members_initializer>
FNDA:1,CommandCompleteMessage
FNDA:15,<instance_members_initializer>
FNDA:15,DataRowMessage
FNDA:1,<instance_members_initializer>
FNDA:1,NoticeMessage
DA:1,1
DA:2,1
DA:3,1
DA:4,1
DA:5,1
DA:6,1
DA:7,1
DA:8,1
DA:9,1
DA:10,1
DA:11,1
DA:12,1
DA:13,1
DA:14,1
DA:15,1
DA:16,1
DA:17,1
DA:18,1
DA:19,1
DA:20,1
DA:21,1
DA:22,1
DA:23,1
DA:24,1
DA:25,1
DA:26,1
DA:27,1
DA:28,1
DA:29,1
DA:30,1
DA:31,1
DA:32,1
DA:33,1
DA:34,1
DA:35,1
DA:36,1
DA:37,1
DA:38,1
DA:39,1
DA:40,1
DA:41,1
DA:42,1
DA:43,1
DA:44,1
DA:45,1
DA:46,1
DA:47,1
DA:48,1
DA:49,1
DA:50,1
DA:51,1
DA:52,1
DA:53,1
DA:54,1
DA:55,1
DA:56,1
DA:57,1
DA:58,1
DA:59,1
DA:60,1
DA:61,1
DA:62,1
DA:63,1
DA:64,1
DA:65,1
DA:66,1
DA:67,1
DA:68,1
DA:69,1
DA:70,1
DA:71,1
DA:72,1
DA:73,1
DA:74,1
DA:75,1
DA:76,1
DA:77,1
DA:78,1
DA:79,1
DA:80,1
DA:81,1
DA:82,1
DA:83,1
DA:84,1
DA:85,1
DA:86,1
DA:87,1
DA:88,1
DA:89,1
DA:90,1
DA:91,1
DA:92,1
DA:93,1
DA:94,1
DA:95,1
DA:96,1
DA:97,2
DA:98,2
DA:99,2
DA:100,2
DA:101,2
DA:102,2
DA:103,2
DA:104,2
DA:105,2
DA:106,2
DA:107,2
DA:108,2
DA:109,2
DA:110,2
DA:111,2
DA:112,2
DA:113,2
DA:114,2
DA:115,2
DA:116,2
DA:117,2
DA:118,2
DA:119,2
DA:120,2
DA:121,2
DA:122,1
DA:123,1
DA:124,1
DA:125,1
DA:126,1
DA:127,1
DA:128,1
DA:129,1
DA:130,1
DA:131,4
DA:132,4
DA:133,4
DA:134,4
DA:135,4
DA:136,4
DA:137,4
DA:138,4
DA:139,4
DA:140,4
DA:141,4
DA:142,1
DA:143,3
DA:144,3
DA:145,3
DA:146,3
DA:147,3
DA:148,3
DA:149,3
DA:150,3
DA:151,3
DA:152,3
DA:153,3
DA:154,1
DA:155,3
DA:156,3
DA:157,3
DA:158,3
DA:159,3
DA:160,3
DA:161,3
DA:162,3
DA:163,3
DA:164,3
DA:165,1
DA:166,3
DA:167,3
DA:168,3
DA:169,3
DA:170,3
DA:171,3
DA:172,3
DA:173,3
DA:174,3
DA:175,3
DA:176,1
DA:177,1
DA:178,1
DA:179,1
DA:180,1
DA:181,1
DA:182,1
DA:183,1
DA:184,1
DA:185,1
DA:186,1
DA:187,1
DA:188,1
DA:189,1
DA:190,1
DA:191,1
DA:192,1
DA:193,1
DA:194,1
DA:195,1
DA:196,1
DA:197,1
DA:198,1
DA:199,1
DA:200,1
DA:201,1
DA:202,1
DA:203,1
DA:204,1
DA:205,1
DA:206,1
DA:207,1
DA:208,1
DA:209,1
DA:210,1
DA:211,1
DA:212,1
DA:213,8
DA:214,8
DA:215,8
DA:216,8
DA:217,8
DA:218,8
DA:219,8
DA:220,1
DA:221,1
DA:222,1
DA:223,1
DA:224,1
DA:225,1
DA:226,1
DA:227,1
DA:228,1
DA:229,15
DA:230,15
DA:231,15
DA:232,15
DA:233,15
DA:234,15
DA:235,15
DA:236,15
DA:237,15
DA:238,15
DA:239,1
DA:240,1
DA:241,1
DA:242,1
DA:243,1
DA:244,1
DA:245,1
DA:246,1
DA:247,1
DA:248,1
DA:249,1
DA:250,1
DA:251,1
DA:252,1
DA:253,1
DA:254,1
DA:255,1
DA:256,1
DA:257,1
DA:258,1
DA:259,1
DA:260,1
DA:261,1
DA:262,1
LF:262
LH:262
BRDA:97,0,0,2
BRDA:114,1,0,2
BRDA:123,2,0,1
BRDA:125,3,0,1
BRDA:131,4,0,4
BRDA:133,5,0,4
BRDA:143,6,0,3
BRDA:144,7,0,3
BRDA:155,8,0,3
BRDA:158,9,0,3
BRDA:166,10,0,3
BRDA:169,11,0,3
BRDA:177,12,0,1
BRDA:179,13,0,1
BRDA:186,14,0,1
BRDA:188,15,0,1
BRDA:194,16,0,1
BRDA:196,17,0,1
BRDA:203,18,0,1
BRDA:205,19,0,1
BRDA:213,20,0,8
BRDA:215,21,0,8
BRDA:221,22,0,1
BRDA:223,23,0,1
BRDA:229,24,0,15
BRDA:232,25,0,15
BRDA:240,26,0,1
BRDA:241,27,0,1
BRF:28
BRH:28
end_of_record
TN:
SF:src\parser.ts
FN:78,<instance_members_initializer>
FN:86,Parser
FN:93,parse
FN:123,mergeBuffer
FN:156,handlePacket
FN:207,parseReadyForQueryMessage
FN:213,parseCommandCompleteMessage
FN:219,parseCopyData
FN:224,parseCopyInMessage
FN:228,parseCopyOutMessage
FN:232,parseCopyMessage
FN:243,parseNotificationMessage
FN:251,parseRowDescriptionMessage
FN:261,parseField
FN:272,parseParameterDescriptionMessage
FN:282,parseDataRowMessage
FN:294,parseParameterStatusMessage
FN:301,parseBackendKeyData
FN:308,parseAuthenticationResponse
FN:358,parseErrorMessage
FNF:20
FNH:20
FNDA:51,<instance_members_initializer>
FNDA:51,Parser
FNDA:57,parse
FNDA:57,mergeBuffer
FNDA:58,handlePacket
FNDA:8,parseReadyForQueryMessage
FNDA:1,parseCommandCompleteMessage
FNDA:1,parseCopyData
FNDA:2,parseCopyInMessage
FNDA:2,parseCopyOutMessage
FNDA:4,parseCopyMessage
FNDA:1,parseNotificationMessage
FNDA:3,parseRowDescriptionMessage
FNDA:3,parseField
FNDA:3,parseParameterDescriptionMessage
FNDA:15,parseDataRowMessage
FNDA:1,parseParameterStatusMessage
FNDA:1,parseBackendKeyData
FNDA:8,parseAuthenticationResponse
FNDA:3,parseErrorMessage
DA:1,1
DA:2,1
DA:3,1
DA:4,1
DA:5,1
DA:6,1
DA:7,1
DA:8,1
DA:9,1
DA:10,1
DA:11,1
DA:12,1
DA:13,1
DA:14,1
DA:15,1
DA:16,1
DA:17,1
DA:18,1
DA:19,1
DA:20,1
DA:21,1
DA:22,1
DA:23,1
DA:24,1
DA:25,1
DA:26,1
DA:27,1
DA:28,1
DA:29,1
DA:30,1
DA:31,1
DA:32,1
DA:33,1
DA:34,1
DA:35,1
DA:36,1
DA:37,1
DA:38,1
DA:39,1
DA:40,1
DA:41,1
DA:42,1
DA:43,1
DA:44,1
DA:45,1
DA:46,1
DA:47,1
DA:48,1
DA:49,1
DA:50,1
DA:51,1
DA:52,1
DA:53,1
DA:54,1
DA:55,1
DA:56,1
DA:57,1
DA:58,1
DA:59,1
DA:60,1
DA:61,1
DA:62,1
DA:63,1
DA:64,1
DA:65,1
DA:66,1
DA:67,1
DA:68,1
DA:69,1
DA:70,1
DA:71,1
DA:72,1
DA:73,1
DA:74,1
DA:75,1
DA:76,1
DA:77,1
DA:78,51
DA:79,51
DA:80,51
DA:81,51
DA:82,51
DA:83,51
DA:84,51
DA:85,51
DA:86,51
DA:87,51
DA:88,0
DA:89,0
DA:90,51
DA:91,51
DA:92,51
DA:93,51
DA:94,57
DA:95,57
DA:96,57
DA:97,57
DA:98,62
DA:99,62
DA:100,62
DA:101,62
DA:102,62
DA:103,62
DA:104,58
DA:105,58
DA:106,58
DA:107,62
DA:108,4
DA:109,4
DA:110,62
DA:111,57
DA:112,49
DA:113,49
DA:114,49
DA:115,49
DA:116,57
DA:117,8
DA:118,8
DA:119,8
DA:120,8
DA:121,57
DA:122,51
DA:123,51
DA:124,57
DA:125,6
DA:126,6
DA:127,6
DA:128,6
DA:129,6
DA:130,6
DA:131,1
DA:132,1
DA:133,6
DA:134,5
DA:135,5
DA:136,5
DA:137,8
DA:138,8
DA:139,5
DA:140,5
DA:141,6
DA:142,6
DA:143,6
DA:144,6
DA:145,6
DA:146,6
DA:147,6
DA:148,6
DA:149,57
DA:150,51
DA:151,51
DA:152,51
DA:153,51
DA:154,57
DA:155,51
DA:156,51
DA:157,58
DA:158,58
DA:159,2
DA:160,58
DA:161,1
DA:162,58
DA:163,1
DA:164,58
DA:165,1
DA:166,58
DA:167,1
DA:168,58
DA:169,1
DA:170,58
DA:171,1
DA:172,58
DA:173,1
DA:174,58
DA:175,15
DA:176,58
DA:177,1
DA:178,58
DA:179,8
DA:180,58
DA:181,1
DA:182,58
DA:183,8
DA:184,58
DA:185,1
DA:186,58
DA:187,1
DA:188,58
DA:189,2
DA:190,58
DA:191,1
DA:192,58
DA:193,3
DA:194,58
DA:195,3
DA:196,58
DA:197,2
DA:198,58
DA:199,2
DA:200,58
DA:201,1
DA:202,58
DA:203,0
DA:204,58
DA:205,58
DA:206,51
DA:207,51
DA:208,8
DA:209,8
DA:210,8
DA:211,8
DA:212,51
DA:213,51
DA:214,1
DA:215,1
DA:216,1
DA:217,1
DA:218,51
DA:219,51
DA:220,1
DA:221,1
DA:222,1
DA:223,51
DA:224,51
DA:225,2
DA:226,2
DA:227,51
DA:228,51
DA:229,2
DA:230,2
DA:231,51
DA:232,51
DA:233,4
DA:234,4
DA:235,4
DA:236,4
DA:237,4
DA:238,5
DA:239,5
DA:240,4
DA:241,4
DA:242,51
DA:243,51
DA:244,1
DA:245,1
DA:246,1
DA:247,1
DA:248,1
DA:249,1
DA:250,51
DA:251,51
DA:252,3
DA:253,3
DA:254,3
DA:255,3
DA:256,3
DA:257,3
DA:258,3
DA:259,3
DA:260,51
DA:261,51
DA:262,3
DA:263,3
DA:264,3
DA:265,3
DA:266,3
DA:267,3
DA:268,3
DA:269,3
DA:270,3
DA:271,51
DA:272,51
DA:273,3
DA:274,3
DA:275,3
DA:276,3
DA:277,3
DA:278,3
DA:279,3
DA:280,3
DA:281,51
DA:282,51
DA:283,15
DA:284,15
DA:285,15
DA:286,15
DA:287,38
DA:288,38
DA:289,38
DA:290,38
DA:291,15
DA:292,15
DA:293,51
DA:294,51
DA:295,1
DA:296,1
DA:297,1
DA:298,1
DA:299,1
DA:300,51
DA:301,51
DA:302,1
DA:303,1
DA:304,1
DA:305,1
DA:306,1
DA:307,51
DA:308,51
DA:309,8
DA:310,8
DA:311,8
DA:312,8
DA:313,8
DA:314,8
DA:315,8
DA:316,8
DA:317,8
DA:318,8
DA:319,1
DA:320,8
DA:321,1
DA:322,1
DA:323,1
DA:324,1
DA:325,8
DA:326,1
DA:327,1
DA:328,1
DA:329,1
DA:330,1
DA:331,0
DA:332,8
DA:333,1
DA:334,1
DA:335,1
DA:336,1
DA:337,2
DA:338,2
DA:339,2
DA:340,1
DA:341,1
DA:342,1
DA:343,1
DA:344,8
DA:345,2
DA:346,2
DA:347,2
DA:348,8
DA:349,2
DA:350,2
DA:351,2
DA:352,8
DA:353,0
DA:354,8
DA:355,7
DA:356,7
DA:357,51
DA:358,51
DA:359,3
DA:360,3
DA:361,3
DA:362,3
DA:363,14
DA:364,14
DA:365,14
DA:366,3
DA:367,3
DA:368,3
DA:369,3
DA:370,3
DA:371,3
DA:372,3
DA:373,3
DA:374,3
DA:375,3
DA:376,3
DA:377,3
DA:378,3
DA:379,3
DA:380,3
DA:381,3
DA:382,3
DA:383,3
DA:384,3
DA:385,3
DA:386,3
DA:387,3
DA:388,3
DA:389,3
DA:390,51
LF:390
LH:385
BRDA:51,0,0,1
BRDA:78,1,0,51
BRDA:86,2,0,51
BRDA:87,3,0,0
BRDA:87,4,0,0
BRDA:93,5,0,57
BRDA:97,6,0,62
BRDA:103,7,0,58
BRDA:107,8,0,4
BRDA:111,9,0,49
BRDA:116,10,0,8
BRDA:123,11,0,57
BRDA:124,12,0,6
BRDA:130,13,0,1
BRDA:130,14,0,1
BRDA:133,15,0,5
BRDA:136,16,0,8
BRDA:149,17,0,51
BRDA:156,18,0,58
BRDA:158,19,0,2
BRDA:160,20,0,1
BRDA:162,21,0,1
BRDA:164,22,0,1
BRDA:166,23,0,1
BRDA:168,24,0,1
BRDA:170,25,0,1
BRDA:172,26,0,1
BRDA:174,27,0,15
BRDA:176,28,0,1
BRDA:178,29,0,8
BRDA:180,30,0,1
BRDA:182,31,0,8
BRDA:184,32,0,1
BRDA:186,33,0,1
BRDA:188,34,0,2
BRDA:190,35,0,1
BRDA:192,36,0,3
BRDA:194,37,0,3
BRDA:196,38,0,2
BRDA:198,39,0,2
BRDA:200,40,0,1
BRDA:202,41,0,0
BRDA:207,42,0,8
BRDA:213,43,0,1
BRDA:219,44,0,1
BRDA:224,45,0,2
BRDA:228,46,0,2
BRDA:232,47,0,4
BRDA:237,48,0,5
BRDA:243,49,0,1
BRDA:251,50,0,3
BRDA:261,51,0,3
BRDA:268,52,0,0
BRDA:272,53,0,3
BRDA:282,54,0,15
BRDA:286,55,0,38
BRDA:289,56,0,12
BRDA:289,57,0,26
BRDA:294,58,0,1
BRDA:301,59,0,1
BRDA:308,60,0,8
BRDA:318,61,0,1
BRDA:320,62,0,1
BRDA:325,63,0,1
BRDA:331,64,0,0
BRDA:332,65,0,1
BRDA:336,66,0,2
BRDA:339,67,0,1
BRDA:344,68,0,2
BRDA:348,69,0,2
BRDA:352,70,0,0
BRDA:355,71,0,7
BRDA:358,72,0,3
BRDA:362,73,0,14
BRDA:370,74,0,1
BRDA:370,75,0,2
BRF:76
BRH:70
end_of_record
TN:
SF:src\serializer.ts
FN:21,startup
FN:38,requestSsl
FN:45,password
FN:49,sendSASLInitialResponseMessage
FN:56,sendSCRAMClientFinalMessage
FN:60,query
FN:72,parse
FN:123,writeValues
FN:146,bind
FN:174,execute
FN:195,cancel
FN:210,cstringMessage
FN:225,describe
FN:233,close
FN:238,copyData
FN:242,copyFail
FN:246,codeOnlyBuffer
FN:265,flush
FN:266,sync
FN:267,end
FN:269,copyDone
FNF:21
FNH:21
FNDA:1,startup
FNDA:1,requestSsl
FNDA:1,password
FNDA:1,sendSASLInitialResponseMessage
FNDA:1,sendSCRAMClientFinalMessage
FNDA:1,query
FNDA:3,parse
FNDA:4,writeValues
FNDA:4,bind
FNDA:2,execute
FNDA:1,cancel
FNDA:4,cstringMessage
FNDA:2,describe
FNDA:2,close
FNDA:1,copyData
FNDA:1,copyFail
FNDA:8,codeOnlyBuffer
FNDA:1,flush
FNDA:1,sync
FNDA:1,end
FNDA:1,copyDone
DA:1,1
DA:2,1
DA:3,2
DA:4,2
DA:5,2
DA:6,2
DA:7,2
DA:8,2
DA:9,2
DA:10,2
DA:11,2
DA:12,2
DA:13,2
DA:14,2
DA:15,2
DA:16,2
DA:17,2
DA:18,1
DA:19,1
DA:20,1
DA:21,1
DA:22,1
DA:23,1
DA:24,1
DA:25,2
DA:26,2
DA:27,1
DA:28,1
DA:29,1
DA:30,1
DA:31,1
DA:32,1
DA:33,1
DA:34,1
DA:35,1
DA:36,1
DA:37,1
DA:38,1
DA:39,1
DA:40,1
DA:41,1
DA:42,1
DA:43,1
DA:44,1
DA:45,1
DA:46,1
DA:47,1
DA:48,1
DA:49,1
DA:50,1
DA:51,1
DA:52,1
DA:53,1
DA:54,1
DA:55,1
DA:56,1
DA:57,1
DA:58,1
DA:59,1
DA:60,1
DA:61,1
DA:62,1
DA:63,1
DA:64,1
DA:65,1
DA:66,1
DA:67,1
DA:68,1
DA:69,1
DA:70,1
DA:71,1
DA:72,1
DA:73,3
DA:74,3
DA:75,3
DA:76,3
DA:77,3
DA:78,3
DA:79,3
DA:80,3
DA:81,0
DA:82,0
DA:83,0
DA:84,0
DA:85,0
DA:86,0
DA:87,3
DA:88,3
DA:89,3
DA:90,3
DA:91,3
DA:92,3
DA:93,3
DA:94,3
DA:95,3
DA:96,3
DA:97,3
DA:98,4
DA:99,4
DA:100,3
DA:101,3
DA:102,3
DA:103,1
DA:104,1
DA:105,1
DA:106,1
DA:107,1
DA:108,1
DA:109,1
DA:110,1
DA:111,1
DA:112,1
DA:113,1
DA:114,1
DA:115,1
DA:116,1
DA:117,1
DA:118,2
DA:119,2
DA:120,2
DA:121,2
DA:122,1
DA:123,1
DA:124,4
DA:125,12
DA:126,12
DA:127,6
DA:128,6
DA:129,6
DA:130,6
DA:131,6
DA:132,1
DA:133,1
DA:134,1
DA:135,1
DA:136,1
DA:137,6
DA:138,5
DA:139,5
DA:140,5
DA:141,5
DA:142,5
DA:143,12
DA:144,4
DA:145,1
DA:146,1
DA:147,4
DA:148,4
DA:149,4
DA:150,4
DA:151,4
DA:152,4
DA:153,4
DA:154,4
DA:155,4
DA:156,4
DA:157,4
DA:158,4
DA:159,4
DA:160,4
DA:161,4
DA:162,4
DA:163,4
DA:164,4
DA:165,4
DA:166,1
DA:167,1
DA:168,1
DA:169,1
DA:170,1
DA:171,1
DA:172,1
DA:173,1
DA:174,1
DA:175,2
DA:176,2
DA:177,1
DA:178,1
DA:179,1
DA:180,2
DA:181,2
DA:182,2
DA:183,2
DA:184,2
DA:185,2
DA:186,2
DA:187,2
DA:188,2
DA:189,2
DA:190,2
DA:191,2
DA:192,2
DA:193,2
DA:194,1
DA:195,1
DA:196,1
DA:197,1
DA:198,1
DA:199,1
DA:200,1
DA:201,1
DA:202,1
DA:203,1
DA:204,1
DA:205,1
DA:206,1
DA:207,1
DA:208,1
DA:209,1
DA:210,1
DA:211,4
DA:212,4
DA:213,4
DA:214,4
DA:215,4
DA:216,4
DA:217,4
DA:218,4
DA:219,4
DA:220,4
DA:221,1
DA:222,1
DA:223,1
DA:224,1
DA:225,1
DA:226,2
DA:227,2
DA:228,2
DA:229,1
DA:230,2
DA:231,2
DA:232,1
DA:233,1
DA:234,2
DA:235,2
DA:236,2
DA:237,1
DA:238,1
DA:239,1
DA:240,1
DA:241,1
DA:242,1
DA:243,1
DA:244,1
DA:245,1
DA:246,1
DA:247,1
DA:248,1
DA:249,1
DA:250,1
DA:251,1
DA:252,1
DA:253,1
DA:254,1
DA:255,1
DA:256,1
DA:257,1
DA:258,1
DA:259,1
DA:260,1
DA:261,1
DA:262,1
DA:263,1
DA:264,1
DA:265,1
DA:266,1
DA:267,1
DA:268,1
DA:269,1
DA:270,1
DA:271,1
DA:272,1
DA:273,1
DA:274,1
LF:274
LH:268
BRDA:3,0,0,2
BRDA:21,1,0,1
BRDA:24,2,0,2
BRDA:38,3,0,1
BRDA:45,4,0,1
BRDA:49,5,0,1
BRDA:56,6,0,1
BRDA:60,7,0,1
BRDA:72,8,0,3
BRDA:79,9,0,1
BRDA:80,10,0,0
BRDA:88,11,0,1
BRDA:97,12,0,4
BRDA:118,13,0,2
BRDA:123,14,0,4
BRDA:124,15,0,12
BRDA:125,16,0,4
BRDA:125,17,0,8
BRDA:126,18,0,6
BRDA:131,19,0,1
BRDA:137,20,0,5
BRDA:146,21,0,4
BRDA:148,22,0,1
BRDA:149,23,0,1
BRDA:151,24,0,1
BRDA:163,25,0,0
BRDA:174,26,0,2
BRDA:176,27,0,1
BRDA:176,28,0,0
BRDA:176,29,0,1
BRDA:180,30,0,0
BRDA:181,31,0,0
BRDA:195,32,0,1
BRDA:210,33,0,4
BRDA:225,34,0,2
BRDA:227,35,0,1
BRDA:227,36,0,0
BRDA:228,37,0,1
BRDA:230,38,0,0
BRDA:233,39,0,2
BRDA:234,40,0,1
BRDA:238,41,0,1
BRDA:242,42,0,1
BRDA:246,43,0,8
BRDA:265,44,0,1
BRDA:266,45,0,1
BRDA:267,46,0,1
BRDA:269,47,0,1
BRF:48
BRH:41
end_of_record
